3.5866 	DEBUG 	Fullscreen settings ignored as running in pilot mode.
3.5874 	INFO 	Loaded monitor calibration from ['2025_08_10 19:43']
3.7545 	EXP 	Created window1 = Window(allowGUI=False, allowStencil=False, autoLog=True, backendConf=UNKNOWN, backgroundFit=<method-wrapper '__getattribute__' of attributeSetter object at 0x000001E15655B070>, backgroundImage=<method-wrapper '__getattribute__' of attributeSetter object at 0x000001E15655B0D0>, bitsMode=UNKNOWN, blendMode='avg', bpc=(8, 8, 8), color=array([0, 0, 0]), colorSpace='rgb', depthBits=8, fullscr=False, gamma=None, gammaErrorPolicy='raise', infoMsg=UNKNOWN, lms=UNKNOWN, monitor=<psychopy.monitors.calibTools.Monitor object at 0x000001E160B86A40>, multiSample=False, name='window1', numSamples=2, pos=[560.0, 240.0], screen=0, size=array([800, 600]), stencilBits=0, stereo=False, title='PsychoPy', units='height', useFBO=True, useRetina=False, viewOri=0.0, viewPos=None, viewScale=None, waitBlanking=True, winType='pyglet')
3.7546 	EXP 	window1: backgroundImage = ''
3.7546 	EXP 	window1: backgroundFit = 'none'
3.7598 	DEBUG 	TextBox2 loaded 1 chars with 0 blanks and 1 valid
3.7604 	DEBUG 	TextBox2 loaded 1 chars with 0 blanks and 1 valid
3.7610 	DEBUG 	TextBox2 loaded 1 chars with 0 blanks and 1 valid
3.7617 	DEBUG 	TextBox2 loaded 1 chars with 0 blanks and 1 valid
3.7623 	DEBUG 	TextBox2 loaded 1 chars with 0 blanks and 1 valid
3.7626 	DEBUG 	TextBox2 loaded 1 chars with 0 blanks and 1 valid
3.7631 	DEBUG 	TextBox2 loaded 1 chars with 0 blanks and 1 valid
3.7638 	DEBUG 	TextBox2 loaded 1 chars with 0 blanks and 1 valid
3.7642 	DEBUG 	TextBox2 loaded 1 chars with 0 blanks and 1 valid
3.7645 	DEBUG 	TextBox2 loaded 1 chars with 0 blanks and 1 valid
3.7651 	DEBUG 	TextBox2 loaded 1 chars with 0 blanks and 1 valid
3.7656 	DEBUG 	TextBox2 loaded 1 chars with 0 blanks and 1 valid
3.7662 	DEBUG 	TextBox2 loaded 1 chars with 0 blanks and 1 valid
3.7668 	DEBUG 	TextBox2 loaded 1 chars with 0 blanks and 1 valid
3.7672 	DEBUG 	TextBox2 loaded 1 chars with 0 blanks and 1 valid
3.7678 	DEBUG 	TextBox2 loaded 1 chars with 0 blanks and 1 valid
3.7683 	DEBUG 	TextBox2 loaded 1 chars with 0 blanks and 1 valid
3.7686 	DEBUG 	TextBox2 loaded 1 chars with 0 blanks and 1 valid
3.7689 	DEBUG 	TextBox2 loaded 1 chars with 0 blanks and 1 valid
3.7696 	DEBUG 	TextBox2 loaded 1 chars with 0 blanks and 1 valid
3.7699 	DEBUG 	TextBox2 loaded 1 chars with 0 blanks and 1 valid
3.7702 	DEBUG 	Uploading Texture Font fontname to graphics card
3.7740 	DEBUG 	Upload of Texture Font fontname complete
3.7783 	DEBUG 	TextBox2 loaded 1 chars with 0 blanks and 1 valid
3.7790 	DEBUG 	TextBox2 loaded 1 chars with 0 blanks and 1 valid
3.7796 	DEBUG 	TextBox2 loaded 1 chars with 0 blanks and 1 valid
3.7799 	DEBUG 	Uploading Texture Font fontname to graphics card
3.7824 	DEBUG 	Upload of Texture Font fontname complete
3.7840 	EXP 	window1: Attempting to measure frame rate of screen (0) ...
3.7840 	EXP 	window1: recordFrameIntervals = False
3.9528 	EXP 	window1: recordFrameIntervals = True
4.2836 	EXP 	Screen (0) actual frame rate measured at 59.90Hz
4.2836 	EXP 	window1: recordFrameIntervals = False
4.2874 	DEBUG 	TextBox2 loaded 1 chars with 0 blanks and 1 valid
4.2878 	DEBUG 	TextBox2 loaded 1 chars with 0 blanks and 1 valid
4.2884 	DEBUG 	TextBox2 loaded 1 chars with 0 blanks and 1 valid
4.2891 	DEBUG 	TextBox2 loaded 1 chars with 0 blanks and 1 valid
4.2899 	DEBUG 	TextBox2 loaded 1 chars with 0 blanks and 1 valid
4.2906 	DEBUG 	TextBox2 loaded 1 chars with 0 blanks and 1 valid
4.2909 	DEBUG 	TextBox2 loaded 1 chars with 0 blanks and 1 valid
4.2915 	DEBUG 	TextBox2 loaded 1 chars with 0 blanks and 1 valid
4.2922 	DEBUG 	TextBox2 loaded 1 chars with 0 blanks and 1 valid
4.2928 	DEBUG 	TextBox2 loaded 1 chars with 0 blanks and 1 valid
4.2930 	DEBUG 	Uploading Texture Font fontname to graphics card
4.2936 	DEBUG 	Upload of Texture Font fontname complete
4.3013 	WARNING 	launchHubServer: If using the iohub mouse or eyetracker devices, fullScr should be True.
6.0607 	INFO 	keyboard.Keyboard is using iohub backend.
6.0607 	INFO 	keyboard.Keyboard is using iohub backend.
6.0607 	INFO 	keyboard.Keyboard is using iohub backend.
6.0608 	INFO 	keyboard.Keyboard is using iohub backend.
6.0608 	EXP 	prelearned_chunks: status = STARTED
6.1147 	EXP 	Created textWelcome = TextStim(__class__=<class 'psychopy.visual.text.TextStim'>, alignHoriz=method-wrapper(...), alignText='center', alignVert=method-wrapper(...), anchorHoriz='center', anchorVert='center', antialias=True, autoDraw=False, autoLog=True, bold=False, color=array([1., 1., 1.]), colorSpace='rgb', contrast=1.0, depth=0.0, draggable=False, flipHoriz=False, flipVert=False, font='Arial', fontFiles=[], height=0.05, italic=False, languageStyle='LTR', name='textWelcome', opacity=1, ori=0.0, pos=array([0., 0.]), rgb=UNKNOWN, text='Welcome!\nPress space plis.', units='height', win=Window(...), wrapWidth=1)
6.1167 	EXP 	Created textCross = TextStim(__class__=<class 'psychopy.visual.text.TextStim'>, alignHoriz=method-wrapper(...), alignText='center', alignVert=method-wrapper(...), anchorHoriz='center', anchorVert='center', antialias=True, autoDraw=False, autoLog=True, bold=False, color=array([1., 1., 1.]), colorSpace='rgb', contrast=1.0, depth=0.0, draggable=False, flipHoriz=False, flipVert=False, font='Arial', fontFiles=[], height=0.05, italic=False, languageStyle='LTR', name='textCross', opacity=1, ori=0.0, pos=array([0., 0.]), rgb=UNKNOWN, text='+', units='height', win=Window(...), wrapWidth=1)
6.1196 	EXP 	Created textThanks = TextStim(__class__=<class 'psychopy.visual.text.TextStim'>, alignHoriz=method-wrapper(...), alignText='center', alignVert=method-wrapper(...), anchorHoriz='center', anchorVert='center', antialias=True, autoDraw=False, autoLog=True, bold=False, color=array([1., 1., 1.]), colorSpace='rgb', contrast=1.0, depth=0.0, draggable=False, flipHoriz=False, flipVert=False, font='Arial', fontFiles=[], height=0.05, italic=False, languageStyle='LTR', name='textThanks', opacity=1, ori=0.0, pos=array([0., 0.]), rgb=UNKNOWN, text='Thanks!\nPress space plis.', units='height', win=Window(...), wrapWidth=1)
0.0292 	INFO 	Keyboard events cleared
0.0290 	EXP 	textWelcome: autoDraw = True
1.1286 	DEBUG 	Read excel file with openpyxl: config/config.xlsx
1.1611 	EXP 	Imported config/config.xlsx as conditions, 160 conditions, 26 params
1.1627 	EXP 	New trial (rep=0, index=0): <Trial 0 (0 in rep 0) data={'trialType': 'random', 'letter1': 'M', 'type_letter1': 'italic', 'letter2': 'T', 'type_letter2': 'italic', 'letter3': 'E', 'type_letter3': 'bold', 'letter4': 'F', 'type_letter4': 'italic', 'letter5': 'A', 'type_letter5': 'bold', 'letter6': 'W', 'type_letter6': 'italic', 'letter7': 'I', 'type_letter7': 'bold', 'letter8': 'Y', 'type_letter8': 'bold', 'starPosition': 5.0, 'letterTarget': 'A', 'TypeTarget': 'bold', 'letterFoil1': 'A', 'typeFoil1': 'italic', 'letterFoil2': 'U', 'typeFoil2': 'bold', 'letterFoil3': 'U', 'typeFoil3': 'italic', 'thisN': 0, 'thisTrialN': 0, 'thisRepN': 0}>
1.1649 	DATA 	Keypress: space
1.1768 	EXP 	textWelcome: autoDraw = False
1.1768 	EXP 	textCross: autoDraw = True
2.1098 	EXP 	Created unnamed TextStim = TextStim(__class__=<class 'psychopy.visual.text.TextStim'>, alignHoriz=method-wrapper(...), alignText='center', alignVert=method-wrapper(...), anchorHoriz='center', anchorVert='center', antialias=True, autoDraw=False, autoLog=True, bold=False, color=array([1., 1., 1.]), colorSpace='rgb', contrast=1.0, depth=0, draggable=False, flipHoriz=False, flipVert=False, font='', fontFiles=[], height=0.1, italic=False, languageStyle='LTR', name='unnamed TextStim', opacity=1.0, ori=0.0, pos=array([0. , 0.3]), rgb=UNKNOWN, text='M', units='height', win=Window(...), wrapWidth=1)
2.1149 	EXP 	Created unnamed TextStim = TextStim(__class__=<class 'psychopy.visual.text.TextStim'>, alignHoriz=method-wrapper(...), alignText='center', alignVert=method-wrapper(...), anchorHoriz='center', anchorVert='center', antialias=True, autoDraw=False, autoLog=True, bold=False, color=array([1., 1., 1.]), colorSpace='rgb', contrast=1.0, depth=0, draggable=False, flipHoriz=False, flipVert=False, font='', fontFiles=[], height=0.1, italic=False, languageStyle='LTR', name='unnamed TextStim', opacity=1.0, ori=0.0, pos=array([0.1, 0.3]), rgb=UNKNOWN, text='T', units='height', win=Window(...), wrapWidth=1)
2.1197 	EXP 	Created unnamed TextStim = TextStim(__class__=<class 'psychopy.visual.text.TextStim'>, alignHoriz=method-wrapper(...), alignText='center', alignVert=method-wrapper(...), anchorHoriz='center', anchorVert='center', antialias=True, autoDraw=False, autoLog=True, bold=False, color=array([1., 1., 1.]), colorSpace='rgb', contrast=1.0, depth=0, draggable=False, flipHoriz=False, flipVert=False, font='', fontFiles=[], height=0.1, italic=False, languageStyle='LTR', name='unnamed TextStim', opacity=1.0, ori=0.0, pos=array([0.3, 0. ]), rgb=UNKNOWN, text='E', units='height', win=Window(...), wrapWidth=1)
2.1240 	EXP 	Created unnamed TextStim = TextStim(__class__=<class 'psychopy.visual.text.TextStim'>, alignHoriz=method-wrapper(...), alignText='center', alignVert=method-wrapper(...), anchorHoriz='center', anchorVert='center', antialias=True, autoDraw=False, autoLog=True, bold=False, color=array([1., 1., 1.]), colorSpace='rgb', contrast=1.0, depth=0, draggable=False, flipHoriz=False, flipVert=False, font='', fontFiles=[], height=0.1, italic=False, languageStyle='LTR', name='unnamed TextStim', opacity=1.0, ori=0.0, pos=array([0.4, 0. ]), rgb=UNKNOWN, text='F', units='height', win=Window(...), wrapWidth=1)
2.1280 	EXP 	Created unnamed TextStim = TextStim(__class__=<class 'psychopy.visual.text.TextStim'>, alignHoriz=method-wrapper(...), alignText='center', alignVert=method-wrapper(...), anchorHoriz='center', anchorVert='center', antialias=True, autoDraw=False, autoLog=True, bold=False, color=array([1., 1., 1.]), colorSpace='rgb', contrast=1.0, depth=0, draggable=False, flipHoriz=False, flipVert=False, font='', fontFiles=[], height=0.1, italic=False, languageStyle='LTR', name='unnamed TextStim', opacity=1.0, ori=0.0, pos=array([ 0. , -0.3]), rgb=UNKNOWN, text='A', units='height', win=Window(...), wrapWidth=1)
2.1306 	EXP 	Created unnamed TextStim = TextStim(__class__=<class 'psychopy.visual.text.TextStim'>, alignHoriz=method-wrapper(...), alignText='center', alignVert=method-wrapper(...), anchorHoriz='center', anchorVert='center', antialias=True, autoDraw=False, autoLog=True, bold=False, color=array([1., 1., 1.]), colorSpace='rgb', contrast=1.0, depth=0, draggable=False, flipHoriz=False, flipVert=False, font='', fontFiles=[], height=0.1, italic=False, languageStyle='LTR', name='unnamed TextStim', opacity=1.0, ori=0.0, pos=array([ 0.1, -0.3]), rgb=UNKNOWN, text='W', units='height', win=Window(...), wrapWidth=1)
2.1327 	EXP 	Created unnamed TextStim = TextStim(__class__=<class 'psychopy.visual.text.TextStim'>, alignHoriz=method-wrapper(...), alignText='center', alignVert=method-wrapper(...), anchorHoriz='center', anchorVert='center', antialias=True, autoDraw=False, autoLog=True, bold=False, color=array([1., 1., 1.]), colorSpace='rgb', contrast=1.0, depth=0, draggable=False, flipHoriz=False, flipVert=False, font='', fontFiles=[], height=0.1, italic=False, languageStyle='LTR', name='unnamed TextStim', opacity=1.0, ori=0.0, pos=array([-0.3,  0. ]), rgb=UNKNOWN, text='I', units='height', win=Window(...), wrapWidth=1)
2.1346 	EXP 	Created unnamed TextStim = TextStim(__class__=<class 'psychopy.visual.text.TextStim'>, alignHoriz=method-wrapper(...), alignText='center', alignVert=method-wrapper(...), anchorHoriz='center', anchorVert='center', antialias=True, autoDraw=False, autoLog=True, bold=False, color=array([1., 1., 1.]), colorSpace='rgb', contrast=1.0, depth=0, draggable=False, flipHoriz=False, flipVert=False, font='', fontFiles=[], height=0.1, italic=False, languageStyle='LTR', name='unnamed TextStim', opacity=1.0, ori=0.0, pos=array([-0.2,  0. ]), rgb=UNKNOWN, text='Y', units='height', win=Window(...), wrapWidth=1)
2.1428 	INFO 	Keyboard events cleared
2.1425 	EXP 	textCross: autoDraw = False
5.6267 	EXP 	New trial (rep=0, index=1): <Trial 1 (1 in rep 0) data={'trialType': 'random', 'letter1': 'W', 'type_letter1': 'italic', 'letter2': 'M', 'type_letter2': 'bold', 'letter3': 'A', 'type_letter3': 'bold', 'letter4': 'E', 'type_letter4': 'bold', 'letter5': 'Y', 'type_letter5': 'bold', 'letter6': 'P', 'type_letter6': 'italic', 'letter7': 'T', 'type_letter7': 'bold', 'letter8': 'I', 'type_letter8': 'italic', 'starPosition': 1.0, 'letterTarget': 'W', 'TypeTarget': 'italic', 'letterFoil1': 'W', 'typeFoil1': 'bold', 'letterFoil2': 'S', 'typeFoil2': 'italic', 'letterFoil3': 'S', 'typeFoil3': 'bold', 'thisN': 1, 'thisTrialN': 1, 'thisRepN': 0}>
5.6272 	DATA 	Keypress: space
5.6404 	EXP 	textCross: autoDraw = True
6.6294 	EXP 	Created unnamed TextStim = TextStim(__class__=<class 'psychopy.visual.text.TextStim'>, alignHoriz=method-wrapper(...), alignText='center', alignVert=method-wrapper(...), anchorHoriz='center', anchorVert='center', antialias=True, autoDraw=False, autoLog=True, bold=False, color=array([1., 1., 1.]), colorSpace='rgb', contrast=1.0, depth=0, draggable=False, flipHoriz=False, flipVert=False, font='', fontFiles=[], height=0.1, italic=False, languageStyle='LTR', name='unnamed TextStim', opacity=1.0, ori=0.0, pos=array([0. , 0.3]), rgb=UNKNOWN, text='W', units='height', win=Window(...), wrapWidth=1)
6.6309 	EXP 	Created unnamed TextStim = TextStim(__class__=<class 'psychopy.visual.text.TextStim'>, alignHoriz=method-wrapper(...), alignText='center', alignVert=method-wrapper(...), anchorHoriz='center', anchorVert='center', antialias=True, autoDraw=False, autoLog=True, bold=False, color=array([1., 1., 1.]), colorSpace='rgb', contrast=1.0, depth=0, draggable=False, flipHoriz=False, flipVert=False, font='', fontFiles=[], height=0.1, italic=False, languageStyle='LTR', name='unnamed TextStim', opacity=1.0, ori=0.0, pos=array([0.1, 0.3]), rgb=UNKNOWN, text='M', units='height', win=Window(...), wrapWidth=1)
6.6321 	EXP 	Created unnamed TextStim = TextStim(__class__=<class 'psychopy.visual.text.TextStim'>, alignHoriz=method-wrapper(...), alignText='center', alignVert=method-wrapper(...), anchorHoriz='center', anchorVert='center', antialias=True, autoDraw=False, autoLog=True, bold=False, color=array([1., 1., 1.]), colorSpace='rgb', contrast=1.0, depth=0, draggable=False, flipHoriz=False, flipVert=False, font='', fontFiles=[], height=0.1, italic=False, languageStyle='LTR', name='unnamed TextStim', opacity=1.0, ori=0.0, pos=array([0.3, 0. ]), rgb=UNKNOWN, text='A', units='height', win=Window(...), wrapWidth=1)
6.6331 	EXP 	Created unnamed TextStim = TextStim(__class__=<class 'psychopy.visual.text.TextStim'>, alignHoriz=method-wrapper(...), alignText='center', alignVert=method-wrapper(...), anchorHoriz='center', anchorVert='center', antialias=True, autoDraw=False, autoLog=True, bold=False, color=array([1., 1., 1.]), colorSpace='rgb', contrast=1.0, depth=0, draggable=False, flipHoriz=False, flipVert=False, font='', fontFiles=[], height=0.1, italic=False, languageStyle='LTR', name='unnamed TextStim', opacity=1.0, ori=0.0, pos=array([0.4, 0. ]), rgb=UNKNOWN, text='E', units='height', win=Window(...), wrapWidth=1)
6.6341 	EXP 	Created unnamed TextStim = TextStim(__class__=<class 'psychopy.visual.text.TextStim'>, alignHoriz=method-wrapper(...), alignText='center', alignVert=method-wrapper(...), anchorHoriz='center', anchorVert='center', antialias=True, autoDraw=False, autoLog=True, bold=False, color=array([1., 1., 1.]), colorSpace='rgb', contrast=1.0, depth=0, draggable=False, flipHoriz=False, flipVert=False, font='', fontFiles=[], height=0.1, italic=False, languageStyle='LTR', name='unnamed TextStim', opacity=1.0, ori=0.0, pos=array([ 0. , -0.3]), rgb=UNKNOWN, text='Y', units='height', win=Window(...), wrapWidth=1)
6.6359 	EXP 	Created unnamed TextStim = TextStim(__class__=<class 'psychopy.visual.text.TextStim'>, alignHoriz=method-wrapper(...), alignText='center', alignVert=method-wrapper(...), anchorHoriz='center', anchorVert='center', antialias=True, autoDraw=False, autoLog=True, bold=False, color=array([1., 1., 1.]), colorSpace='rgb', contrast=1.0, depth=0, draggable=False, flipHoriz=False, flipVert=False, font='', fontFiles=[], height=0.1, italic=False, languageStyle='LTR', name='unnamed TextStim', opacity=1.0, ori=0.0, pos=array([ 0.1, -0.3]), rgb=UNKNOWN, text='P', units='height', win=Window(...), wrapWidth=1)
6.6370 	EXP 	Created unnamed TextStim = TextStim(__class__=<class 'psychopy.visual.text.TextStim'>, alignHoriz=method-wrapper(...), alignText='center', alignVert=method-wrapper(...), anchorHoriz='center', anchorVert='center', antialias=True, autoDraw=False, autoLog=True, bold=False, color=array([1., 1., 1.]), colorSpace='rgb', contrast=1.0, depth=0, draggable=False, flipHoriz=False, flipVert=False, font='', fontFiles=[], height=0.1, italic=False, languageStyle='LTR', name='unnamed TextStim', opacity=1.0, ori=0.0, pos=array([-0.3,  0. ]), rgb=UNKNOWN, text='T', units='height', win=Window(...), wrapWidth=1)
6.6381 	EXP 	Created unnamed TextStim = TextStim(__class__=<class 'psychopy.visual.text.TextStim'>, alignHoriz=method-wrapper(...), alignText='center', alignVert=method-wrapper(...), anchorHoriz='center', anchorVert='center', antialias=True, autoDraw=False, autoLog=True, bold=False, color=array([1., 1., 1.]), colorSpace='rgb', contrast=1.0, depth=0, draggable=False, flipHoriz=False, flipVert=False, font='', fontFiles=[], height=0.1, italic=False, languageStyle='LTR', name='unnamed TextStim', opacity=1.0, ori=0.0, pos=array([-0.2,  0. ]), rgb=UNKNOWN, text='I', units='height', win=Window(...), wrapWidth=1)
6.6563 	INFO 	Keyboard events cleared
6.6558 	EXP 	textCross: autoDraw = False
8.5468 	EXP 	New trial (rep=0, index=2): <Trial 2 (2 in rep 0) data={'trialType': 'chunk', 'letter1': 'I', 'type_letter1': 'bold', 'letter2': 'F', 'type_letter2': 'bold', 'letter3': 'U', 'type_letter3': 'italic', 'letter4': 'P', 'type_letter4': 'italic', 'letter5': 'W', 'type_letter5': 'bold', 'letter6': 'E', 'type_letter6': 'bold', 'letter7': 'A', 'type_letter7': 'bold', 'letter8': 'S', 'type_letter8': 'italic', 'starPosition': 1.0, 'letterTarget': 'I', 'TypeTarget': 'bold', 'letterFoil1': 'I', 'typeFoil1': 'italic', 'letterFoil2': 'T', 'typeFoil2': 'bold', 'letterFoil3': 'T', 'typeFoil3': 'italic', 'thisN': 2, 'thisTrialN': 2, 'thisRepN': 0}>
8.5479 	DATA 	Keypress: space
8.5550 	EXP 	textCross: autoDraw = True
9.5461 	EXP 	Created unnamed TextStim = TextStim(__class__=<class 'psychopy.visual.text.TextStim'>, alignHoriz=method-wrapper(...), alignText='center', alignVert=method-wrapper(...), anchorHoriz='center', anchorVert='center', antialias=True, autoDraw=False, autoLog=True, bold=False, color=array([1., 1., 1.]), colorSpace='rgb', contrast=1.0, depth=0, draggable=False, flipHoriz=False, flipVert=False, font='', fontFiles=[], height=0.1, italic=False, languageStyle='LTR', name='unnamed TextStim', opacity=1.0, ori=0.0, pos=array([0. , 0.3]), rgb=UNKNOWN, text='I', units='height', win=Window(...), wrapWidth=1)
9.5479 	EXP 	Created unnamed TextStim = TextStim(__class__=<class 'psychopy.visual.text.TextStim'>, alignHoriz=method-wrapper(...), alignText='center', alignVert=method-wrapper(...), anchorHoriz='center', anchorVert='center', antialias=True, autoDraw=False, autoLog=True, bold=False, color=array([1., 1., 1.]), colorSpace='rgb', contrast=1.0, depth=0, draggable=False, flipHoriz=False, flipVert=False, font='', fontFiles=[], height=0.1, italic=False, languageStyle='LTR', name='unnamed TextStim', opacity=1.0, ori=0.0, pos=array([0.1, 0.3]), rgb=UNKNOWN, text='F', units='height', win=Window(...), wrapWidth=1)
9.5506 	EXP 	Created unnamed TextStim = TextStim(__class__=<class 'psychopy.visual.text.TextStim'>, alignHoriz=method-wrapper(...), alignText='center', alignVert=method-wrapper(...), anchorHoriz='center', anchorVert='center', antialias=True, autoDraw=False, autoLog=True, bold=False, color=array([1., 1., 1.]), colorSpace='rgb', contrast=1.0, depth=0, draggable=False, flipHoriz=False, flipVert=False, font='', fontFiles=[], height=0.1, italic=False, languageStyle='LTR', name='unnamed TextStim', opacity=1.0, ori=0.0, pos=array([0.3, 0. ]), rgb=UNKNOWN, text='U', units='height', win=Window(...), wrapWidth=1)
9.5516 	EXP 	Created unnamed TextStim = TextStim(__class__=<class 'psychopy.visual.text.TextStim'>, alignHoriz=method-wrapper(...), alignText='center', alignVert=method-wrapper(...), anchorHoriz='center', anchorVert='center', antialias=True, autoDraw=False, autoLog=True, bold=False, color=array([1., 1., 1.]), colorSpace='rgb', contrast=1.0, depth=0, draggable=False, flipHoriz=False, flipVert=False, font='', fontFiles=[], height=0.1, italic=False, languageStyle='LTR', name='unnamed TextStim', opacity=1.0, ori=0.0, pos=array([0.4, 0. ]), rgb=UNKNOWN, text='P', units='height', win=Window(...), wrapWidth=1)
9.5528 	EXP 	Created unnamed TextStim = TextStim(__class__=<class 'psychopy.visual.text.TextStim'>, alignHoriz=method-wrapper(...), alignText='center', alignVert=method-wrapper(...), anchorHoriz='center', anchorVert='center', antialias=True, autoDraw=False, autoLog=True, bold=False, color=array([1., 1., 1.]), colorSpace='rgb', contrast=1.0, depth=0, draggable=False, flipHoriz=False, flipVert=False, font='', fontFiles=[], height=0.1, italic=False, languageStyle='LTR', name='unnamed TextStim', opacity=1.0, ori=0.0, pos=array([ 0. , -0.3]), rgb=UNKNOWN, text='W', units='height', win=Window(...), wrapWidth=1)
9.5541 	EXP 	Created unnamed TextStim = TextStim(__class__=<class 'psychopy.visual.text.TextStim'>, alignHoriz=method-wrapper(...), alignText='center', alignVert=method-wrapper(...), anchorHoriz='center', anchorVert='center', antialias=True, autoDraw=False, autoLog=True, bold=False, color=array([1., 1., 1.]), colorSpace='rgb', contrast=1.0, depth=0, draggable=False, flipHoriz=False, flipVert=False, font='', fontFiles=[], height=0.1, italic=False, languageStyle='LTR', name='unnamed TextStim', opacity=1.0, ori=0.0, pos=array([ 0.1, -0.3]), rgb=UNKNOWN, text='E', units='height', win=Window(...), wrapWidth=1)
9.5555 	EXP 	Created unnamed TextStim = TextStim(__class__=<class 'psychopy.visual.text.TextStim'>, alignHoriz=method-wrapper(...), alignText='center', alignVert=method-wrapper(...), anchorHoriz='center', anchorVert='center', antialias=True, autoDraw=False, autoLog=True, bold=False, color=array([1., 1., 1.]), colorSpace='rgb', contrast=1.0, depth=0, draggable=False, flipHoriz=False, flipVert=False, font='', fontFiles=[], height=0.1, italic=False, languageStyle='LTR', name='unnamed TextStim', opacity=1.0, ori=0.0, pos=array([-0.3,  0. ]), rgb=UNKNOWN, text='A', units='height', win=Window(...), wrapWidth=1)
9.5582 	EXP 	Created unnamed TextStim = TextStim(__class__=<class 'psychopy.visual.text.TextStim'>, alignHoriz=method-wrapper(...), alignText='center', alignVert=method-wrapper(...), anchorHoriz='center', anchorVert='center', antialias=True, autoDraw=False, autoLog=True, bold=False, color=array([1., 1., 1.]), colorSpace='rgb', contrast=1.0, depth=0, draggable=False, flipHoriz=False, flipVert=False, font='', fontFiles=[], height=0.1, italic=False, languageStyle='LTR', name='unnamed TextStim', opacity=1.0, ori=0.0, pos=array([-0.2,  0. ]), rgb=UNKNOWN, text='S', units='height', win=Window(...), wrapWidth=1)
9.5702 	INFO 	Keyboard events cleared
9.5699 	EXP 	textCross: autoDraw = False
9.5699 	EXP 	textCross: autoDraw = False
11.4926 	DATA 	Keypress: escape
11.6279 	EXP 	prelearned_chunks: status = STOPPED
11.6407 	EXP 	prelearned_chunks: status = STOPPED
11.6463 	INFO 	saved data to 'C:\\Users\\italo\\OneDrive\\Documents\\PUCP\\Seminario\\proyecto\\psychopy\\data/182396_prelearned_chunks_2025-08-15_17h31.15.182.csv'
11.6485 	INFO 	saved data to C:\Users\italo\OneDrive\Documents\PUCP\Seminario\proyecto\psychopy\data/182396_prelearned_chunks_2025-08-15_17h31.15.182.psydat
11.8719 	DEBUG 	Saving data for prelearned_chunks ExperimentHandler
