4.7355 	DEBUG 	Fullscreen settings ignored as running in pilot mode.
4.7363 	INFO 	Loaded monitor calibration from ['2025_08_10 19:43']
4.9445 	EXP 	Created window1 = Window(allowGUI=False, allowStencil=False, autoLog=True, backendConf=UNKNOWN, backgroundFit=<method-wrapper '__getattribute__' of attributeSetter object at 0x000001910FBFDBA0>, backgroundImage=<method-wrapper '__getattribute__' of attributeSetter object at 0x000001910FBFD3F0>, bitsMode=UNKNOWN, blendMode='avg', bpc=(8, 8, 8), color=array([0, 0, 0]), colorSpace='rgb', depthBits=8, fullscr=False, gamma=None, gammaErrorPolicy='raise', infoMsg=UNKNOWN, lms=UNKNOWN, monitor=<psychopy.monitors.calibTools.Monitor object at 0x000001911A3CA050>, multiSample=False, name='window1', numSamples=2, pos=[560.0, 240.0], screen=0, size=array([800, 600]), stencilBits=0, stereo=False, title='PsychoPy', units='height', useFBO=True, useRetina=False, viewOri=0.0, viewPos=None, viewScale=None, waitBlanking=True, winType='pyglet')
4.9446 	EXP 	window1: backgroundImage = ''
4.9446 	EXP 	window1: backgroundFit = 'none'
4.9512 	DEBUG 	TextBox2 loaded 1 chars with 0 blanks and 1 valid
4.9519 	DEBUG 	TextBox2 loaded 1 chars with 0 blanks and 1 valid
4.9526 	DEBUG 	TextBox2 loaded 1 chars with 0 blanks and 1 valid
4.9534 	DEBUG 	TextBox2 loaded 1 chars with 0 blanks and 1 valid
4.9542 	DEBUG 	TextBox2 loaded 1 chars with 0 blanks and 1 valid
4.9547 	DEBUG 	TextBox2 loaded 1 chars with 0 blanks and 1 valid
4.9553 	DEBUG 	TextBox2 loaded 1 chars with 0 blanks and 1 valid
4.9561 	DEBUG 	TextBox2 loaded 1 chars with 0 blanks and 1 valid
4.9564 	DEBUG 	TextBox2 loaded 1 chars with 0 blanks and 1 valid
4.9567 	DEBUG 	TextBox2 loaded 1 chars with 0 blanks and 1 valid
4.9574 	DEBUG 	TextBox2 loaded 1 chars with 0 blanks and 1 valid
4.9581 	DEBUG 	TextBox2 loaded 1 chars with 0 blanks and 1 valid
4.9586 	DEBUG 	TextBox2 loaded 1 chars with 0 blanks and 1 valid
4.9593 	DEBUG 	TextBox2 loaded 1 chars with 0 blanks and 1 valid
4.9598 	DEBUG 	TextBox2 loaded 1 chars with 0 blanks and 1 valid
4.9605 	DEBUG 	TextBox2 loaded 1 chars with 0 blanks and 1 valid
4.9611 	DEBUG 	TextBox2 loaded 1 chars with 0 blanks and 1 valid
4.9615 	DEBUG 	TextBox2 loaded 1 chars with 0 blanks and 1 valid
4.9619 	DEBUG 	TextBox2 loaded 1 chars with 0 blanks and 1 valid
4.9627 	DEBUG 	TextBox2 loaded 1 chars with 0 blanks and 1 valid
4.9631 	DEBUG 	TextBox2 loaded 1 chars with 0 blanks and 1 valid
4.9634 	DEBUG 	Uploading Texture Font fontname to graphics card
4.9750 	DEBUG 	Upload of Texture Font fontname complete
4.9806 	DEBUG 	TextBox2 loaded 1 chars with 0 blanks and 1 valid
4.9815 	DEBUG 	TextBox2 loaded 1 chars with 0 blanks and 1 valid
4.9823 	DEBUG 	TextBox2 loaded 1 chars with 0 blanks and 1 valid
4.9825 	DEBUG 	Uploading Texture Font fontname to graphics card
4.9962 	DEBUG 	Upload of Texture Font fontname complete
4.9979 	EXP 	window1: Attempting to measure frame rate of screen (0) ...
4.9979 	EXP 	window1: recordFrameIntervals = False
5.1704 	EXP 	window1: recordFrameIntervals = True
5.3546 	EXP 	Screen (0) actual frame rate measured at 59.88Hz
5.3546 	EXP 	window1: recordFrameIntervals = False
5.3590 	DEBUG 	TextBox2 loaded 1 chars with 0 blanks and 1 valid
5.3595 	DEBUG 	TextBox2 loaded 1 chars with 0 blanks and 1 valid
5.3601 	DEBUG 	TextBox2 loaded 1 chars with 0 blanks and 1 valid
5.3609 	DEBUG 	TextBox2 loaded 1 chars with 0 blanks and 1 valid
5.3617 	DEBUG 	TextBox2 loaded 1 chars with 0 blanks and 1 valid
5.3625 	DEBUG 	TextBox2 loaded 1 chars with 0 blanks and 1 valid
5.3629 	DEBUG 	TextBox2 loaded 1 chars with 0 blanks and 1 valid
5.3636 	DEBUG 	TextBox2 loaded 1 chars with 0 blanks and 1 valid
5.3643 	DEBUG 	TextBox2 loaded 1 chars with 0 blanks and 1 valid
5.3651 	DEBUG 	TextBox2 loaded 1 chars with 0 blanks and 1 valid
5.3654 	DEBUG 	Uploading Texture Font fontname to graphics card
5.3659 	DEBUG 	Upload of Texture Font fontname complete
5.3768 	WARNING 	launchHubServer: If using the iohub mouse or eyetracker devices, fullScr should be True.
7.5484 	INFO 	keyboard.Keyboard is using iohub backend.
7.5485 	INFO 	keyboard.Keyboard is using iohub backend.
7.5485 	INFO 	keyboard.Keyboard is using iohub backend.
7.5485 	INFO 	keyboard.Keyboard is using iohub backend.
7.5485 	EXP 	prelearned_chunks: status = STARTED
7.6147 	EXP 	Created textWelcome = TextStim(__class__=<class 'psychopy.visual.text.TextStim'>, alignHoriz=method-wrapper(...), alignText='center', alignVert=method-wrapper(...), anchorHoriz='center', anchorVert='center', antialias=True, autoDraw=False, autoLog=True, bold=False, color=array([1., 1., 1.]), colorSpace='rgb', contrast=1.0, depth=0.0, draggable=False, flipHoriz=False, flipVert=False, font='Arial', fontFiles=[], height=0.05, italic=False, languageStyle='LTR', name='textWelcome', opacity=1, ori=0.0, pos=array([0., 0.]), rgb=UNKNOWN, text='Welcome!\nPress space plis.', units='height', win=Window(...), wrapWidth=1)
7.6171 	EXP 	Created textCross = TextStim(__class__=<class 'psychopy.visual.text.TextStim'>, alignHoriz=method-wrapper(...), alignText='center', alignVert=method-wrapper(...), anchorHoriz='center', anchorVert='center', antialias=True, autoDraw=False, autoLog=True, bold=False, color=array([1., 1., 1.]), colorSpace='rgb', contrast=1.0, depth=0.0, draggable=False, flipHoriz=False, flipVert=False, font='Arial', fontFiles=[], height=0.05, italic=False, languageStyle='LTR', name='textCross', opacity=1, ori=0.0, pos=array([0., 0.]), rgb=UNKNOWN, text='+', units='height', win=Window(...), wrapWidth=1)
7.6232 	EXP 	Created textGame = TextStim(__class__=<class 'psychopy.visual.text.TextStim'>, alignHoriz=method-wrapper(...), alignText='center', alignVert=method-wrapper(...), anchorHoriz='center', anchorVert='center', antialias=True, autoDraw=False, autoLog=True, bold=False, color=array([1., 1., 1.]), colorSpace='rgb', contrast=1.0, depth=0.0, draggable=False, flipHoriz=False, flipVert=False, font='Arial', fontFiles=[], height=0.05, italic=False, languageStyle='LTR', name='textGame', opacity=1, ori=0.0, pos=array([0., 0.]), rgb=UNKNOWN, text='letter1;$letter2', units='height', win=Window(...), wrapWidth=1)
7.6265 	EXP 	Created textThanks = TextStim(__class__=<class 'psychopy.visual.text.TextStim'>, alignHoriz=method-wrapper(...), alignText='center', alignVert=method-wrapper(...), anchorHoriz='center', anchorVert='center', antialias=True, autoDraw=False, autoLog=True, bold=False, color=array([1., 1., 1.]), colorSpace='rgb', contrast=1.0, depth=0.0, draggable=False, flipHoriz=False, flipVert=False, font='Arial', fontFiles=[], height=0.05, italic=False, languageStyle='LTR', name='textThanks', opacity=1, ori=0.0, pos=array([0., 0.]), rgb=UNKNOWN, text='Thanks!\nPress space plis.', units='height', win=Window(...), wrapWidth=1)
0.0254 	INFO 	Keyboard events cleared
0.0251 	EXP 	textWelcome: autoDraw = True
1.2768 	DEBUG 	Read excel file with openpyxl: config/config.xlsx
1.3091 	EXP 	Imported config/config.xlsx as conditions, 160 conditions, 26 params
1.3104 	EXP 	New trial (rep=0, index=0): <Trial 0 (0 in rep 0) data={'trialType': 'chunk', 'letter1': 'W', 'type_letter1': 'italic', 'letter2': 'E', 'type_letter2': 'bold', 'letter3': 'U', 'type_letter3': 'bold', 'letter4': 'P', 'type_letter4': 'bold', 'letter5': 'I', 'type_letter5': 'bold', 'letter6': 'F', 'type_letter6': 'italic', 'letter7': 'M', 'type_letter7': 'bold', 'letter8': 'Y', 'type_letter8': 'italic', 'starPosition': 6.0, 'letterTarget': 'F', 'TypeTarget': 'italic', 'letterFoil1': 'F', 'typeFoil1': 'bold', 'letterFoil2': 'T', 'typeFoil2': 'italic', 'letterFoil3': 'T', 'typeFoil3': 'bold', 'thisN': 0, 'thisTrialN': 0, 'thisRepN': 0}>
1.3120 	DATA 	Keypress: space
1.3230 	EXP 	textWelcome: autoDraw = False
1.3230 	EXP 	textCross: autoDraw = True
2.2732 	INFO 	Keyboard events cleared
2.2730 	EXP 	textCross: autoDraw = False
2.2730 	EXP 	textGame: autoDraw = True
5.3230 	DATA 	Keypress: escape
5.4717 	EXP 	prelearned_chunks: status = STOPPED
5.4870 	EXP 	textGame: autoDraw = False
5.4882 	EXP 	prelearned_chunks: status = STOPPED
5.4919 	INFO 	saved data to 'C:\\Users\\italo\\OneDrive\\Documents\\PUCP\\Seminario\\proyecto\\psychopy\\data/314922_prelearned_chunks_2025-08-15_17h04.56.880.csv'
5.4932 	INFO 	saved data to C:\Users\italo\OneDrive\Documents\PUCP\Seminario\proyecto\psychopy\data/314922_prelearned_chunks_2025-08-15_17h04.56.880.psydat
5.8475 	DEBUG 	Saving data for prelearned_chunks ExperimentHandler
