4.8908 	DEBUG 	Fullscreen settings ignored as running in pilot mode.
4.8918 	INFO 	Loaded monitor calibration from ['2025_08_10 19:43']
5.1143 	EXP 	Created window1 = Window(allowGUI=False, allowStencil=False, autoLog=True, backendConf=UNKNOWN, backgroundFit=<method-wrapper '__getattribute__' of attributeSetter object at 0x000001DFC148D3F0>, backgroundImage=<method-wrapper '__getattribute__' of attributeSetter object at 0x000001DFC148DCC0>, bitsMode=UNKNOWN, blendMode='avg', bpc=(8, 8, 8), color=array([0, 0, 0]), colorSpace='rgb', depthBits=8, fullscr=False, gamma=None, gammaErrorPolicy='raise', infoMsg=UNKNOWN, lms=UNKNOWN, monitor=<psychopy.monitors.calibTools.Monitor object at 0x000001DFC23D20B0>, multiSample=False, name='window1', numSamples=2, pos=[560.0, 240.0], screen=0, size=array([800, 600]), stencilBits=0, stereo=False, title='PsychoPy', units='height', useFBO=True, useRetina=False, viewOri=0.0, viewPos=None, viewScale=None, waitBlanking=True, winType='pyglet')
5.1144 	EXP 	window1: backgroundImage = ''
5.1144 	EXP 	window1: backgroundFit = 'none'
5.1220 	DEBUG 	TextBox2 loaded 1 chars with 0 blanks and 1 valid
5.1228 	DEBUG 	TextBox2 loaded 1 chars with 0 blanks and 1 valid
5.1239 	DEBUG 	TextBox2 loaded 1 chars with 0 blanks and 1 valid
5.1248 	DEBUG 	TextBox2 loaded 1 chars with 0 blanks and 1 valid
5.1257 	DEBUG 	TextBox2 loaded 1 chars with 0 blanks and 1 valid
5.1261 	DEBUG 	TextBox2 loaded 1 chars with 0 blanks and 1 valid
5.1268 	DEBUG 	TextBox2 loaded 1 chars with 0 blanks and 1 valid
5.1277 	DEBUG 	TextBox2 loaded 1 chars with 0 blanks and 1 valid
5.1282 	DEBUG 	TextBox2 loaded 1 chars with 0 blanks and 1 valid
5.1286 	DEBUG 	TextBox2 loaded 1 chars with 0 blanks and 1 valid
5.1293 	DEBUG 	TextBox2 loaded 1 chars with 0 blanks and 1 valid
5.1299 	DEBUG 	TextBox2 loaded 1 chars with 0 blanks and 1 valid
5.1306 	DEBUG 	TextBox2 loaded 1 chars with 0 blanks and 1 valid
5.1312 	DEBUG 	TextBox2 loaded 1 chars with 0 blanks and 1 valid
5.1318 	DEBUG 	TextBox2 loaded 1 chars with 0 blanks and 1 valid
5.1325 	DEBUG 	TextBox2 loaded 1 chars with 0 blanks and 1 valid
5.1332 	DEBUG 	TextBox2 loaded 1 chars with 0 blanks and 1 valid
5.1337 	DEBUG 	TextBox2 loaded 1 chars with 0 blanks and 1 valid
5.1343 	DEBUG 	TextBox2 loaded 1 chars with 0 blanks and 1 valid
5.1354 	DEBUG 	TextBox2 loaded 1 chars with 0 blanks and 1 valid
5.1359 	DEBUG 	TextBox2 loaded 1 chars with 0 blanks and 1 valid
5.1362 	DEBUG 	Uploading Texture Font fontname to graphics card
5.1415 	DEBUG 	Upload of Texture Font fontname complete
5.1475 	DEBUG 	TextBox2 loaded 1 chars with 0 blanks and 1 valid
5.1484 	DEBUG 	TextBox2 loaded 1 chars with 0 blanks and 1 valid
5.1493 	DEBUG 	TextBox2 loaded 1 chars with 0 blanks and 1 valid
5.1495 	DEBUG 	Uploading Texture Font fontname to graphics card
5.1535 	DEBUG 	Upload of Texture Font fontname complete
5.1553 	EXP 	window1: Attempting to measure frame rate of screen (0) ...
5.1553 	EXP 	window1: recordFrameIntervals = False
5.3233 	EXP 	window1: recordFrameIntervals = True
5.5041 	EXP 	Screen (0) actual frame rate measured at 61.10Hz
5.5042 	EXP 	window1: recordFrameIntervals = False
5.5117 	DEBUG 	TextBox2 loaded 1 chars with 0 blanks and 1 valid
5.5127 	DEBUG 	TextBox2 loaded 1 chars with 0 blanks and 1 valid
5.5139 	DEBUG 	TextBox2 loaded 1 chars with 0 blanks and 1 valid
5.5153 	DEBUG 	TextBox2 loaded 1 chars with 0 blanks and 1 valid
5.5166 	DEBUG 	TextBox2 loaded 1 chars with 0 blanks and 1 valid
5.5177 	DEBUG 	TextBox2 loaded 1 chars with 0 blanks and 1 valid
5.5185 	DEBUG 	TextBox2 loaded 1 chars with 0 blanks and 1 valid
5.5195 	DEBUG 	TextBox2 loaded 1 chars with 0 blanks and 1 valid
5.5205 	DEBUG 	TextBox2 loaded 1 chars with 0 blanks and 1 valid
5.5214 	DEBUG 	TextBox2 loaded 1 chars with 0 blanks and 1 valid
5.5217 	DEBUG 	Uploading Texture Font fontname to graphics card
5.5222 	DEBUG 	Upload of Texture Font fontname complete
5.5345 	WARNING 	launchHubServer: If using the iohub mouse or eyetracker devices, fullScr should be True.
8.0315 	INFO 	keyboard.Keyboard is using iohub backend.
8.0316 	INFO 	keyboard.Keyboard is using iohub backend.
8.0316 	INFO 	keyboard.Keyboard is using iohub backend.
8.0317 	INFO 	keyboard.Keyboard is using iohub backend.
8.0317 	INFO 	keyboard.Keyboard is using iohub backend.
8.0317 	EXP 	prelearned_chunks: status = STARTED
8.1090 	EXP 	Created textWelcome = TextStim(__class__=<class 'psychopy.visual.text.TextStim'>, alignHoriz=method-wrapper(...), alignText='center', alignVert=method-wrapper(...), anchorHoriz='center', anchorVert='center', antialias=True, autoDraw=False, autoLog=True, bold=False, color=array([1., 1., 1.]), colorSpace='rgb', contrast=1.0, depth=0.0, draggable=False, flipHoriz=False, flipVert=False, font='Arial', fontFiles=[], height=0.05, italic=False, languageStyle='LTR', name='textWelcome', opacity=1, ori=0.0, pos=array([0., 0.]), rgb=UNKNOWN, text='Welcome!\nPress space plis.', units='height', win=Window(...), wrapWidth=1)
8.1119 	EXP 	Created textCrossLetras = TextStim(__class__=<class 'psychopy.visual.text.TextStim'>, alignHoriz=method-wrapper(...), alignText='center', alignVert=method-wrapper(...), anchorHoriz='center', anchorVert='center', antialias=True, autoDraw=False, autoLog=True, bold=False, color=array([1., 1., 1.]), colorSpace='rgb', contrast=1.0, depth=-2.0, draggable=False, flipHoriz=False, flipVert=False, font='Arial', fontFiles=[], height=0.05, italic=False, languageStyle='LTR', name='textCrossLetras', opacity=1, ori=0.0, pos=array([0., 0.]), rgb=UNKNOWN, text='+', units='height', win=Window(...), wrapWidth=1)
8.1144 	EXP 	Created textCrossBlanco = TextStim(__class__=<class 'psychopy.visual.text.TextStim'>, alignHoriz=method-wrapper(...), alignText='center', alignVert=method-wrapper(...), anchorHoriz='center', anchorVert='center', antialias=True, autoDraw=False, autoLog=True, bold=False, color=array([1., 1., 1.]), colorSpace='rgb', contrast=1.0, depth=0.0, draggable=False, flipHoriz=False, flipVert=False, font='Arial', fontFiles=[], height=0.05, italic=False, languageStyle='LTR', name='textCrossBlanco', opacity=1, ori=0.0, pos=array([0., 0.]), rgb=UNKNOWN, text='+', units='height', win=Window(...), wrapWidth=1)
8.1163 	EXP 	Created textCrossRespuesta = TextStim(__class__=<class 'psychopy.visual.text.TextStim'>, alignHoriz=method-wrapper(...), alignText='center', alignVert=method-wrapper(...), anchorHoriz='center', anchorVert='center', antialias=True, autoDraw=False, autoLog=True, bold=False, color=array([1., 1., 1.]), colorSpace='rgb', contrast=1.0, depth=-2.0, draggable=False, flipHoriz=False, flipVert=False, font='Arial', fontFiles=[], height=0.05, italic=False, languageStyle='LTR', name='textCrossRespuesta', opacity=1, ori=0.0, pos=array([0., 0.]), rgb=UNKNOWN, text='+', units='height', win=Window(...), wrapWidth=1)
8.1209 	EXP 	Created textThanks = TextStim(__class__=<class 'psychopy.visual.text.TextStim'>, alignHoriz=method-wrapper(...), alignText='center', alignVert=method-wrapper(...), anchorHoriz='center', anchorVert='center', antialias=True, autoDraw=False, autoLog=True, bold=False, color=array([1., 1., 1.]), colorSpace='rgb', contrast=1.0, depth=0.0, draggable=False, flipHoriz=False, flipVert=False, font='Arial', fontFiles=[], height=0.05, italic=False, languageStyle='LTR', name='textThanks', opacity=1, ori=0.0, pos=array([0., 0.]), rgb=UNKNOWN, text='Thanks!\nPress space plis.', units='height', win=Window(...), wrapWidth=1)
0.0326 	INFO 	Keyboard events cleared
0.0318 	EXP 	textWelcome: autoDraw = True
0.6927 	DEBUG 	Read excel file with openpyxl: config/config.xlsx
0.7410 	EXP 	Imported config/config.xlsx as conditions, 160 conditions, 26 params
0.7427 	EXP 	New trial (rep=0, index=0): <Trial 0 (0 in rep 0) data={'trialType': 'chunk', 'letter1': 'A', 'type_letter1': 'bold', 'letter2': 'S', 'type_letter2': 'bold', 'letter3': 'W', 'type_letter3': 'bold', 'letter4': 'E', 'type_letter4': 'italic', 'letter5': 'T', 'type_letter5': 'italic', 'letter6': 'O', 'type_letter6': 'italic', 'letter7': 'I', 'type_letter7': 'bold', 'letter8': 'F', 'type_letter8': 'bold', 'starPosition': 5.0, 'letterTarget': 'T', 'TypeTarget': 'italic', 'letterFoil1': 'T', 'typeFoil1': 'bold', 'letterFoil2': 'I', 'typeFoil2': 'italic', 'letterFoil3': 'I', 'typeFoil3': 'bold', 'thisN': 0, 'thisTrialN': 0, 'thisRepN': 0}>
0.7474 	EXP 	Created unnamed TextStim = TextStim(__class__=<class 'psychopy.visual.text.TextStim'>, alignHoriz=method-wrapper(...), alignText='center', alignVert=method-wrapper(...), anchorHoriz='center', anchorVert='center', antialias=True, autoDraw=False, autoLog=True, bold=True, color=array([1., 1., 1.]), colorSpace='rgb', contrast=1.0, depth=0, draggable=False, flipHoriz=False, flipVert=False, font='', fontFiles=[], height=0.1, italic=False, languageStyle='LTR', name='unnamed TextStim', opacity=1.0, ori=0.0, pos=array([0. , 0.3]), rgb=UNKNOWN, text='A', units='height', win=Window(...), wrapWidth=1)
0.7502 	EXP 	Created unnamed TextStim = TextStim(__class__=<class 'psychopy.visual.text.TextStim'>, alignHoriz=method-wrapper(...), alignText='center', alignVert=method-wrapper(...), anchorHoriz='center', anchorVert='center', antialias=True, autoDraw=False, autoLog=True, bold=True, color=array([1., 1., 1.]), colorSpace='rgb', contrast=1.0, depth=0, draggable=False, flipHoriz=False, flipVert=False, font='', fontFiles=[], height=0.1, italic=False, languageStyle='LTR', name='unnamed TextStim', opacity=1.0, ori=0.0, pos=array([0.1, 0.3]), rgb=UNKNOWN, text='S', units='height', win=Window(...), wrapWidth=1)
0.7522 	EXP 	Created unnamed TextStim = TextStim(__class__=<class 'psychopy.visual.text.TextStim'>, alignHoriz=method-wrapper(...), alignText='center', alignVert=method-wrapper(...), anchorHoriz='center', anchorVert='center', antialias=True, autoDraw=False, autoLog=True, bold=True, color=array([1., 1., 1.]), colorSpace='rgb', contrast=1.0, depth=0, draggable=False, flipHoriz=False, flipVert=False, font='', fontFiles=[], height=0.1, italic=False, languageStyle='LTR', name='unnamed TextStim', opacity=1.0, ori=0.0, pos=array([0.3, 0. ]), rgb=UNKNOWN, text='W', units='height', win=Window(...), wrapWidth=1)
0.7576 	EXP 	Created unnamed TextStim = TextStim(__class__=<class 'psychopy.visual.text.TextStim'>, alignHoriz=method-wrapper(...), alignText='center', alignVert=method-wrapper(...), anchorHoriz='center', anchorVert='center', antialias=True, autoDraw=False, autoLog=True, bold=False, color=array([1., 1., 1.]), colorSpace='rgb', contrast=1.0, depth=0, draggable=False, flipHoriz=False, flipVert=False, font='', fontFiles=[], height=0.1, italic=True, languageStyle='LTR', name='unnamed TextStim', opacity=1.0, ori=0.0, pos=array([0.4, 0. ]), rgb=UNKNOWN, text='E', units='height', win=Window(...), wrapWidth=1)
0.7600 	EXP 	Created unnamed TextStim = TextStim(__class__=<class 'psychopy.visual.text.TextStim'>, alignHoriz=method-wrapper(...), alignText='center', alignVert=method-wrapper(...), anchorHoriz='center', anchorVert='center', antialias=True, autoDraw=False, autoLog=True, bold=False, color=array([1., 1., 1.]), colorSpace='rgb', contrast=1.0, depth=0, draggable=False, flipHoriz=False, flipVert=False, font='', fontFiles=[], height=0.1, italic=True, languageStyle='LTR', name='unnamed TextStim', opacity=1.0, ori=0.0, pos=array([ 0. , -0.3]), rgb=UNKNOWN, text='T', units='height', win=Window(...), wrapWidth=1)
0.7623 	EXP 	Created unnamed TextStim = TextStim(__class__=<class 'psychopy.visual.text.TextStim'>, alignHoriz=method-wrapper(...), alignText='center', alignVert=method-wrapper(...), anchorHoriz='center', anchorVert='center', antialias=True, autoDraw=False, autoLog=True, bold=False, color=array([1., 1., 1.]), colorSpace='rgb', contrast=1.0, depth=0, draggable=False, flipHoriz=False, flipVert=False, font='', fontFiles=[], height=0.1, italic=True, languageStyle='LTR', name='unnamed TextStim', opacity=1.0, ori=0.0, pos=array([ 0.1, -0.3]), rgb=UNKNOWN, text='O', units='height', win=Window(...), wrapWidth=1)
0.7646 	EXP 	Created unnamed TextStim = TextStim(__class__=<class 'psychopy.visual.text.TextStim'>, alignHoriz=method-wrapper(...), alignText='center', alignVert=method-wrapper(...), anchorHoriz='center', anchorVert='center', antialias=True, autoDraw=False, autoLog=True, bold=True, color=array([1., 1., 1.]), colorSpace='rgb', contrast=1.0, depth=0, draggable=False, flipHoriz=False, flipVert=False, font='', fontFiles=[], height=0.1, italic=False, languageStyle='LTR', name='unnamed TextStim', opacity=1.0, ori=0.0, pos=array([-0.3,  0. ]), rgb=UNKNOWN, text='I', units='height', win=Window(...), wrapWidth=1)
0.7668 	EXP 	Created unnamed TextStim = TextStim(__class__=<class 'psychopy.visual.text.TextStim'>, alignHoriz=method-wrapper(...), alignText='center', alignVert=method-wrapper(...), anchorHoriz='center', anchorVert='center', antialias=True, autoDraw=False, autoLog=True, bold=True, color=array([1., 1., 1.]), colorSpace='rgb', contrast=1.0, depth=0, draggable=False, flipHoriz=False, flipVert=False, font='', fontFiles=[], height=0.1, italic=False, languageStyle='LTR', name='unnamed TextStim', opacity=1.0, ori=0.0, pos=array([-0.2,  0. ]), rgb=UNKNOWN, text='F', units='height', win=Window(...), wrapWidth=1)
0.7717 	DATA 	Keypress: space
0.7791 	INFO 	Keyboard events cleared
0.7787 	EXP 	textWelcome: autoDraw = False
0.7787 	EXP 	textCrossLetras: autoDraw = True
2.6620 	EXP 	textCrossLetras: autoDraw = False
2.6620 	EXP 	textCrossBlanco: autoDraw = True
3.6571 	EXP 	Created unnamed TextStim = TextStim(__class__=<class 'psychopy.visual.text.TextStim'>, alignHoriz=method-wrapper(...), alignText='center', alignVert=method-wrapper(...), anchorHoriz='center', anchorVert='center', antialias=True, autoDraw=False, autoLog=True, bold=False, color=array([1., 1., 1.]), colorSpace='rgb', contrast=1.0, depth=0, draggable=False, flipHoriz=False, flipVert=False, font='', fontFiles=[], height=0.1, italic=False, languageStyle='LTR', name='unnamed TextStim', opacity=1.0, ori=0.0, pos=array([0. , 0.3]), rgb=UNKNOWN, text='-', units='height', win=Window(...), wrapWidth=1)
3.6597 	EXP 	Created unnamed TextStim = TextStim(__class__=<class 'psychopy.visual.text.TextStim'>, alignHoriz=method-wrapper(...), alignText='center', alignVert=method-wrapper(...), anchorHoriz='center', anchorVert='center', antialias=True, autoDraw=False, autoLog=True, bold=False, color=array([1., 1., 1.]), colorSpace='rgb', contrast=1.0, depth=0, draggable=False, flipHoriz=False, flipVert=False, font='', fontFiles=[], height=0.1, italic=False, languageStyle='LTR', name='unnamed TextStim', opacity=1.0, ori=0.0, pos=array([0.1, 0.3]), rgb=UNKNOWN, text='-', units='height', win=Window(...), wrapWidth=1)
3.6619 	EXP 	Created unnamed TextStim = TextStim(__class__=<class 'psychopy.visual.text.TextStim'>, alignHoriz=method-wrapper(...), alignText='center', alignVert=method-wrapper(...), anchorHoriz='center', anchorVert='center', antialias=True, autoDraw=False, autoLog=True, bold=False, color=array([1., 1., 1.]), colorSpace='rgb', contrast=1.0, depth=0, draggable=False, flipHoriz=False, flipVert=False, font='', fontFiles=[], height=0.1, italic=False, languageStyle='LTR', name='unnamed TextStim', opacity=1.0, ori=0.0, pos=array([0.3, 0. ]), rgb=UNKNOWN, text='-', units='height', win=Window(...), wrapWidth=1)
3.6644 	EXP 	Created unnamed TextStim = TextStim(__class__=<class 'psychopy.visual.text.TextStim'>, alignHoriz=method-wrapper(...), alignText='center', alignVert=method-wrapper(...), anchorHoriz='center', anchorVert='center', antialias=True, autoDraw=False, autoLog=True, bold=False, color=array([1., 1., 1.]), colorSpace='rgb', contrast=1.0, depth=0, draggable=False, flipHoriz=False, flipVert=False, font='', fontFiles=[], height=0.1, italic=False, languageStyle='LTR', name='unnamed TextStim', opacity=1.0, ori=0.0, pos=array([0.4, 0. ]), rgb=UNKNOWN, text='-', units='height', win=Window(...), wrapWidth=1)
3.6695 	EXP 	Created unnamed TextStim = TextStim(__class__=<class 'psychopy.visual.text.TextStim'>, alignHoriz=method-wrapper(...), alignText='center', alignVert=method-wrapper(...), anchorHoriz='center', anchorVert='center', antialias=True, autoDraw=False, autoLog=True, bold=False, color=array([1., 1., 1.]), colorSpace='rgb', contrast=1.0, depth=0, draggable=False, flipHoriz=False, flipVert=False, font='', fontFiles=[], height=0.1, italic=False, languageStyle='LTR', name='unnamed TextStim', opacity=1.0, ori=0.0, pos=array([ 0. , -0.3]), rgb=UNKNOWN, text='*', units='height', win=Window(...), wrapWidth=1)
3.6718 	EXP 	Created unnamed TextStim = TextStim(__class__=<class 'psychopy.visual.text.TextStim'>, alignHoriz=method-wrapper(...), alignText='center', alignVert=method-wrapper(...), anchorHoriz='center', anchorVert='center', antialias=True, autoDraw=False, autoLog=True, bold=False, color=array([1., 1., 1.]), colorSpace='rgb', contrast=1.0, depth=0, draggable=False, flipHoriz=False, flipVert=False, font='', fontFiles=[], height=0.1, italic=False, languageStyle='LTR', name='unnamed TextStim', opacity=1.0, ori=0.0, pos=array([ 0.1, -0.3]), rgb=UNKNOWN, text='-', units='height', win=Window(...), wrapWidth=1)
3.6737 	EXP 	Created unnamed TextStim = TextStim(__class__=<class 'psychopy.visual.text.TextStim'>, alignHoriz=method-wrapper(...), alignText='center', alignVert=method-wrapper(...), anchorHoriz='center', anchorVert='center', antialias=True, autoDraw=False, autoLog=True, bold=False, color=array([1., 1., 1.]), colorSpace='rgb', contrast=1.0, depth=0, draggable=False, flipHoriz=False, flipVert=False, font='', fontFiles=[], height=0.1, italic=False, languageStyle='LTR', name='unnamed TextStim', opacity=1.0, ori=0.0, pos=array([-0.3,  0. ]), rgb=UNKNOWN, text='-', units='height', win=Window(...), wrapWidth=1)
3.6755 	EXP 	Created unnamed TextStim = TextStim(__class__=<class 'psychopy.visual.text.TextStim'>, alignHoriz=method-wrapper(...), alignText='center', alignVert=method-wrapper(...), anchorHoriz='center', anchorVert='center', antialias=True, autoDraw=False, autoLog=True, bold=False, color=array([1., 1., 1.]), colorSpace='rgb', contrast=1.0, depth=0, draggable=False, flipHoriz=False, flipVert=False, font='', fontFiles=[], height=0.1, italic=False, languageStyle='LTR', name='unnamed TextStim', opacity=1.0, ori=0.0, pos=array([-0.2,  0. ]), rgb=UNKNOWN, text='-', units='height', win=Window(...), wrapWidth=1)
3.6778 	EXP 	Created unnamed TextStim = TextStim(__class__=<class 'psychopy.visual.text.TextStim'>, alignHoriz=method-wrapper(...), alignText='center', alignVert=method-wrapper(...), anchorHoriz='center', anchorVert='center', antialias=True, autoDraw=False, autoLog=True, bold=False, color=array([1., 1., 1.]), colorSpace='rgb', contrast=1.0, depth=0, draggable=False, flipHoriz=False, flipVert=False, font='', fontFiles=[], height=0.1, italic=False, languageStyle='LTR', name='unnamed TextStim', opacity=1.0, ori=0.0, pos=array([-0.4, -0.5]), rgb=UNKNOWN, text='T', units='height', win=Window(...), wrapWidth=1)
3.6792 	EXP 	Created unnamed TextStim = TextStim(__class__=<class 'psychopy.visual.text.TextStim'>, alignHoriz=method-wrapper(...), alignText='center', alignVert=method-wrapper(...), anchorHoriz='center', anchorVert='center', antialias=True, autoDraw=False, autoLog=True, bold=False, color=array([1., 1., 1.]), colorSpace='rgb', contrast=1.0, depth=0, draggable=False, flipHoriz=False, flipVert=False, font='', fontFiles=[], height=0.1, italic=False, languageStyle='LTR', name='unnamed TextStim', opacity=1.0, ori=0.0, pos=array([-0.13, -0.5 ]), rgb=UNKNOWN, text='T', units='height', win=Window(...), wrapWidth=1)
3.6812 	EXP 	Created unnamed TextStim = TextStim(__class__=<class 'psychopy.visual.text.TextStim'>, alignHoriz=method-wrapper(...), alignText='center', alignVert=method-wrapper(...), anchorHoriz='center', anchorVert='center', antialias=True, autoDraw=False, autoLog=True, bold=False, color=array([1., 1., 1.]), colorSpace='rgb', contrast=1.0, depth=0, draggable=False, flipHoriz=False, flipVert=False, font='', fontFiles=[], height=0.1, italic=False, languageStyle='LTR', name='unnamed TextStim', opacity=1.0, ori=0.0, pos=array([ 0.13, -0.5 ]), rgb=UNKNOWN, text='I', units='height', win=Window(...), wrapWidth=1)
3.6839 	EXP 	Created unnamed TextStim = TextStim(__class__=<class 'psychopy.visual.text.TextStim'>, alignHoriz=method-wrapper(...), alignText='center', alignVert=method-wrapper(...), anchorHoriz='center', anchorVert='center', antialias=True, autoDraw=False, autoLog=True, bold=False, color=array([1., 1., 1.]), colorSpace='rgb', contrast=1.0, depth=0, draggable=False, flipHoriz=False, flipVert=False, font='', fontFiles=[], height=0.1, italic=False, languageStyle='LTR', name='unnamed TextStim', opacity=1.0, ori=0.0, pos=array([ 0.4, -0.5]), rgb=UNKNOWN, text='I', units='height', win=Window(...), wrapWidth=1)
3.6930 	INFO 	Keyboard events cleared
3.6927 	EXP 	textCrossBlanco: autoDraw = False
3.6927 	EXP 	textCrossRespuesta: autoDraw = True
10.7444 	EXP 	New trial (rep=0, index=1): <Trial 1 (1 in rep 0) data={'trialType': 'chunk', 'letter1': 'I', 'type_letter1': 'bold', 'letter2': 'F', 'type_letter2': 'italic', 'letter3': 'A', 'type_letter3': 'italic', 'letter4': 'S', 'type_letter4': 'bold', 'letter5': 'M', 'type_letter5': 'bold', 'letter6': 'Y', 'type_letter6': 'italic', 'letter7': 'W', 'type_letter7': 'italic', 'letter8': 'E', 'type_letter8': 'bold', 'starPosition': 6.0, 'letterTarget': 'Y', 'TypeTarget': 'italic', 'letterFoil1': 'Y', 'typeFoil1': 'bold', 'letterFoil2': 'T', 'typeFoil2': 'italic', 'letterFoil3': 'T', 'typeFoil3': 'bold', 'thisN': 1, 'thisTrialN': 1, 'thisRepN': 0}>
10.7489 	EXP 	Created unnamed TextStim = TextStim(__class__=<class 'psychopy.visual.text.TextStim'>, alignHoriz=method-wrapper(...), alignText='center', alignVert=method-wrapper(...), anchorHoriz='center', anchorVert='center', antialias=True, autoDraw=False, autoLog=True, bold=True, color=array([1., 1., 1.]), colorSpace='rgb', contrast=1.0, depth=0, draggable=False, flipHoriz=False, flipVert=False, font='', fontFiles=[], height=0.1, italic=False, languageStyle='LTR', name='unnamed TextStim', opacity=1.0, ori=0.0, pos=array([0. , 0.3]), rgb=UNKNOWN, text='I', units='height', win=Window(...), wrapWidth=1)
10.7532 	EXP 	Created unnamed TextStim = TextStim(__class__=<class 'psychopy.visual.text.TextStim'>, alignHoriz=method-wrapper(...), alignText='center', alignVert=method-wrapper(...), anchorHoriz='center', anchorVert='center', antialias=True, autoDraw=False, autoLog=True, bold=False, color=array([1., 1., 1.]), colorSpace='rgb', contrast=1.0, depth=0, draggable=False, flipHoriz=False, flipVert=False, font='', fontFiles=[], height=0.1, italic=True, languageStyle='LTR', name='unnamed TextStim', opacity=1.0, ori=0.0, pos=array([0.1, 0.3]), rgb=UNKNOWN, text='F', units='height', win=Window(...), wrapWidth=1)
10.7560 	EXP 	Created unnamed TextStim = TextStim(__class__=<class 'psychopy.visual.text.TextStim'>, alignHoriz=method-wrapper(...), alignText='center', alignVert=method-wrapper(...), anchorHoriz='center', anchorVert='center', antialias=True, autoDraw=False, autoLog=True, bold=False, color=array([1., 1., 1.]), colorSpace='rgb', contrast=1.0, depth=0, draggable=False, flipHoriz=False, flipVert=False, font='', fontFiles=[], height=0.1, italic=True, languageStyle='LTR', name='unnamed TextStim', opacity=1.0, ori=0.0, pos=array([0.3, 0. ]), rgb=UNKNOWN, text='A', units='height', win=Window(...), wrapWidth=1)
10.7588 	EXP 	Created unnamed TextStim = TextStim(__class__=<class 'psychopy.visual.text.TextStim'>, alignHoriz=method-wrapper(...), alignText='center', alignVert=method-wrapper(...), anchorHoriz='center', anchorVert='center', antialias=True, autoDraw=False, autoLog=True, bold=True, color=array([1., 1., 1.]), colorSpace='rgb', contrast=1.0, depth=0, draggable=False, flipHoriz=False, flipVert=False, font='', fontFiles=[], height=0.1, italic=False, languageStyle='LTR', name='unnamed TextStim', opacity=1.0, ori=0.0, pos=array([0.4, 0. ]), rgb=UNKNOWN, text='S', units='height', win=Window(...), wrapWidth=1)
10.7612 	EXP 	Created unnamed TextStim = TextStim(__class__=<class 'psychopy.visual.text.TextStim'>, alignHoriz=method-wrapper(...), alignText='center', alignVert=method-wrapper(...), anchorHoriz='center', anchorVert='center', antialias=True, autoDraw=False, autoLog=True, bold=True, color=array([1., 1., 1.]), colorSpace='rgb', contrast=1.0, depth=0, draggable=False, flipHoriz=False, flipVert=False, font='', fontFiles=[], height=0.1, italic=False, languageStyle='LTR', name='unnamed TextStim', opacity=1.0, ori=0.0, pos=array([ 0. , -0.3]), rgb=UNKNOWN, text='M', units='height', win=Window(...), wrapWidth=1)
10.7646 	EXP 	Created unnamed TextStim = TextStim(__class__=<class 'psychopy.visual.text.TextStim'>, alignHoriz=method-wrapper(...), alignText='center', alignVert=method-wrapper(...), anchorHoriz='center', anchorVert='center', antialias=True, autoDraw=False, autoLog=True, bold=False, color=array([1., 1., 1.]), colorSpace='rgb', contrast=1.0, depth=0, draggable=False, flipHoriz=False, flipVert=False, font='', fontFiles=[], height=0.1, italic=True, languageStyle='LTR', name='unnamed TextStim', opacity=1.0, ori=0.0, pos=array([ 0.1, -0.3]), rgb=UNKNOWN, text='Y', units='height', win=Window(...), wrapWidth=1)
10.7674 	EXP 	Created unnamed TextStim = TextStim(__class__=<class 'psychopy.visual.text.TextStim'>, alignHoriz=method-wrapper(...), alignText='center', alignVert=method-wrapper(...), anchorHoriz='center', anchorVert='center', antialias=True, autoDraw=False, autoLog=True, bold=False, color=array([1., 1., 1.]), colorSpace='rgb', contrast=1.0, depth=0, draggable=False, flipHoriz=False, flipVert=False, font='', fontFiles=[], height=0.1, italic=True, languageStyle='LTR', name='unnamed TextStim', opacity=1.0, ori=0.0, pos=array([-0.3,  0. ]), rgb=UNKNOWN, text='W', units='height', win=Window(...), wrapWidth=1)
10.7703 	EXP 	Created unnamed TextStim = TextStim(__class__=<class 'psychopy.visual.text.TextStim'>, alignHoriz=method-wrapper(...), alignText='center', alignVert=method-wrapper(...), anchorHoriz='center', anchorVert='center', antialias=True, autoDraw=False, autoLog=True, bold=True, color=array([1., 1., 1.]), colorSpace='rgb', contrast=1.0, depth=0, draggable=False, flipHoriz=False, flipVert=False, font='', fontFiles=[], height=0.1, italic=False, languageStyle='LTR', name='unnamed TextStim', opacity=1.0, ori=0.0, pos=array([-0.2,  0. ]), rgb=UNKNOWN, text='E', units='height', win=Window(...), wrapWidth=1)
10.7744 	DATA 	Keypress: space
10.7874 	INFO 	Keyboard events cleared
10.7870 	EXP 	textCrossRespuesta: autoDraw = False
10.7870 	EXP 	textCrossLetras: autoDraw = True
12.7721 	EXP 	textCrossLetras: autoDraw = False
12.7721 	EXP 	textCrossBlanco: autoDraw = True
13.7634 	EXP 	Created unnamed TextStim = TextStim(__class__=<class 'psychopy.visual.text.TextStim'>, alignHoriz=method-wrapper(...), alignText='center', alignVert=method-wrapper(...), anchorHoriz='center', anchorVert='center', antialias=True, autoDraw=False, autoLog=True, bold=False, color=array([1., 1., 1.]), colorSpace='rgb', contrast=1.0, depth=0, draggable=False, flipHoriz=False, flipVert=False, font='', fontFiles=[], height=0.1, italic=False, languageStyle='LTR', name='unnamed TextStim', opacity=1.0, ori=0.0, pos=array([0. , 0.3]), rgb=UNKNOWN, text='-', units='height', win=Window(...), wrapWidth=1)
13.7654 	EXP 	Created unnamed TextStim = TextStim(__class__=<class 'psychopy.visual.text.TextStim'>, alignHoriz=method-wrapper(...), alignText='center', alignVert=method-wrapper(...), anchorHoriz='center', anchorVert='center', antialias=True, autoDraw=False, autoLog=True, bold=False, color=array([1., 1., 1.]), colorSpace='rgb', contrast=1.0, depth=0, draggable=False, flipHoriz=False, flipVert=False, font='', fontFiles=[], height=0.1, italic=False, languageStyle='LTR', name='unnamed TextStim', opacity=1.0, ori=0.0, pos=array([0.1, 0.3]), rgb=UNKNOWN, text='-', units='height', win=Window(...), wrapWidth=1)
13.7680 	EXP 	Created unnamed TextStim = TextStim(__class__=<class 'psychopy.visual.text.TextStim'>, alignHoriz=method-wrapper(...), alignText='center', alignVert=method-wrapper(...), anchorHoriz='center', anchorVert='center', antialias=True, autoDraw=False, autoLog=True, bold=False, color=array([1., 1., 1.]), colorSpace='rgb', contrast=1.0, depth=0, draggable=False, flipHoriz=False, flipVert=False, font='', fontFiles=[], height=0.1, italic=False, languageStyle='LTR', name='unnamed TextStim', opacity=1.0, ori=0.0, pos=array([0.3, 0. ]), rgb=UNKNOWN, text='-', units='height', win=Window(...), wrapWidth=1)
13.7696 	EXP 	Created unnamed TextStim = TextStim(__class__=<class 'psychopy.visual.text.TextStim'>, alignHoriz=method-wrapper(...), alignText='center', alignVert=method-wrapper(...), anchorHoriz='center', anchorVert='center', antialias=True, autoDraw=False, autoLog=True, bold=False, color=array([1., 1., 1.]), colorSpace='rgb', contrast=1.0, depth=0, draggable=False, flipHoriz=False, flipVert=False, font='', fontFiles=[], height=0.1, italic=False, languageStyle='LTR', name='unnamed TextStim', opacity=1.0, ori=0.0, pos=array([0.4, 0. ]), rgb=UNKNOWN, text='-', units='height', win=Window(...), wrapWidth=1)
13.7712 	EXP 	Created unnamed TextStim = TextStim(__class__=<class 'psychopy.visual.text.TextStim'>, alignHoriz=method-wrapper(...), alignText='center', alignVert=method-wrapper(...), anchorHoriz='center', anchorVert='center', antialias=True, autoDraw=False, autoLog=True, bold=False, color=array([1., 1., 1.]), colorSpace='rgb', contrast=1.0, depth=0, draggable=False, flipHoriz=False, flipVert=False, font='', fontFiles=[], height=0.1, italic=False, languageStyle='LTR', name='unnamed TextStim', opacity=1.0, ori=0.0, pos=array([ 0. , -0.3]), rgb=UNKNOWN, text='-', units='height', win=Window(...), wrapWidth=1)
13.7740 	EXP 	Created unnamed TextStim = TextStim(__class__=<class 'psychopy.visual.text.TextStim'>, alignHoriz=method-wrapper(...), alignText='center', alignVert=method-wrapper(...), anchorHoriz='center', anchorVert='center', antialias=True, autoDraw=False, autoLog=True, bold=False, color=array([1., 1., 1.]), colorSpace='rgb', contrast=1.0, depth=0, draggable=False, flipHoriz=False, flipVert=False, font='', fontFiles=[], height=0.1, italic=False, languageStyle='LTR', name='unnamed TextStim', opacity=1.0, ori=0.0, pos=array([ 0.1, -0.3]), rgb=UNKNOWN, text='*', units='height', win=Window(...), wrapWidth=1)
13.7755 	EXP 	Created unnamed TextStim = TextStim(__class__=<class 'psychopy.visual.text.TextStim'>, alignHoriz=method-wrapper(...), alignText='center', alignVert=method-wrapper(...), anchorHoriz='center', anchorVert='center', antialias=True, autoDraw=False, autoLog=True, bold=False, color=array([1., 1., 1.]), colorSpace='rgb', contrast=1.0, depth=0, draggable=False, flipHoriz=False, flipVert=False, font='', fontFiles=[], height=0.1, italic=False, languageStyle='LTR', name='unnamed TextStim', opacity=1.0, ori=0.0, pos=array([-0.3,  0. ]), rgb=UNKNOWN, text='-', units='height', win=Window(...), wrapWidth=1)
13.7770 	EXP 	Created unnamed TextStim = TextStim(__class__=<class 'psychopy.visual.text.TextStim'>, alignHoriz=method-wrapper(...), alignText='center', alignVert=method-wrapper(...), anchorHoriz='center', anchorVert='center', antialias=True, autoDraw=False, autoLog=True, bold=False, color=array([1., 1., 1.]), colorSpace='rgb', contrast=1.0, depth=0, draggable=False, flipHoriz=False, flipVert=False, font='', fontFiles=[], height=0.1, italic=False, languageStyle='LTR', name='unnamed TextStim', opacity=1.0, ori=0.0, pos=array([-0.2,  0. ]), rgb=UNKNOWN, text='-', units='height', win=Window(...), wrapWidth=1)
13.7791 	EXP 	Created unnamed TextStim = TextStim(__class__=<class 'psychopy.visual.text.TextStim'>, alignHoriz=method-wrapper(...), alignText='center', alignVert=method-wrapper(...), anchorHoriz='center', anchorVert='center', antialias=True, autoDraw=False, autoLog=True, bold=False, color=array([1., 1., 1.]), colorSpace='rgb', contrast=1.0, depth=0, draggable=False, flipHoriz=False, flipVert=False, font='', fontFiles=[], height=0.1, italic=False, languageStyle='LTR', name='unnamed TextStim', opacity=1.0, ori=0.0, pos=array([-0.4, -0.5]), rgb=UNKNOWN, text='Y', units='height', win=Window(...), wrapWidth=1)
13.7807 	EXP 	Created unnamed TextStim = TextStim(__class__=<class 'psychopy.visual.text.TextStim'>, alignHoriz=method-wrapper(...), alignText='center', alignVert=method-wrapper(...), anchorHoriz='center', anchorVert='center', antialias=True, autoDraw=False, autoLog=True, bold=False, color=array([1., 1., 1.]), colorSpace='rgb', contrast=1.0, depth=0, draggable=False, flipHoriz=False, flipVert=False, font='', fontFiles=[], height=0.1, italic=False, languageStyle='LTR', name='unnamed TextStim', opacity=1.0, ori=0.0, pos=array([-0.13, -0.5 ]), rgb=UNKNOWN, text='Y', units='height', win=Window(...), wrapWidth=1)
13.7834 	EXP 	Created unnamed TextStim = TextStim(__class__=<class 'psychopy.visual.text.TextStim'>, alignHoriz=method-wrapper(...), alignText='center', alignVert=method-wrapper(...), anchorHoriz='center', anchorVert='center', antialias=True, autoDraw=False, autoLog=True, bold=False, color=array([1., 1., 1.]), colorSpace='rgb', contrast=1.0, depth=0, draggable=False, flipHoriz=False, flipVert=False, font='', fontFiles=[], height=0.1, italic=False, languageStyle='LTR', name='unnamed TextStim', opacity=1.0, ori=0.0, pos=array([ 0.13, -0.5 ]), rgb=UNKNOWN, text='T', units='height', win=Window(...), wrapWidth=1)
13.7849 	EXP 	Created unnamed TextStim = TextStim(__class__=<class 'psychopy.visual.text.TextStim'>, alignHoriz=method-wrapper(...), alignText='center', alignVert=method-wrapper(...), anchorHoriz='center', anchorVert='center', antialias=True, autoDraw=False, autoLog=True, bold=False, color=array([1., 1., 1.]), colorSpace='rgb', contrast=1.0, depth=0, draggable=False, flipHoriz=False, flipVert=False, font='', fontFiles=[], height=0.1, italic=False, languageStyle='LTR', name='unnamed TextStim', opacity=1.0, ori=0.0, pos=array([ 0.4, -0.5]), rgb=UNKNOWN, text='T', units='height', win=Window(...), wrapWidth=1)
13.8012 	INFO 	Keyboard events cleared
13.8010 	EXP 	textCrossBlanco: autoDraw = False
13.8010 	EXP 	textCrossRespuesta: autoDraw = True
16.4907 	DATA 	Keypress: escape
16.6563 	EXP 	prelearned_chunks: status = STOPPED
16.6661 	EXP 	textCrossRespuesta: autoDraw = False
16.6687 	EXP 	prelearned_chunks: status = STOPPED
16.6810 	INFO 	saved data to 'C:\\Users\\italo\\OneDrive\\Documents\\PUCP\\Seminario\\proyecto\\psychopy\\data/373081_prelearned_chunks_2025-08-15_18h04.36.793.csv'
16.6841 	INFO 	saved data to C:\Users\italo\OneDrive\Documents\PUCP\Seminario\proyecto\psychopy\data/373081_prelearned_chunks_2025-08-15_18h04.36.793.psydat
17.3643 	DEBUG 	Saving data for prelearned_chunks ExperimentHandler
