11.9821 	DEBUG 	Fullscreen settings ignored as running in pilot mode.
11.9831 	INFO 	Loaded monitor calibration from ['2025_08_11 18:54']
13.1081 	EXP 	Created window1 = Window(allowGUI=False, allowStencil=False, autoLog=True, backendConf=UNKNOWN, backgroundFit=<method-wrapper '__getattribute__' of attributeSetter object at 0x000002222EADC340>, backgroundImage=<method-wrapper '__getattribute__' of attributeSetter object at 0x000002222EADC2E0>, bitsMode=UNKNOWN, blendMode='avg', bpc=(8, 8, 8), color=array([0, 0, 0]), colorSpace='rgb', depthBits=8, fullscr=False, gamma=None, gammaErrorPolicy='raise', infoMsg=UNKNOWN, lms=UNKNOWN, monitor=<psychopy.monitors.calibTools.Monitor object at 0x000002222EB8D840>, multiSample=False, name='window1', numSamples=2, pos=[560.0, 240.0], screen=0, size=array([800, 600]), stencilBits=0, stereo=False, title='PsychoPy', units='height', useFBO=True, useRetina=False, viewOri=0.0, viewPos=None, viewScale=None, waitBlanking=True, winType='pyglet')
13.1082 	EXP 	window1: backgroundImage = ''
13.1082 	EXP 	window1: backgroundFit = 'none'
13.1252 	DEBUG 	TextBox2 loaded 1 chars with 0 blanks and 1 valid
13.1261 	DEBUG 	TextBox2 loaded 1 chars with 0 blanks and 1 valid
13.1269 	DEBUG 	TextBox2 loaded 1 chars with 0 blanks and 1 valid
13.1279 	DEBUG 	TextBox2 loaded 1 chars with 0 blanks and 1 valid
13.1290 	DEBUG 	TextBox2 loaded 1 chars with 0 blanks and 1 valid
13.1297 	DEBUG 	TextBox2 loaded 1 chars with 0 blanks and 1 valid
13.1306 	DEBUG 	TextBox2 loaded 1 chars with 0 blanks and 1 valid
13.1317 	DEBUG 	TextBox2 loaded 1 chars with 0 blanks and 1 valid
13.1320 	DEBUG 	TextBox2 loaded 1 chars with 0 blanks and 1 valid
13.1325 	DEBUG 	TextBox2 loaded 1 chars with 0 blanks and 1 valid
13.1333 	DEBUG 	TextBox2 loaded 1 chars with 0 blanks and 1 valid
13.1341 	DEBUG 	TextBox2 loaded 1 chars with 0 blanks and 1 valid
13.1350 	DEBUG 	TextBox2 loaded 1 chars with 0 blanks and 1 valid
13.1358 	DEBUG 	TextBox2 loaded 1 chars with 0 blanks and 1 valid
13.1366 	DEBUG 	TextBox2 loaded 1 chars with 0 blanks and 1 valid
13.1375 	DEBUG 	TextBox2 loaded 1 chars with 0 blanks and 1 valid
13.1384 	DEBUG 	TextBox2 loaded 1 chars with 0 blanks and 1 valid
13.1389 	DEBUG 	TextBox2 loaded 1 chars with 0 blanks and 1 valid
13.1395 	DEBUG 	TextBox2 loaded 1 chars with 0 blanks and 1 valid
13.1406 	DEBUG 	TextBox2 loaded 1 chars with 0 blanks and 1 valid
13.1411 	DEBUG 	TextBox2 loaded 1 chars with 0 blanks and 1 valid
13.1415 	DEBUG 	Uploading Texture Font fontname to graphics card
13.1568 	DEBUG 	Upload of Texture Font fontname complete
13.1735 	DEBUG 	TextBox2 loaded 1 chars with 0 blanks and 1 valid
13.1746 	DEBUG 	TextBox2 loaded 1 chars with 0 blanks and 1 valid
13.1756 	DEBUG 	TextBox2 loaded 1 chars with 0 blanks and 1 valid
13.1759 	DEBUG 	Uploading Texture Font fontname to graphics card
13.1919 	DEBUG 	Upload of Texture Font fontname complete
13.1939 	EXP 	window1: Attempting to measure frame rate of screen (0) ...
13.1939 	EXP 	window1: recordFrameIntervals = False
13.3645 	EXP 	window1: recordFrameIntervals = True
13.5477 	EXP 	Screen (0) actual frame rate measured at 59.91Hz
13.5477 	EXP 	window1: recordFrameIntervals = False
13.5638 	DEBUG 	TextBox2 loaded 1 chars with 0 blanks and 1 valid
13.5644 	DEBUG 	TextBox2 loaded 1 chars with 0 blanks and 1 valid
13.5654 	DEBUG 	TextBox2 loaded 1 chars with 0 blanks and 1 valid
13.5665 	DEBUG 	TextBox2 loaded 1 chars with 0 blanks and 1 valid
13.5676 	DEBUG 	TextBox2 loaded 1 chars with 0 blanks and 1 valid
13.5687 	DEBUG 	TextBox2 loaded 1 chars with 0 blanks and 1 valid
13.5693 	DEBUG 	TextBox2 loaded 1 chars with 0 blanks and 1 valid
13.5703 	DEBUG 	TextBox2 loaded 1 chars with 0 blanks and 1 valid
13.5715 	DEBUG 	TextBox2 loaded 1 chars with 0 blanks and 1 valid
13.5725 	DEBUG 	TextBox2 loaded 1 chars with 0 blanks and 1 valid
13.5728 	DEBUG 	Uploading Texture Font fontname to graphics card
13.5733 	DEBUG 	Upload of Texture Font fontname complete
13.5945 	WARNING 	launchHubServer: If using the iohub mouse or eyetracker devices, fullScr should be True.
15.5006 	INFO 	keyboard.Keyboard is using iohub backend.
15.5006 	INFO 	keyboard.Keyboard is using iohub backend.
15.5007 	INFO 	keyboard.Keyboard is using iohub backend.
15.5007 	EXP 	prelearned_chunks: status = STARTED
15.5559 	EXP 	Created textWelcome = TextStim(__class__=<class 'psychopy.visual.text.TextStim'>, alignHoriz=method-wrapper(...), alignText='center', alignVert=method-wrapper(...), anchorHoriz='center', anchorVert='center', antialias=True, autoDraw=False, autoLog=True, bold=False, color=array([1., 1., 1.]), colorSpace='rgb', contrast=1.0, depth=0.0, draggable=False, flipHoriz=False, flipVert=False, font='Arial', fontFiles=[], height=0.05, italic=False, languageStyle='LTR', name='textWelcome', opacity=1, ori=0.0, pos=array([0., 0.]), rgb=UNKNOWN, text='Welcome!\nPress space plis.', units='height', win=Window(...), wrapWidth=1)
15.5601 	EXP 	Created textGame = TextStim(__class__=<class 'psychopy.visual.text.TextStim'>, alignHoriz=method-wrapper(...), alignText='center', alignVert=method-wrapper(...), anchorHoriz='center', anchorVert='center', antialias=True, autoDraw=False, autoLog=True, bold=False, color=array([1., 1., 1.]), colorSpace='rgb', contrast=1.0, depth=0.0, draggable=False, flipHoriz=False, flipVert=False, font='Arial', fontFiles=[], height=0.05, italic=False, languageStyle='LTR', name='textGame', opacity=1, ori=0.0, pos=array([0., 0.]), rgb=UNKNOWN, text='Game', units='height', win=Window(...), wrapWidth=1)
15.5663 	EXP 	Created text = TextStim(__class__=<class 'psychopy.visual.text.TextStim'>, alignHoriz=method-wrapper(...), alignText='center', alignVert=method-wrapper(...), anchorHoriz='center', anchorVert='center', antialias=True, autoDraw=False, autoLog=True, bold=False, color=array([1., 1., 1.]), colorSpace='rgb', contrast=1.0, depth=0.0, draggable=False, flipHoriz=False, flipVert=False, font='Arial', fontFiles=[], height=0.05, italic=False, languageStyle='LTR', name='text', opacity=1, ori=0.0, pos=array([0., 0.]), rgb=UNKNOWN, text='Thanks!\nPress space plis.', units='height', win=Window(...), wrapWidth=1)
0.0350 	INFO 	Keyboard events cleared
0.0346 	EXP 	textWelcome: autoDraw = True
1.9202 	DEBUG 	Read excel file with openpyxl: config/config.xlsx
1.9772 	EXP 	Imported config/config.xlsx as conditions, 160 conditions, 26 params
1.9813 	EXP 	New trial (rep=0, index=0): <Trial 0 (0 in rep 0) data={'trialType': 'random', 'letter1': 'W', 'type_letter1': 'italic', 'letter2': 'M', 'type_letter2': 'bold', 'letter3': 'A', 'type_letter3': 'bold', 'letter4': 'E', 'type_letter4': 'bold', 'letter5': 'Y', 'type_letter5': 'bold', 'letter6': 'P', 'type_letter6': 'italic', 'letter7': 'T', 'type_letter7': 'bold', 'letter8': 'I', 'type_letter8': 'italic', 'starPosition': 1.0, 'letterTarget': 'W', 'TypeTarget': 'italic', 'letterFoil1': 'W', 'typeFoil1': 'bold', 'letterFoil2': 'S', 'typeFoil2': 'italic', 'letterFoil3': 'S', 'typeFoil3': 'bold', 'thisN': 0, 'thisTrialN': 0, 'thisRepN': 0}>
1.9840 	DATA 	Keypress: space
2.0046 	EXP 	textWelcome: autoDraw = False
2.0046 	EXP 	textGame: autoDraw = True
2.8130 	EXP 	New trial (rep=0, index=1): <Trial 1 (1 in rep 0) data={'trialType': 'chunk', 'letter1': 'I', 'type_letter1': 'italic', 'letter2': 'F', 'type_letter2': 'italic', 'letter3': 'M', 'type_letter3': 'italic', 'letter4': 'Y', 'type_letter4': 'italic', 'letter5': 'T', 'type_letter5': 'italic', 'letter6': 'O', 'type_letter6': 'italic', 'letter7': 'U', 'type_letter7': 'bold', 'letter8': 'P', 'type_letter8': 'bold', 'starPosition': 2.0, 'letterTarget': 'F', 'TypeTarget': 'italic', 'letterFoil1': 'F', 'typeFoil1': 'bold', 'letterFoil2': 'T', 'typeFoil2': 'italic', 'letterFoil3': 'T', 'typeFoil3': 'bold', 'thisN': 1, 'thisTrialN': 1, 'thisRepN': 0}>
2.8274 	EXP 	textGame: autoDraw = False
2.8274 	EXP 	textGame: autoDraw = True
3.7969 	DATA 	Keypress: space
3.8127 	EXP 	New trial (rep=0, index=2): <Trial 2 (2 in rep 0) data={'trialType': 'chunk', 'letter1': 'W', 'type_letter1': 'bold', 'letter2': 'E', 'type_letter2': 'italic', 'letter3': 'U', 'type_letter3': 'bold', 'letter4': 'P', 'type_letter4': 'bold', 'letter5': 'I', 'type_letter5': 'bold', 'letter6': 'F', 'type_letter6': 'italic', 'letter7': 'T', 'type_letter7': 'bold', 'letter8': 'O', 'type_letter8': 'bold', 'starPosition': 8.0, 'letterTarget': 'O', 'TypeTarget': 'bold', 'letterFoil1': 'O', 'typeFoil1': 'italic', 'letterFoil2': 'S', 'typeFoil2': 'bold', 'letterFoil3': 'S', 'typeFoil3': 'italic', 'thisN': 2, 'thisTrialN': 2, 'thisRepN': 0}>
3.8273 	EXP 	textGame: autoDraw = False
3.8273 	EXP 	textGame: autoDraw = True
4.8129 	EXP 	New trial (rep=0, index=3): <Trial 3 (3 in rep 0) data={'trialType': 'chunk', 'letter1': 'W', 'type_letter1': 'italic', 'letter2': 'E', 'type_letter2': 'italic', 'letter3': 'T', 'type_letter3': 'bold', 'letter4': 'O', 'type_letter4': 'bold', 'letter5': 'U', 'type_letter5': 'italic', 'letter6': 'P', 'type_letter6': 'italic', 'letter7': 'I', 'type_letter7': 'bold', 'letter8': 'F', 'type_letter8': 'bold', 'starPosition': 2.0, 'letterTarget': 'E', 'TypeTarget': 'italic', 'letterFoil1': 'E', 'typeFoil1': 'bold', 'letterFoil2': 'S', 'typeFoil2': 'italic', 'letterFoil3': 'S', 'typeFoil3': 'bold', 'thisN': 3, 'thisTrialN': 3, 'thisRepN': 0}>
4.8272 	EXP 	textGame: autoDraw = False
4.8272 	EXP 	textGame: autoDraw = True
5.8133 	EXP 	New trial (rep=0, index=4): <Trial 4 (4 in rep 0) data={'trialType': 'chunk', 'letter1': 'A', 'type_letter1': 'italic', 'letter2': 'S', 'type_letter2': 'bold', 'letter3': 'W', 'type_letter3': 'italic', 'letter4': 'E', 'type_letter4': 'bold', 'letter5': 'M', 'type_letter5': 'bold', 'letter6': 'Y', 'type_letter6': 'italic', 'letter7': 'T', 'type_letter7': 'italic', 'letter8': 'O', 'type_letter8': 'bold', 'starPosition': 6.0, 'letterTarget': 'Y', 'TypeTarget': 'italic', 'letterFoil1': 'Y', 'typeFoil1': 'bold', 'letterFoil2': 'I', 'typeFoil2': 'italic', 'letterFoil3': 'I', 'typeFoil3': 'bold', 'thisN': 4, 'thisTrialN': 4, 'thisRepN': 0}>
5.8272 	EXP 	textGame: autoDraw = False
5.8272 	EXP 	textGame: autoDraw = True
6.8135 	EXP 	New trial (rep=0, index=5): <Trial 5 (5 in rep 0) data={'trialType': 'random', 'letter1': 'E', 'type_letter1': 'italic', 'letter2': 'M', 'type_letter2': 'italic', 'letter3': 'S', 'type_letter3': 'italic', 'letter4': 'P', 'type_letter4': 'italic', 'letter5': 'T', 'type_letter5': 'italic', 'letter6': 'U', 'type_letter6': 'italic', 'letter7': 'O', 'type_letter7': 'bold', 'letter8': 'A', 'type_letter8': 'bold', 'starPosition': 3.0, 'letterTarget': 'S', 'TypeTarget': 'italic', 'letterFoil1': 'S', 'typeFoil1': 'bold', 'letterFoil2': 'Y', 'typeFoil2': 'italic', 'letterFoil3': 'Y', 'typeFoil3': 'bold', 'thisN': 5, 'thisTrialN': 5, 'thisRepN': 0}>
6.8272 	EXP 	textGame: autoDraw = False
6.8272 	EXP 	textGame: autoDraw = True
7.8174 	EXP 	New trial (rep=0, index=6): <Trial 6 (6 in rep 0) data={'trialType': 'random', 'letter1': 'P', 'type_letter1': 'bold', 'letter2': 'A', 'type_letter2': 'italic', 'letter3': 'I', 'type_letter3': 'bold', 'letter4': 'T', 'type_letter4': 'bold', 'letter5': 'U', 'type_letter5': 'bold', 'letter6': 'E', 'type_letter6': 'italic', 'letter7': 'M', 'type_letter7': 'bold', 'letter8': 'F', 'type_letter8': 'bold', 'starPosition': 7.0, 'letterTarget': 'M', 'TypeTarget': 'bold', 'letterFoil1': 'M', 'typeFoil1': 'italic', 'letterFoil2': 'W', 'typeFoil2': 'bold', 'letterFoil3': 'W', 'typeFoil3': 'italic', 'thisN': 6, 'thisTrialN': 6, 'thisRepN': 0}>
7.8308 	EXP 	textGame: autoDraw = False
7.8308 	EXP 	textGame: autoDraw = True
8.8124 	EXP 	New trial (rep=0, index=7): <Trial 7 (7 in rep 0) data={'trialType': 'random', 'letter1': 'I', 'type_letter1': 'bold', 'letter2': 'W', 'type_letter2': 'italic', 'letter3': 'Y', 'type_letter3': 'italic', 'letter4': 'F', 'type_letter4': 'italic', 'letter5': 'P', 'type_letter5': 'italic', 'letter6': 'A', 'type_letter6': 'bold', 'letter7': 'O', 'type_letter7': 'bold', 'letter8': 'M', 'type_letter8': 'italic', 'starPosition': 1.0, 'letterTarget': 'I', 'TypeTarget': 'bold', 'letterFoil1': 'I', 'typeFoil1': 'italic', 'letterFoil2': 'I', 'typeFoil2': 'bold', 'letterFoil3': 'I', 'typeFoil3': 'italic', 'thisN': 7, 'thisTrialN': 7, 'thisRepN': 0}>
8.8268 	EXP 	textGame: autoDraw = False
8.8268 	EXP 	textGame: autoDraw = True
9.8123 	EXP 	New trial (rep=0, index=8): <Trial 8 (8 in rep 0) data={'trialType': 'chunk', 'letter1': 'T', 'type_letter1': 'bold', 'letter2': 'O', 'type_letter2': 'bold', 'letter3': 'A', 'type_letter3': 'italic', 'letter4': 'S', 'type_letter4': 'italic', 'letter5': 'U', 'type_letter5': 'bold', 'letter6': 'P', 'type_letter6': 'bold', 'letter7': 'W', 'type_letter7': 'italic', 'letter8': 'E', 'type_letter8': 'italic', 'starPosition': 4.0, 'letterTarget': 'S', 'TypeTarget': 'italic', 'letterFoil1': 'S', 'typeFoil1': 'bold', 'letterFoil2': 'I', 'typeFoil2': 'italic', 'letterFoil3': 'I', 'typeFoil3': 'bold', 'thisN': 8, 'thisTrialN': 8, 'thisRepN': 0}>
9.8266 	EXP 	textGame: autoDraw = False
9.8266 	EXP 	textGame: autoDraw = True
10.8133 	EXP 	New trial (rep=0, index=9): <Trial 9 (9 in rep 0) data={'trialType': 'random', 'letter1': 'W', 'type_letter1': 'italic', 'letter2': 'U', 'type_letter2': 'italic', 'letter3': 'I', 'type_letter3': 'bold', 'letter4': 'P', 'type_letter4': 'bold', 'letter5': 'E', 'type_letter5': 'bold', 'letter6': 'Y', 'type_letter6': 'italic', 'letter7': 'M', 'type_letter7': 'bold', 'letter8': 'F', 'type_letter8': 'bold', 'starPosition': 7.0, 'letterTarget': 'M', 'TypeTarget': 'bold', 'letterFoil1': 'M', 'typeFoil1': 'italic', 'letterFoil2': 'T', 'typeFoil2': 'bold', 'letterFoil3': 'T', 'typeFoil3': 'italic', 'thisN': 9, 'thisTrialN': 9, 'thisRepN': 0}>
10.8269 	EXP 	textGame: autoDraw = False
10.8269 	EXP 	textGame: autoDraw = True
11.2630 	DATA 	Keypress: space
11.8123 	EXP 	New trial (rep=0, index=10): <Trial 10 (10 in rep 0) data={'trialType': 'random', 'letter1': 'O', 'type_letter1': 'italic', 'letter2': 'P', 'type_letter2': 'italic', 'letter3': 'E', 'type_letter3': 'italic', 'letter4': 'T', 'type_letter4': 'bold', 'letter5': 'W', 'type_letter5': 'bold', 'letter6': 'U', 'type_letter6': 'italic', 'letter7': 'M', 'type_letter7': 'bold', 'letter8': 'A', 'type_letter8': 'bold', 'starPosition': 5.0, 'letterTarget': 'W', 'TypeTarget': 'bold', 'letterFoil1': 'W', 'typeFoil1': 'italic', 'letterFoil2': 'I', 'typeFoil2': 'bold', 'letterFoil3': 'I', 'typeFoil3': 'italic', 'thisN': 10, 'thisTrialN': 10, 'thisRepN': 0}>
11.8263 	EXP 	textGame: autoDraw = False
11.8263 	EXP 	textGame: autoDraw = False
11.8263 	EXP 	textGame: autoDraw = True
12.8123 	EXP 	New trial (rep=0, index=11): <Trial 11 (11 in rep 0) data={'trialType': 'random', 'letter1': 'E', 'type_letter1': 'bold', 'letter2': 'T', 'type_letter2': 'bold', 'letter3': 'U', 'type_letter3': 'italic', 'letter4': 'Y', 'type_letter4': 'bold', 'letter5': 'P', 'type_letter5': 'italic', 'letter6': 'O', 'type_letter6': 'bold', 'letter7': 'I', 'type_letter7': 'italic', 'letter8': 'W', 'type_letter8': 'italic', 'starPosition': 2.0, 'letterTarget': 'T', 'TypeTarget': 'bold', 'letterFoil1': 'T', 'typeFoil1': 'italic', 'letterFoil2': 'A', 'typeFoil2': 'bold', 'letterFoil3': 'A', 'typeFoil3': 'italic', 'thisN': 11, 'thisTrialN': 11, 'thisRepN': 0}>
12.8263 	EXP 	textGame: autoDraw = False
12.8263 	EXP 	textGame: autoDraw = False
12.8263 	EXP 	textGame: autoDraw = True
12.9459 	DATA 	Keypress: space
13.8118 	EXP 	New trial (rep=0, index=12): <Trial 12 (12 in rep 0) data={'trialType': 'chunk', 'letter1': 'M', 'type_letter1': 'italic', 'letter2': 'Y', 'type_letter2': 'bold', 'letter3': 'U', 'type_letter3': 'italic', 'letter4': 'P', 'type_letter4': 'bold', 'letter5': 'T', 'type_letter5': 'bold', 'letter6': 'O', 'type_letter6': 'italic', 'letter7': 'A', 'type_letter7': 'italic', 'letter8': 'S', 'type_letter8': 'bold', 'starPosition': 3.0, 'letterTarget': 'U', 'TypeTarget': 'italic', 'letterFoil1': 'U', 'typeFoil1': 'bold', 'letterFoil2': 'I', 'typeFoil2': 'italic', 'letterFoil3': 'I', 'typeFoil3': 'bold', 'thisN': 12, 'thisTrialN': 12, 'thisRepN': 0}>
13.8262 	EXP 	textGame: autoDraw = False
13.8262 	EXP 	textGame: autoDraw = False
13.8262 	EXP 	textGame: autoDraw = True
14.5457 	DATA 	Mouse: Left button down, pos=(174,306)
14.7626 	DATA 	Mouse:  Left button up, pos=(174,306)
14.8119 	EXP 	New trial (rep=0, index=13): <Trial 13 (13 in rep 0) data={'trialType': 'chunk', 'letter1': 'W', 'type_letter1': 'bold', 'letter2': 'E', 'type_letter2': 'italic', 'letter3': 'A', 'type_letter3': 'italic', 'letter4': 'S', 'type_letter4': 'bold', 'letter5': 'U', 'type_letter5': 'italic', 'letter6': 'P', 'type_letter6': 'italic', 'letter7': 'T', 'type_letter7': 'italic', 'letter8': 'O', 'type_letter8': 'italic', 'starPosition': 7.0, 'letterTarget': 'T', 'TypeTarget': 'italic', 'letterFoil1': 'T', 'typeFoil1': 'bold', 'letterFoil2': 'I', 'typeFoil2': 'italic', 'letterFoil3': 'I', 'typeFoil3': 'bold', 'thisN': 13, 'thisTrialN': 13, 'thisRepN': 0}>
14.8259 	EXP 	textGame: autoDraw = False
14.8259 	EXP 	textGame: autoDraw = False
14.8259 	EXP 	textGame: autoDraw = True
15.3122 	DATA 	Mouse: Left button down, pos=(240,395)
15.4624 	DATA 	Mouse:  Left button up, pos=(240,395)
15.4626 	DATA 	Mouse: Left button down, pos=(240,395)
15.6458 	DATA 	Mouse:  Left button up, pos=(240,395)
15.6460 	DATA 	Mouse: Left button down, pos=(240,395)
15.7956 	DATA 	Mouse:  Left button up, pos=(240,395)
15.7959 	DATA 	Mouse: Left button down, pos=(240,395)
15.8119 	EXP 	New trial (rep=0, index=14): <Trial 14 (14 in rep 0) data={'trialType': 'random', 'letter1': 'M', 'type_letter1': 'bold', 'letter2': 'E', 'type_letter2': 'italic', 'letter3': 'T', 'type_letter3': 'bold', 'letter4': 'W', 'type_letter4': 'italic', 'letter5': 'S', 'type_letter5': 'bold', 'letter6': 'U', 'type_letter6': 'bold', 'letter7': 'Y', 'type_letter7': 'italic', 'letter8': 'I', 'type_letter8': 'bold', 'starPosition': 4.0, 'letterTarget': 'W', 'TypeTarget': 'italic', 'letterFoil1': 'W', 'typeFoil1': 'bold', 'letterFoil2': 'A', 'typeFoil2': 'italic', 'letterFoil3': 'A', 'typeFoil3': 'bold', 'thisN': 14, 'thisTrialN': 14, 'thisRepN': 0}>
15.8259 	EXP 	textGame: autoDraw = False
15.8259 	EXP 	textGame: autoDraw = False
15.8259 	EXP 	textGame: autoDraw = True
15.9958 	DATA 	Mouse:  Left button up, pos=(240,395)
16.8118 	EXP 	New trial (rep=0, index=15): <Trial 15 (15 in rep 0) data={'trialType': 'chunk', 'letter1': 'W', 'type_letter1': 'bold', 'letter2': 'E', 'type_letter2': 'bold', 'letter3': 'U', 'type_letter3': 'bold', 'letter4': 'P', 'type_letter4': 'italic', 'letter5': 'I', 'type_letter5': 'bold', 'letter6': 'F', 'type_letter6': 'italic', 'letter7': 'A', 'type_letter7': 'bold', 'letter8': 'S', 'type_letter8': 'italic', 'starPosition': 4.0, 'letterTarget': 'P', 'TypeTarget': 'italic', 'letterFoil1': 'P', 'typeFoil1': 'bold', 'letterFoil2': 'T', 'typeFoil2': 'italic', 'letterFoil3': 'T', 'typeFoil3': 'bold', 'thisN': 15, 'thisTrialN': 15, 'thisRepN': 0}>
16.8261 	EXP 	textGame: autoDraw = False
16.8261 	EXP 	textGame: autoDraw = False
16.8261 	EXP 	textGame: autoDraw = True
17.8333 	EXP 	New trial (rep=0, index=16): <Trial 16 (16 in rep 0) data={'trialType': 'random', 'letter1': 'F', 'type_letter1': 'italic', 'letter2': 'P', 'type_letter2': 'bold', 'letter3': 'S', 'type_letter3': 'italic', 'letter4': 'Y', 'type_letter4': 'italic', 'letter5': 'U', 'type_letter5': 'italic', 'letter6': 'A', 'type_letter6': 'italic', 'letter7': 'M', 'type_letter7': 'italic', 'letter8': 'E', 'type_letter8': 'italic', 'starPosition': 2.0, 'letterTarget': 'P', 'TypeTarget': 'bold', 'letterFoil1': 'P', 'typeFoil1': 'italic', 'letterFoil2': 'T', 'typeFoil2': 'bold', 'letterFoil3': 'T', 'typeFoil3': 'italic', 'thisN': 16, 'thisTrialN': 16, 'thisRepN': 0}>
17.8443 	EXP 	textGame: autoDraw = False
17.8443 	EXP 	textGame: autoDraw = True
18.8406 	EXP 	New trial (rep=0, index=17): <Trial 17 (17 in rep 0) data={'trialType': 'random', 'letter1': 'A', 'type_letter1': 'bold', 'letter2': 'O', 'type_letter2': 'bold', 'letter3': 'U', 'type_letter3': 'italic', 'letter4': 'T', 'type_letter4': 'italic', 'letter5': 'E', 'type_letter5': 'bold', 'letter6': 'M', 'type_letter6': 'bold', 'letter7': 'W', 'type_letter7': 'italic', 'letter8': 'P', 'type_letter8': 'italic', 'starPosition': 2.0, 'letterTarget': 'O', 'TypeTarget': 'bold', 'letterFoil1': 'O', 'typeFoil1': 'italic', 'letterFoil2': 'I', 'typeFoil2': 'bold', 'letterFoil3': 'I', 'typeFoil3': 'italic', 'thisN': 17, 'thisTrialN': 17, 'thisRepN': 0}>
18.8583 	EXP 	textGame: autoDraw = False
18.8583 	EXP 	textGame: autoDraw = True
19.8160 	EXP 	New trial (rep=0, index=18): <Trial 18 (18 in rep 0) data={'trialType': 'random', 'letter1': 'S', 'type_letter1': 'italic', 'letter2': 'T', 'type_letter2': 'italic', 'letter3': 'Y', 'type_letter3': 'italic', 'letter4': 'F', 'type_letter4': 'bold', 'letter5': 'P', 'type_letter5': 'bold', 'letter6': 'M', 'type_letter6': 'italic', 'letter7': 'A', 'type_letter7': 'italic', 'letter8': 'U', 'type_letter8': 'italic', 'starPosition': 8.0, 'letterTarget': 'U', 'TypeTarget': 'italic', 'letterFoil1': 'U', 'typeFoil1': 'bold', 'letterFoil2': 'O', 'typeFoil2': 'italic', 'letterFoil3': 'O', 'typeFoil3': 'bold', 'thisN': 18, 'thisTrialN': 18, 'thisRepN': 0}>
19.8307 	EXP 	textGame: autoDraw = False
19.8307 	EXP 	textGame: autoDraw = True
20.8429 	EXP 	New trial (rep=0, index=19): <Trial 19 (19 in rep 0) data={'trialType': 'random', 'letter1': 'A', 'type_letter1': 'bold', 'letter2': 'E', 'type_letter2': 'bold', 'letter3': 'U', 'type_letter3': 'bold', 'letter4': 'S', 'type_letter4': 'bold', 'letter5': 'I', 'type_letter5': 'bold', 'letter6': 'O', 'type_letter6': 'italic', 'letter7': 'M', 'type_letter7': 'bold', 'letter8': 'T', 'type_letter8': 'bold', 'starPosition': 8.0, 'letterTarget': 'T', 'TypeTarget': 'bold', 'letterFoil1': 'T', 'typeFoil1': 'italic', 'letterFoil2': 'P', 'typeFoil2': 'bold', 'letterFoil3': 'P', 'typeFoil3': 'italic', 'thisN': 19, 'thisTrialN': 19, 'thisRepN': 0}>
20.8681 	EXP 	textGame: autoDraw = False
20.8681 	EXP 	textGame: autoDraw = True
21.8181 	EXP 	New trial (rep=0, index=20): <Trial 20 (20 in rep 0) data={'trialType': 'random', 'letter1': 'E', 'type_letter1': 'italic', 'letter2': 'P', 'type_letter2': 'bold', 'letter3': 'M', 'type_letter3': 'bold', 'letter4': 'I', 'type_letter4': 'bold', 'letter5': 'F', 'type_letter5': 'bold', 'letter6': 'T', 'type_letter6': 'bold', 'letter7': 'U', 'type_letter7': 'bold', 'letter8': 'S', 'type_letter8': 'italic', 'starPosition': 6.0, 'letterTarget': 'T', 'TypeTarget': 'bold', 'letterFoil1': 'T', 'typeFoil1': 'italic', 'letterFoil2': 'W', 'typeFoil2': 'bold', 'letterFoil3': 'W', 'typeFoil3': 'italic', 'thisN': 20, 'thisTrialN': 20, 'thisRepN': 0}>
21.8331 	EXP 	textGame: autoDraw = False
21.8331 	EXP 	textGame: autoDraw = True
22.8274 	EXP 	New trial (rep=0, index=21): <Trial 21 (21 in rep 0) data={'trialType': 'chunk', 'letter1': 'W', 'type_letter1': 'italic', 'letter2': 'E', 'type_letter2': 'italic', 'letter3': 'T', 'type_letter3': 'italic', 'letter4': 'O', 'type_letter4': 'bold', 'letter5': 'M', 'type_letter5': 'italic', 'letter6': 'Y', 'type_letter6': 'bold', 'letter7': 'I', 'type_letter7': 'bold', 'letter8': 'F', 'type_letter8': 'bold', 'starPosition': 3.0, 'letterTarget': 'T', 'TypeTarget': 'italic', 'letterFoil1': 'T', 'typeFoil1': 'bold', 'letterFoil2': 'P', 'typeFoil2': 'italic', 'letterFoil3': 'P', 'typeFoil3': 'bold', 'thisN': 21, 'thisTrialN': 21, 'thisRepN': 0}>
22.8419 	EXP 	textGame: autoDraw = False
22.8419 	EXP 	textGame: autoDraw = True
23.8270 	EXP 	New trial (rep=0, index=22): <Trial 22 (22 in rep 0) data={'trialType': 'random', 'letter1': 'E', 'type_letter1': 'italic', 'letter2': 'M', 'type_letter2': 'italic', 'letter3': 'Y', 'type_letter3': 'italic', 'letter4': 'O', 'type_letter4': 'bold', 'letter5': 'F', 'type_letter5': 'italic', 'letter6': 'P', 'type_letter6': 'italic', 'letter7': 'I', 'type_letter7': 'italic', 'letter8': 'S', 'type_letter8': 'italic', 'starPosition': 4.0, 'letterTarget': 'O', 'TypeTarget': 'bold', 'letterFoil1': 'O', 'typeFoil1': 'italic', 'letterFoil2': 'T', 'typeFoil2': 'bold', 'letterFoil3': 'T', 'typeFoil3': 'italic', 'thisN': 22, 'thisTrialN': 22, 'thisRepN': 0}>
23.8415 	EXP 	textGame: autoDraw = False
23.8415 	EXP 	textGame: autoDraw = True
23.8778 	DATA 	Mouse: Left button down, pos=(511,290)
24.0943 	DATA 	Mouse:  Left button up, pos=(511,290)
24.3943 	DATA 	Keypress: space
24.8270 	EXP 	New trial (rep=0, index=23): <Trial 23 (23 in rep 0) data={'trialType': 'chunk', 'letter1': 'M', 'type_letter1': 'italic', 'letter2': 'Y', 'type_letter2': 'italic', 'letter3': 'I', 'type_letter3': 'bold', 'letter4': 'F', 'type_letter4': 'bold', 'letter5': 'U', 'type_letter5': 'italic', 'letter6': 'P', 'type_letter6': 'bold', 'letter7': 'T', 'type_letter7': 'italic', 'letter8': 'O', 'type_letter8': 'italic', 'starPosition': 3.0, 'letterTarget': 'I', 'TypeTarget': 'bold', 'letterFoil1': 'I', 'typeFoil1': 'italic', 'letterFoil2': 'A', 'typeFoil2': 'bold', 'letterFoil3': 'A', 'typeFoil3': 'italic', 'thisN': 23, 'thisTrialN': 23, 'thisRepN': 0}>
24.8414 	EXP 	textGame: autoDraw = False
24.8414 	EXP 	textGame: autoDraw = True
25.7941 	DATA 	Keypress: escape
25.8272 	EXP 	New trial (rep=0, index=24): <Trial 24 (24 in rep 0) data={'trialType': 'random', 'letter1': 'F', 'type_letter1': 'italic', 'letter2': 'A', 'type_letter2': 'italic', 'letter3': 'W', 'type_letter3': 'italic', 'letter4': 'T', 'type_letter4': 'bold', 'letter5': 'S', 'type_letter5': 'italic', 'letter6': 'E', 'type_letter6': 'bold', 'letter7': 'M', 'type_letter7': 'bold', 'letter8': 'O', 'type_letter8': 'italic', 'starPosition': 8.0, 'letterTarget': 'O', 'TypeTarget': 'italic', 'letterFoil1': 'O', 'typeFoil1': 'bold', 'letterFoil2': 'P', 'typeFoil2': 'italic', 'letterFoil3': 'P', 'typeFoil3': 'bold', 'thisN': 24, 'thisTrialN': 24, 'thisRepN': 0}>
25.8410 	EXP 	textGame: autoDraw = False
25.8410 	EXP 	textGame: autoDraw = True
25.9436 	EXP 	prelearned_chunks: status = STOPPED
25.9578 	EXP 	textGame: autoDraw = False
25.9598 	EXP 	prelearned_chunks: status = STOPPED
26.0553 	INFO 	saved data to 'D:\\repositorio\\psychopy\\data/377052_prelearned_chunks_2025-08-14_19h47.52.587.csv'
26.1264 	INFO 	saved data to D:\repositorio\psychopy\data/377052_prelearned_chunks_2025-08-14_19h47.52.587.psydat
27.6381 	DEBUG 	Saving data for prelearned_chunks ExperimentHandler
