4.6100 	DEBUG 	Fullscreen settings ignored as running in pilot mode.
4.6111 	INFO 	Loaded monitor calibration from ['2025_08_10 19:43']
4.8576 	EXP 	Created window1 = Window(allowGUI=False, allowStencil=False, autoLog=True, backendConf=UNKNOWN, backgroundFit=<method-wrapper '__getattribute__' of attributeSetter object at 0x000001B9D2436CE0>, backgroundImage=<method-wrapper '__getattribute__' of attributeSetter object at 0x000001B9D2436D40>, bitsMode=UNKNOWN, blendMode='avg', bpc=(8, 8, 8), color=array([0, 0, 0]), colorSpace='rgb', depthBits=8, fullscr=False, gamma=None, gammaErrorPolicy='raise', infoMsg=UNKNOWN, lms=UNKNOWN, monitor=<psychopy.monitors.calibTools.Monitor object at 0x000001B9D24C0370>, multiSample=False, name='window1', numSamples=2, pos=[560.0, 240.0], screen=0, size=array([800, 600]), stencilBits=0, stereo=False, title='PsychoPy', units='height', useFBO=True, useRetina=False, viewOri=0.0, viewPos=None, viewScale=None, waitBlanking=True, winType='pyglet')
4.8576 	EXP 	window1: backgroundImage = ''
4.8577 	EXP 	window1: backgroundFit = 'none'
4.8646 	DEBUG 	TextBox2 loaded 1 chars with 0 blanks and 1 valid
4.8653 	DEBUG 	TextBox2 loaded 1 chars with 0 blanks and 1 valid
4.8661 	DEBUG 	TextBox2 loaded 1 chars with 0 blanks and 1 valid
4.8670 	DEBUG 	TextBox2 loaded 1 chars with 0 blanks and 1 valid
4.8680 	DEBUG 	TextBox2 loaded 1 chars with 0 blanks and 1 valid
4.8686 	DEBUG 	TextBox2 loaded 1 chars with 0 blanks and 1 valid
4.8698 	DEBUG 	TextBox2 loaded 1 chars with 0 blanks and 1 valid
4.8714 	DEBUG 	TextBox2 loaded 1 chars with 0 blanks and 1 valid
4.8719 	DEBUG 	TextBox2 loaded 1 chars with 0 blanks and 1 valid
4.8724 	DEBUG 	TextBox2 loaded 1 chars with 0 blanks and 1 valid
4.8731 	DEBUG 	TextBox2 loaded 1 chars with 0 blanks and 1 valid
4.8739 	DEBUG 	TextBox2 loaded 1 chars with 0 blanks and 1 valid
4.8746 	DEBUG 	TextBox2 loaded 1 chars with 0 blanks and 1 valid
4.8753 	DEBUG 	TextBox2 loaded 1 chars with 0 blanks and 1 valid
4.8759 	DEBUG 	TextBox2 loaded 1 chars with 0 blanks and 1 valid
4.8766 	DEBUG 	TextBox2 loaded 1 chars with 0 blanks and 1 valid
4.8773 	DEBUG 	TextBox2 loaded 1 chars with 0 blanks and 1 valid
4.8778 	DEBUG 	TextBox2 loaded 1 chars with 0 blanks and 1 valid
4.8783 	DEBUG 	TextBox2 loaded 1 chars with 0 blanks and 1 valid
4.8792 	DEBUG 	TextBox2 loaded 1 chars with 0 blanks and 1 valid
4.8796 	DEBUG 	TextBox2 loaded 1 chars with 0 blanks and 1 valid
4.8800 	DEBUG 	Uploading Texture Font fontname to graphics card
4.8850 	DEBUG 	Upload of Texture Font fontname complete
4.8921 	DEBUG 	TextBox2 loaded 1 chars with 0 blanks and 1 valid
4.8931 	DEBUG 	TextBox2 loaded 1 chars with 0 blanks and 1 valid
4.8940 	DEBUG 	TextBox2 loaded 1 chars with 0 blanks and 1 valid
4.8942 	DEBUG 	Uploading Texture Font fontname to graphics card
4.8976 	DEBUG 	Upload of Texture Font fontname complete
4.8994 	EXP 	window1: Attempting to measure frame rate of screen (0) ...
4.8994 	EXP 	window1: recordFrameIntervals = False
5.0749 	EXP 	window1: recordFrameIntervals = True
5.3739 	EXP 	Screen (0) actual frame rate measured at 60.66Hz
5.3740 	EXP 	window1: recordFrameIntervals = False
5.3851 	DEBUG 	TextBox2 loaded 1 chars with 0 blanks and 1 valid
5.3862 	DEBUG 	TextBox2 loaded 1 chars with 0 blanks and 1 valid
5.3882 	DEBUG 	TextBox2 loaded 1 chars with 0 blanks and 1 valid
5.3901 	DEBUG 	TextBox2 loaded 1 chars with 0 blanks and 1 valid
5.3918 	DEBUG 	TextBox2 loaded 1 chars with 0 blanks and 1 valid
5.3933 	DEBUG 	TextBox2 loaded 1 chars with 0 blanks and 1 valid
5.3941 	DEBUG 	TextBox2 loaded 1 chars with 0 blanks and 1 valid
5.3953 	DEBUG 	TextBox2 loaded 1 chars with 0 blanks and 1 valid
5.3966 	DEBUG 	TextBox2 loaded 1 chars with 0 blanks and 1 valid
5.3979 	DEBUG 	TextBox2 loaded 1 chars with 0 blanks and 1 valid
5.3983 	DEBUG 	Uploading Texture Font fontname to graphics card
5.3990 	DEBUG 	Upload of Texture Font fontname complete
5.4149 	WARNING 	launchHubServer: If using the iohub mouse or eyetracker devices, fullScr should be True.
7.9206 	INFO 	keyboard.Keyboard is using iohub backend.
7.9207 	INFO 	keyboard.Keyboard is using iohub backend.
7.9207 	INFO 	keyboard.Keyboard is using iohub backend.
7.9207 	INFO 	keyboard.Keyboard is using iohub backend.
7.9208 	INFO 	keyboard.Keyboard is using iohub backend.
7.9208 	EXP 	prelearned_chunks: status = STARTED
7.9986 	EXP 	Created textWelcome = TextStim(__class__=<class 'psychopy.visual.text.TextStim'>, alignHoriz=method-wrapper(...), alignText='center', alignVert=method-wrapper(...), anchorHoriz='center', anchorVert='center', antialias=True, autoDraw=False, autoLog=True, bold=False, color=array([1., 1., 1.]), colorSpace='rgb', contrast=1.0, depth=0.0, draggable=False, flipHoriz=False, flipVert=False, font='Arial', fontFiles=[], height=0.05, italic=False, languageStyle='LTR', name='textWelcome', opacity=1, ori=0.0, pos=array([0., 0.]), rgb=UNKNOWN, text='Welcome!\nPress space plis.', units='height', win=Window(...), wrapWidth=1)
8.0017 	EXP 	Created textCrossLetras = TextStim(__class__=<class 'psychopy.visual.text.TextStim'>, alignHoriz=method-wrapper(...), alignText='center', alignVert=method-wrapper(...), anchorHoriz='center', anchorVert='center', antialias=True, autoDraw=False, autoLog=True, bold=False, color=array([1., 1., 1.]), colorSpace='rgb', contrast=1.0, depth=-2.0, draggable=False, flipHoriz=False, flipVert=False, font='Arial', fontFiles=[], height=0.05, italic=False, languageStyle='LTR', name='textCrossLetras', opacity=1, ori=0.0, pos=array([0., 0.]), rgb=UNKNOWN, text='+', units='height', win=Window(...), wrapWidth=1)
8.0033 	EXP 	Created textCrossBlanco = TextStim(__class__=<class 'psychopy.visual.text.TextStim'>, alignHoriz=method-wrapper(...), alignText='center', alignVert=method-wrapper(...), anchorHoriz='center', anchorVert='center', antialias=True, autoDraw=False, autoLog=True, bold=False, color=array([1., 1., 1.]), colorSpace='rgb', contrast=1.0, depth=0.0, draggable=False, flipHoriz=False, flipVert=False, font='Arial', fontFiles=[], height=0.05, italic=False, languageStyle='LTR', name='textCrossBlanco', opacity=1, ori=0.0, pos=array([0., 0.]), rgb=UNKNOWN, text='+', units='height', win=Window(...), wrapWidth=1)
8.0077 	EXP 	Created textThanks = TextStim(__class__=<class 'psychopy.visual.text.TextStim'>, alignHoriz=method-wrapper(...), alignText='center', alignVert=method-wrapper(...), anchorHoriz='center', anchorVert='center', antialias=True, autoDraw=False, autoLog=True, bold=False, color=array([1., 1., 1.]), colorSpace='rgb', contrast=1.0, depth=0.0, draggable=False, flipHoriz=False, flipVert=False, font='Arial', fontFiles=[], height=0.05, italic=False, languageStyle='LTR', name='textThanks', opacity=1, ori=0.0, pos=array([0., 0.]), rgb=UNKNOWN, text='Thanks!\nPress space plis.', units='height', win=Window(...), wrapWidth=1)
0.0304 	INFO 	Keyboard events cleared
0.0297 	EXP 	textWelcome: autoDraw = True
0.7730 	DEBUG 	Read excel file with openpyxl: config/config.xlsx
0.8261 	EXP 	Imported config/config.xlsx as conditions, 160 conditions, 26 params
0.8278 	EXP 	New trial (rep=0, index=0): <Trial 0 (0 in rep 0) data={'trialType': 'random', 'letter1': 'P', 'type_letter1': 'bold', 'letter2': 'E', 'type_letter2': 'italic', 'letter3': 'M', 'type_letter3': 'italic', 'letter4': 'F', 'type_letter4': 'bold', 'letter5': 'T', 'type_letter5': 'bold', 'letter6': 'Y', 'type_letter6': 'italic', 'letter7': 'S', 'type_letter7': 'bold', 'letter8': 'W', 'type_letter8': 'bold', 'starPosition': 8.0, 'letterTarget': 'W', 'TypeTarget': 'bold', 'letterFoil1': 'W', 'typeFoil1': 'italic', 'letterFoil2': 'S', 'typeFoil2': 'bold', 'letterFoil3': 'S', 'typeFoil3': 'italic', 'thisN': 0, 'thisTrialN': 0, 'thisRepN': 0}>
0.8315 	EXP 	Created unnamed TextStim = TextStim(__class__=<class 'psychopy.visual.text.TextStim'>, alignHoriz=method-wrapper(...), alignText='center', alignVert=method-wrapper(...), anchorHoriz='center', anchorVert='center', antialias=True, autoDraw=False, autoLog=True, bold=True, color=array([1., 1., 1.]), colorSpace='rgb', contrast=1.0, depth=0, draggable=False, flipHoriz=False, flipVert=False, font='', fontFiles=[], height=0.1, italic=False, languageStyle='LTR', name='unnamed TextStim', opacity=1.0, ori=0.0, pos=array([0. , 0.3]), rgb=UNKNOWN, text='P', units='height', win=Window(...), wrapWidth=1)
0.8352 	EXP 	Created unnamed TextStim = TextStim(__class__=<class 'psychopy.visual.text.TextStim'>, alignHoriz=method-wrapper(...), alignText='center', alignVert=method-wrapper(...), anchorHoriz='center', anchorVert='center', antialias=True, autoDraw=False, autoLog=True, bold=False, color=array([1., 1., 1.]), colorSpace='rgb', contrast=1.0, depth=0, draggable=False, flipHoriz=False, flipVert=False, font='', fontFiles=[], height=0.1, italic=True, languageStyle='LTR', name='unnamed TextStim', opacity=1.0, ori=0.0, pos=array([0.1, 0.3]), rgb=UNKNOWN, text='E', units='height', win=Window(...), wrapWidth=1)
0.8376 	EXP 	Created unnamed TextStim = TextStim(__class__=<class 'psychopy.visual.text.TextStim'>, alignHoriz=method-wrapper(...), alignText='center', alignVert=method-wrapper(...), anchorHoriz='center', anchorVert='center', antialias=True, autoDraw=False, autoLog=True, bold=False, color=array([1., 1., 1.]), colorSpace='rgb', contrast=1.0, depth=0, draggable=False, flipHoriz=False, flipVert=False, font='', fontFiles=[], height=0.1, italic=True, languageStyle='LTR', name='unnamed TextStim', opacity=1.0, ori=0.0, pos=array([0.3, 0. ]), rgb=UNKNOWN, text='M', units='height', win=Window(...), wrapWidth=1)
0.8399 	EXP 	Created unnamed TextStim = TextStim(__class__=<class 'psychopy.visual.text.TextStim'>, alignHoriz=method-wrapper(...), alignText='center', alignVert=method-wrapper(...), anchorHoriz='center', anchorVert='center', antialias=True, autoDraw=False, autoLog=True, bold=True, color=array([1., 1., 1.]), colorSpace='rgb', contrast=1.0, depth=0, draggable=False, flipHoriz=False, flipVert=False, font='', fontFiles=[], height=0.1, italic=False, languageStyle='LTR', name='unnamed TextStim', opacity=1.0, ori=0.0, pos=array([0.4, 0. ]), rgb=UNKNOWN, text='F', units='height', win=Window(...), wrapWidth=1)
0.8437 	EXP 	Created unnamed TextStim = TextStim(__class__=<class 'psychopy.visual.text.TextStim'>, alignHoriz=method-wrapper(...), alignText='center', alignVert=method-wrapper(...), anchorHoriz='center', anchorVert='center', antialias=True, autoDraw=False, autoLog=True, bold=True, color=array([1., 1., 1.]), colorSpace='rgb', contrast=1.0, depth=0, draggable=False, flipHoriz=False, flipVert=False, font='', fontFiles=[], height=0.1, italic=False, languageStyle='LTR', name='unnamed TextStim', opacity=1.0, ori=0.0, pos=array([ 0. , -0.3]), rgb=UNKNOWN, text='T', units='height', win=Window(...), wrapWidth=1)
0.8460 	EXP 	Created unnamed TextStim = TextStim(__class__=<class 'psychopy.visual.text.TextStim'>, alignHoriz=method-wrapper(...), alignText='center', alignVert=method-wrapper(...), anchorHoriz='center', anchorVert='center', antialias=True, autoDraw=False, autoLog=True, bold=False, color=array([1., 1., 1.]), colorSpace='rgb', contrast=1.0, depth=0, draggable=False, flipHoriz=False, flipVert=False, font='', fontFiles=[], height=0.1, italic=True, languageStyle='LTR', name='unnamed TextStim', opacity=1.0, ori=0.0, pos=array([ 0.1, -0.3]), rgb=UNKNOWN, text='Y', units='height', win=Window(...), wrapWidth=1)
0.8483 	EXP 	Created unnamed TextStim = TextStim(__class__=<class 'psychopy.visual.text.TextStim'>, alignHoriz=method-wrapper(...), alignText='center', alignVert=method-wrapper(...), anchorHoriz='center', anchorVert='center', antialias=True, autoDraw=False, autoLog=True, bold=True, color=array([1., 1., 1.]), colorSpace='rgb', contrast=1.0, depth=0, draggable=False, flipHoriz=False, flipVert=False, font='', fontFiles=[], height=0.1, italic=False, languageStyle='LTR', name='unnamed TextStim', opacity=1.0, ori=0.0, pos=array([-0.3,  0. ]), rgb=UNKNOWN, text='S', units='height', win=Window(...), wrapWidth=1)
0.8508 	EXP 	Created unnamed TextStim = TextStim(__class__=<class 'psychopy.visual.text.TextStim'>, alignHoriz=method-wrapper(...), alignText='center', alignVert=method-wrapper(...), anchorHoriz='center', anchorVert='center', antialias=True, autoDraw=False, autoLog=True, bold=True, color=array([1., 1., 1.]), colorSpace='rgb', contrast=1.0, depth=0, draggable=False, flipHoriz=False, flipVert=False, font='', fontFiles=[], height=0.1, italic=False, languageStyle='LTR', name='unnamed TextStim', opacity=1.0, ori=0.0, pos=array([-0.2,  0. ]), rgb=UNKNOWN, text='W', units='height', win=Window(...), wrapWidth=1)
0.8555 	DATA 	Keypress: space
0.8604 	INFO 	Keyboard events cleared
0.8600 	EXP 	textWelcome: autoDraw = False
0.8600 	EXP 	textCrossLetras: autoDraw = True
2.7440 	EXP 	textCrossLetras: autoDraw = False
2.7440 	EXP 	textCrossBlanco: autoDraw = True
9.7361 	EXP 	Created unnamed TextStim = TextStim(__class__=<class 'psychopy.visual.text.TextStim'>, alignHoriz=method-wrapper(...), alignText='center', alignVert=method-wrapper(...), anchorHoriz='center', anchorVert='center', antialias=True, autoDraw=False, autoLog=True, bold=False, color=array([1., 1., 1.]), colorSpace='rgb', contrast=1.0, depth=0, draggable=False, flipHoriz=False, flipVert=False, font='', fontFiles=[], height=0.1, italic=False, languageStyle='LTR', name='unnamed TextStim', opacity=1.0, ori=0.0, pos=array([-0.2,  0. ]), rgb=UNKNOWN, text='*', units='height', win=Window(...), wrapWidth=1)
9.7551 	INFO 	Keyboard events cleared
9.7542 	EXP 	textCrossBlanco: autoDraw = False
13.2568 	DATA 	Keypress: space
13.2729 	EXP 	New trial (rep=0, index=1): <Trial 1 (1 in rep 0) data={'trialType': 'chunk', 'letter1': 'I', 'type_letter1': 'italic', 'letter2': 'F', 'type_letter2': 'bold', 'letter3': 'A', 'type_letter3': 'bold', 'letter4': 'S', 'type_letter4': 'bold', 'letter5': 'U', 'type_letter5': 'bold', 'letter6': 'P', 'type_letter6': 'bold', 'letter7': 'T', 'type_letter7': 'italic', 'letter8': 'O', 'type_letter8': 'italic', 'starPosition': 4.0, 'letterTarget': 'S', 'TypeTarget': 'bold', 'letterFoil1': 'S', 'typeFoil1': 'italic', 'letterFoil2': 'W', 'typeFoil2': 'bold', 'letterFoil3': 'W', 'typeFoil3': 'italic', 'thisN': 1, 'thisTrialN': 1, 'thisRepN': 0}>
13.2788 	EXP 	Created unnamed TextStim = TextStim(__class__=<class 'psychopy.visual.text.TextStim'>, alignHoriz=method-wrapper(...), alignText='center', alignVert=method-wrapper(...), anchorHoriz='center', anchorVert='center', antialias=True, autoDraw=False, autoLog=True, bold=False, color=array([1., 1., 1.]), colorSpace='rgb', contrast=1.0, depth=0, draggable=False, flipHoriz=False, flipVert=False, font='', fontFiles=[], height=0.1, italic=True, languageStyle='LTR', name='unnamed TextStim', opacity=1.0, ori=0.0, pos=array([0. , 0.3]), rgb=UNKNOWN, text='I', units='height', win=Window(...), wrapWidth=1)
13.2826 	EXP 	Created unnamed TextStim = TextStim(__class__=<class 'psychopy.visual.text.TextStim'>, alignHoriz=method-wrapper(...), alignText='center', alignVert=method-wrapper(...), anchorHoriz='center', anchorVert='center', antialias=True, autoDraw=False, autoLog=True, bold=True, color=array([1., 1., 1.]), colorSpace='rgb', contrast=1.0, depth=0, draggable=False, flipHoriz=False, flipVert=False, font='', fontFiles=[], height=0.1, italic=False, languageStyle='LTR', name='unnamed TextStim', opacity=1.0, ori=0.0, pos=array([0.1, 0.3]), rgb=UNKNOWN, text='F', units='height', win=Window(...), wrapWidth=1)
13.2850 	EXP 	Created unnamed TextStim = TextStim(__class__=<class 'psychopy.visual.text.TextStim'>, alignHoriz=method-wrapper(...), alignText='center', alignVert=method-wrapper(...), anchorHoriz='center', anchorVert='center', antialias=True, autoDraw=False, autoLog=True, bold=True, color=array([1., 1., 1.]), colorSpace='rgb', contrast=1.0, depth=0, draggable=False, flipHoriz=False, flipVert=False, font='', fontFiles=[], height=0.1, italic=False, languageStyle='LTR', name='unnamed TextStim', opacity=1.0, ori=0.0, pos=array([0.3, 0. ]), rgb=UNKNOWN, text='A', units='height', win=Window(...), wrapWidth=1)
13.2879 	EXP 	Created unnamed TextStim = TextStim(__class__=<class 'psychopy.visual.text.TextStim'>, alignHoriz=method-wrapper(...), alignText='center', alignVert=method-wrapper(...), anchorHoriz='center', anchorVert='center', antialias=True, autoDraw=False, autoLog=True, bold=True, color=array([1., 1., 1.]), colorSpace='rgb', contrast=1.0, depth=0, draggable=False, flipHoriz=False, flipVert=False, font='', fontFiles=[], height=0.1, italic=False, languageStyle='LTR', name='unnamed TextStim', opacity=1.0, ori=0.0, pos=array([0.4, 0. ]), rgb=UNKNOWN, text='S', units='height', win=Window(...), wrapWidth=1)
13.2923 	EXP 	Created unnamed TextStim = TextStim(__class__=<class 'psychopy.visual.text.TextStim'>, alignHoriz=method-wrapper(...), alignText='center', alignVert=method-wrapper(...), anchorHoriz='center', anchorVert='center', antialias=True, autoDraw=False, autoLog=True, bold=True, color=array([1., 1., 1.]), colorSpace='rgb', contrast=1.0, depth=0, draggable=False, flipHoriz=False, flipVert=False, font='', fontFiles=[], height=0.1, italic=False, languageStyle='LTR', name='unnamed TextStim', opacity=1.0, ori=0.0, pos=array([ 0. , -0.3]), rgb=UNKNOWN, text='U', units='height', win=Window(...), wrapWidth=1)
13.2947 	EXP 	Created unnamed TextStim = TextStim(__class__=<class 'psychopy.visual.text.TextStim'>, alignHoriz=method-wrapper(...), alignText='center', alignVert=method-wrapper(...), anchorHoriz='center', anchorVert='center', antialias=True, autoDraw=False, autoLog=True, bold=True, color=array([1., 1., 1.]), colorSpace='rgb', contrast=1.0, depth=0, draggable=False, flipHoriz=False, flipVert=False, font='', fontFiles=[], height=0.1, italic=False, languageStyle='LTR', name='unnamed TextStim', opacity=1.0, ori=0.0, pos=array([ 0.1, -0.3]), rgb=UNKNOWN, text='P', units='height', win=Window(...), wrapWidth=1)
13.2973 	EXP 	Created unnamed TextStim = TextStim(__class__=<class 'psychopy.visual.text.TextStim'>, alignHoriz=method-wrapper(...), alignText='center', alignVert=method-wrapper(...), anchorHoriz='center', anchorVert='center', antialias=True, autoDraw=False, autoLog=True, bold=False, color=array([1., 1., 1.]), colorSpace='rgb', contrast=1.0, depth=0, draggable=False, flipHoriz=False, flipVert=False, font='', fontFiles=[], height=0.1, italic=True, languageStyle='LTR', name='unnamed TextStim', opacity=1.0, ori=0.0, pos=array([-0.3,  0. ]), rgb=UNKNOWN, text='T', units='height', win=Window(...), wrapWidth=1)
13.3001 	EXP 	Created unnamed TextStim = TextStim(__class__=<class 'psychopy.visual.text.TextStim'>, alignHoriz=method-wrapper(...), alignText='center', alignVert=method-wrapper(...), anchorHoriz='center', anchorVert='center', antialias=True, autoDraw=False, autoLog=True, bold=False, color=array([1., 1., 1.]), colorSpace='rgb', contrast=1.0, depth=0, draggable=False, flipHoriz=False, flipVert=False, font='', fontFiles=[], height=0.1, italic=True, languageStyle='LTR', name='unnamed TextStim', opacity=1.0, ori=0.0, pos=array([-0.2,  0. ]), rgb=UNKNOWN, text='O', units='height', win=Window(...), wrapWidth=1)
13.3166 	INFO 	Keyboard events cleared
13.3162 	EXP 	textCrossLetras: autoDraw = True
13.9086 	DATA 	Keypress: escape
14.0745 	EXP 	prelearned_chunks: status = STOPPED
14.0843 	EXP 	textCrossLetras: autoDraw = False
14.0882 	EXP 	prelearned_chunks: status = STOPPED
14.0951 	INFO 	saved data to 'C:\\Users\\italo\\OneDrive\\Documents\\PUCP\\Seminario\\proyecto\\psychopy\\data/380213_prelearned_chunks_2025-08-15_17h46.07.103.csv'
14.0994 	INFO 	saved data to C:\Users\italo\OneDrive\Documents\PUCP\Seminario\proyecto\psychopy\data/380213_prelearned_chunks_2025-08-15_17h46.07.103.psydat
14.3288 	DEBUG 	Saving data for prelearned_chunks ExperimentHandler
