3.9588 	DEBUG 	Fullscreen settings ignored as running in pilot mode.
3.9593 	INFO 	Loaded monitor calibration from ['2025_08_10 19:43']
4.1536 	EXP 	Created window1 = Window(allowGUI=False, allowStencil=False, autoLog=True, backendConf=UNKNOWN, backgroundFit=<method-wrapper '__getattribute__' of attributeSetter object at 0x00000273D309DED0>, backgroundImage=<method-wrapper '__getattribute__' of attributeSetter object at 0x00000273D309ECB0>, bitsMode=UNKNOWN, blendMode='avg', bpc=(8, 8, 8), color=array([0, 0, 0]), colorSpace='rgb', depthBits=8, fullscr=False, gamma=None, gammaErrorPolicy='raise', infoMsg=UNKNOWN, lms=UNKNOWN, monitor=<psychopy.monitors.calibTools.Monitor object at 0x00000273DC2C9DE0>, multiSample=False, name='window1', numSamples=2, pos=[560.0, 240.0], screen=0, size=array([800, 600]), stencilBits=0, stereo=False, title='PsychoPy', units='height', useFBO=True, useRetina=False, viewOri=0.0, viewPos=None, viewScale=None, waitBlanking=True, winType='pyglet')
4.1537 	EXP 	window1: backgroundImage = ''
4.1537 	EXP 	window1: backgroundFit = 'none'
4.1606 	DEBUG 	TextBox2 loaded 1 chars with 0 blanks and 1 valid
4.1612 	DEBUG 	TextBox2 loaded 1 chars with 0 blanks and 1 valid
4.1619 	DEBUG 	TextBox2 loaded 1 chars with 0 blanks and 1 valid
4.1626 	DEBUG 	TextBox2 loaded 1 chars with 0 blanks and 1 valid
4.1633 	DEBUG 	TextBox2 loaded 1 chars with 0 blanks and 1 valid
4.1637 	DEBUG 	TextBox2 loaded 1 chars with 0 blanks and 1 valid
4.1643 	DEBUG 	TextBox2 loaded 1 chars with 0 blanks and 1 valid
4.1651 	DEBUG 	TextBox2 loaded 1 chars with 0 blanks and 1 valid
4.1653 	DEBUG 	TextBox2 loaded 1 chars with 0 blanks and 1 valid
4.1656 	DEBUG 	TextBox2 loaded 1 chars with 0 blanks and 1 valid
4.1662 	DEBUG 	TextBox2 loaded 1 chars with 0 blanks and 1 valid
4.1668 	DEBUG 	TextBox2 loaded 1 chars with 0 blanks and 1 valid
4.1673 	DEBUG 	TextBox2 loaded 1 chars with 0 blanks and 1 valid
4.1679 	DEBUG 	TextBox2 loaded 1 chars with 0 blanks and 1 valid
4.1683 	DEBUG 	TextBox2 loaded 1 chars with 0 blanks and 1 valid
4.1689 	DEBUG 	TextBox2 loaded 1 chars with 0 blanks and 1 valid
4.1695 	DEBUG 	TextBox2 loaded 1 chars with 0 blanks and 1 valid
4.1699 	DEBUG 	TextBox2 loaded 1 chars with 0 blanks and 1 valid
4.1703 	DEBUG 	TextBox2 loaded 1 chars with 0 blanks and 1 valid
4.1710 	DEBUG 	TextBox2 loaded 1 chars with 0 blanks and 1 valid
4.1714 	DEBUG 	TextBox2 loaded 1 chars with 0 blanks and 1 valid
4.1716 	DEBUG 	Uploading Texture Font fontname to graphics card
4.1815 	DEBUG 	Upload of Texture Font fontname complete
4.1867 	DEBUG 	TextBox2 loaded 1 chars with 0 blanks and 1 valid
4.1875 	DEBUG 	TextBox2 loaded 1 chars with 0 blanks and 1 valid
4.1883 	DEBUG 	TextBox2 loaded 1 chars with 0 blanks and 1 valid
4.1885 	DEBUG 	Uploading Texture Font fontname to graphics card
4.1987 	DEBUG 	Upload of Texture Font fontname complete
4.2003 	EXP 	window1: Attempting to measure frame rate of screen (0) ...
4.2003 	EXP 	window1: recordFrameIntervals = False
4.3754 	EXP 	window1: recordFrameIntervals = True
4.5588 	EXP 	Screen (0) actual frame rate measured at 59.99Hz
4.5588 	EXP 	window1: recordFrameIntervals = False
4.5639 	DEBUG 	TextBox2 loaded 1 chars with 0 blanks and 1 valid
4.5644 	DEBUG 	TextBox2 loaded 1 chars with 0 blanks and 1 valid
4.5651 	DEBUG 	TextBox2 loaded 1 chars with 0 blanks and 1 valid
4.5659 	DEBUG 	TextBox2 loaded 1 chars with 0 blanks and 1 valid
4.5666 	DEBUG 	TextBox2 loaded 1 chars with 0 blanks and 1 valid
4.5673 	DEBUG 	TextBox2 loaded 1 chars with 0 blanks and 1 valid
4.5677 	DEBUG 	TextBox2 loaded 1 chars with 0 blanks and 1 valid
4.5684 	DEBUG 	TextBox2 loaded 1 chars with 0 blanks and 1 valid
4.5691 	DEBUG 	TextBox2 loaded 1 chars with 0 blanks and 1 valid
4.5698 	DEBUG 	TextBox2 loaded 1 chars with 0 blanks and 1 valid
4.5700 	DEBUG 	Uploading Texture Font fontname to graphics card
4.5705 	DEBUG 	Upload of Texture Font fontname complete
4.5800 	WARNING 	launchHubServer: If using the iohub mouse or eyetracker devices, fullScr should be True.
6.7518 	INFO 	keyboard.Keyboard is using iohub backend.
6.7518 	INFO 	keyboard.Keyboard is using iohub backend.
6.7518 	INFO 	keyboard.Keyboard is using iohub backend.
6.7519 	INFO 	keyboard.Keyboard is using iohub backend.
6.7519 	EXP 	prelearned_chunks: status = STARTED
6.7809 	DEBUG 	Saving data for prelearned_chunks ExperimentHandler
6.7815 	INFO 	saved data to C:\Users\italo\OneDrive\Documents\PUCP\Seminario\proyecto\psychopy\data/461028_prelearned_chunks_2025-08-15_17h16.30.830.psydat
6.7820 	INFO 	saved data to 'C:\\Users\\italo\\OneDrive\\Documents\\PUCP\\Seminario\\proyecto\\psychopy\\data/461028_prelearned_chunks_2025-08-15_17h16.30.830.csv'
