4.3063 	DEBUG 	Fullscreen settings ignored as running in pilot mode.
4.3072 	INFO 	Loaded monitor calibration from ['2025_08_10 19:43']
4.5674 	EXP 	Created window1 = Window(allowGUI=False, allowStencil=False, autoLog=True, backendConf=UNKNOWN, backgroundFit=<method-wrapper '__getattribute__' of attributeSetter object at 0x00000286094FD3F0>, backgroundImage=<method-wrapper '__getattribute__' of attributeSetter object at 0x00000286094FDCC0>, bitsMode=UNKNOWN, blendMode='avg', bpc=(8, 8, 8), color=array([0, 0, 0]), colorSpace='rgb', depthBits=8, fullscr=False, gamma=None, gammaErrorPolicy='raise', infoMsg=UNKNOWN, lms=UNKNOWN, monitor=<psychopy.monitors.calibTools.Monitor object at 0x000002860A46A0B0>, multiSample=False, name='window1', numSamples=2, pos=[560.0, 240.0], screen=0, size=array([800, 600]), stencilBits=0, stereo=False, title='PsychoPy', units='height', useFBO=True, useRetina=False, viewOri=0.0, viewPos=None, viewScale=None, waitBlanking=True, winType='pyglet')
4.5675 	EXP 	window1: backgroundImage = ''
4.5675 	EXP 	window1: backgroundFit = 'none'
4.6259 	DEBUG 	TextBox2 loaded 1 chars with 0 blanks and 1 valid
4.6266 	DEBUG 	TextBox2 loaded 1 chars with 0 blanks and 1 valid
4.6272 	DEBUG 	TextBox2 loaded 1 chars with 0 blanks and 1 valid
4.6279 	DEBUG 	TextBox2 loaded 1 chars with 0 blanks and 1 valid
4.6285 	DEBUG 	TextBox2 loaded 1 chars with 0 blanks and 1 valid
4.6289 	DEBUG 	TextBox2 loaded 1 chars with 0 blanks and 1 valid
4.6295 	DEBUG 	TextBox2 loaded 1 chars with 0 blanks and 1 valid
4.6302 	DEBUG 	TextBox2 loaded 1 chars with 0 blanks and 1 valid
4.6305 	DEBUG 	TextBox2 loaded 1 chars with 0 blanks and 1 valid
4.6308 	DEBUG 	TextBox2 loaded 1 chars with 0 blanks and 1 valid
4.6313 	DEBUG 	TextBox2 loaded 1 chars with 0 blanks and 1 valid
4.6319 	DEBUG 	TextBox2 loaded 1 chars with 0 blanks and 1 valid
4.6324 	DEBUG 	TextBox2 loaded 1 chars with 0 blanks and 1 valid
4.6329 	DEBUG 	TextBox2 loaded 1 chars with 0 blanks and 1 valid
4.6334 	DEBUG 	TextBox2 loaded 1 chars with 0 blanks and 1 valid
4.6339 	DEBUG 	TextBox2 loaded 1 chars with 0 blanks and 1 valid
4.6345 	DEBUG 	TextBox2 loaded 1 chars with 0 blanks and 1 valid
4.6348 	DEBUG 	TextBox2 loaded 1 chars with 0 blanks and 1 valid
4.6352 	DEBUG 	TextBox2 loaded 1 chars with 0 blanks and 1 valid
4.6359 	DEBUG 	TextBox2 loaded 1 chars with 0 blanks and 1 valid
4.6364 	DEBUG 	TextBox2 loaded 1 chars with 0 blanks and 1 valid
4.6367 	DEBUG 	Uploading Texture Font fontname to graphics card
4.6459 	DEBUG 	Upload of Texture Font fontname complete
4.6510 	DEBUG 	TextBox2 loaded 1 chars with 0 blanks and 1 valid
4.6519 	DEBUG 	TextBox2 loaded 1 chars with 0 blanks and 1 valid
4.6526 	DEBUG 	TextBox2 loaded 1 chars with 0 blanks and 1 valid
4.6528 	DEBUG 	Uploading Texture Font fontname to graphics card
4.6628 	DEBUG 	Upload of Texture Font fontname complete
4.6643 	EXP 	window1: Attempting to measure frame rate of screen (0) ...
4.6643 	EXP 	window1: recordFrameIntervals = False
4.8356 	EXP 	window1: recordFrameIntervals = True
5.0193 	EXP 	Screen (0) actual frame rate measured at 59.94Hz
5.0193 	EXP 	window1: recordFrameIntervals = False
5.0236 	DEBUG 	TextBox2 loaded 1 chars with 0 blanks and 1 valid
5.0240 	DEBUG 	TextBox2 loaded 1 chars with 0 blanks and 1 valid
5.0246 	DEBUG 	TextBox2 loaded 1 chars with 0 blanks and 1 valid
5.0254 	DEBUG 	TextBox2 loaded 1 chars with 0 blanks and 1 valid
5.0261 	DEBUG 	TextBox2 loaded 1 chars with 0 blanks and 1 valid
5.0269 	DEBUG 	TextBox2 loaded 1 chars with 0 blanks and 1 valid
5.0273 	DEBUG 	TextBox2 loaded 1 chars with 0 blanks and 1 valid
5.0279 	DEBUG 	TextBox2 loaded 1 chars with 0 blanks and 1 valid
5.0286 	DEBUG 	TextBox2 loaded 1 chars with 0 blanks and 1 valid
5.0293 	DEBUG 	TextBox2 loaded 1 chars with 0 blanks and 1 valid
5.0295 	DEBUG 	Uploading Texture Font fontname to graphics card
5.0300 	DEBUG 	Upload of Texture Font fontname complete
5.0392 	WARNING 	launchHubServer: If using the iohub mouse or eyetracker devices, fullScr should be True.
7.3147 	INFO 	keyboard.Keyboard is using iohub backend.
7.3147 	INFO 	keyboard.Keyboard is using iohub backend.
7.3147 	INFO 	keyboard.Keyboard is using iohub backend.
7.3147 	INFO 	keyboard.Keyboard is using iohub backend.
7.3148 	EXP 	prelearned_chunks: status = STARTED
7.3925 	EXP 	Created textWelcome = TextStim(__class__=<class 'psychopy.visual.text.TextStim'>, alignHoriz=method-wrapper(...), alignText='center', alignVert=method-wrapper(...), anchorHoriz='center', anchorVert='center', antialias=True, autoDraw=False, autoLog=True, bold=False, color=array([1., 1., 1.]), colorSpace='rgb', contrast=1.0, depth=0.0, draggable=False, flipHoriz=False, flipVert=False, font='Arial', fontFiles=[], height=0.05, italic=False, languageStyle='LTR', name='textWelcome', opacity=1, ori=0.0, pos=array([0., 0.]), rgb=UNKNOWN, text='Welcome!\nPress space plis.', units='height', win=Window(...), wrapWidth=1)
7.3955 	EXP 	Created textCross = TextStim(__class__=<class 'psychopy.visual.text.TextStim'>, alignHoriz=method-wrapper(...), alignText='center', alignVert=method-wrapper(...), anchorHoriz='center', anchorVert='center', antialias=True, autoDraw=False, autoLog=True, bold=False, color=array([1., 1., 1.]), colorSpace='rgb', contrast=1.0, depth=0.0, draggable=False, flipHoriz=False, flipVert=False, font='Arial', fontFiles=[], height=0.05, italic=False, languageStyle='LTR', name='textCross', opacity=1, ori=0.0, pos=array([0., 0.]), rgb=UNKNOWN, text='+', units='height', win=Window(...), wrapWidth=1)
7.4000 	EXP 	Created textLetra1 = TextStim(__class__=<class 'psychopy.visual.text.TextStim'>, alignHoriz=method-wrapper(...), alignText='center', alignVert=method-wrapper(...), anchorHoriz='center', anchorVert='center', antialias=True, autoDraw=False, autoLog=True, bold=False, color=array([1., 1., 1.]), colorSpace='rgb', contrast=1.0, depth=0.0, draggable=False, flipHoriz=False, flipVert=False, font='Arial', fontFiles=[], height=0.05, italic=False, languageStyle='LTR', name='textLetra1', opacity=1, ori=0.0, pos=array([0., 0.]), rgb=UNKNOWN, text='<b>M</b> <b>Y</b>', units='height', win=Window(...), wrapWidth=1)
7.4040 	EXP 	Created textThanks = TextStim(__class__=<class 'psychopy.visual.text.TextStim'>, alignHoriz=method-wrapper(...), alignText='center', alignVert=method-wrapper(...), anchorHoriz='center', anchorVert='center', antialias=True, autoDraw=False, autoLog=True, bold=False, color=array([1., 1., 1.]), colorSpace='rgb', contrast=1.0, depth=0.0, draggable=False, flipHoriz=False, flipVert=False, font='Arial', fontFiles=[], height=0.05, italic=False, languageStyle='LTR', name='textThanks', opacity=1, ori=0.0, pos=array([0., 0.]), rgb=UNKNOWN, text='Thanks!\nPress space plis.', units='height', win=Window(...), wrapWidth=1)
0.0301 	INFO 	Keyboard events cleared
0.0298 	EXP 	textWelcome: autoDraw = True
1.2569 	DEBUG 	Read excel file with openpyxl: config/config.xlsx
1.2978 	EXP 	Imported config/config.xlsx as conditions, 160 conditions, 26 params
1.2994 	EXP 	New trial (rep=0, index=0): <Trial 0 (0 in rep 0) data={'trialType': 'random', 'letter1': 'W', 'type_letter1': 'bold', 'letter2': 'T', 'type_letter2': 'bold', 'letter3': 'O', 'type_letter3': 'bold', 'letter4': 'P', 'type_letter4': 'italic', 'letter5': 'Y', 'type_letter5': 'italic', 'letter6': 'F', 'type_letter6': 'bold', 'letter7': 'E', 'type_letter7': 'italic', 'letter8': 'M', 'type_letter8': 'italic', 'starPosition': 8.0, 'letterTarget': 'M', 'TypeTarget': 'italic', 'letterFoil1': 'M', 'typeFoil1': 'bold', 'letterFoil2': 'U', 'typeFoil2': 'italic', 'letterFoil3': 'U', 'typeFoil3': 'bold', 'thisN': 0, 'thisTrialN': 0, 'thisRepN': 0}>
1.3015 	DATA 	Keypress: space
1.3107 	EXP 	textWelcome: autoDraw = False
1.3107 	EXP 	textCross: autoDraw = True
2.2440 	INFO 	Keyboard events cleared
2.2437 	EXP 	textCross: autoDraw = False
2.2437 	EXP 	textLetra1: autoDraw = True
4.0950 	DATA 	Keypress: space
4.6447 	DATA 	Keypress: escape
4.7600 	EXP 	prelearned_chunks: status = STOPPED
4.7747 	EXP 	textLetra1: autoDraw = False
4.7760 	EXP 	prelearned_chunks: status = STOPPED
4.7775 	INFO 	saved data to 'C:\\Users\\italo\\OneDrive\\Documents\\PUCP\\Seminario\\proyecto\\psychopy\\data/559415_prelearned_chunks_2025-08-15_17h09.54.281.csv'
4.7788 	INFO 	saved data to C:\Users\italo\OneDrive\Documents\PUCP\Seminario\proyecto\psychopy\data/559415_prelearned_chunks_2025-08-15_17h09.54.281.psydat
5.3821 	DEBUG 	Saving data for prelearned_chunks ExperimentHandler
