58.5750 	DEBUG 	Fullscreen settings ignored as running in pilot mode.
58.5761 	INFO 	Loaded monitor calibration from ['2025_08_11 18:54']
61.6742 	EXP 	Created window1 = Window(allowGUI=False, allowStencil=False, autoLog=True, backendConf=UNKNOWN, backgroundFit=<method-wrapper '__getattribute__' of attributeSetter object at 0x000001DEAA0EFAF0>, backgroundImage=<method-wrapper '__getattribute__' of attributeSetter object at 0x000001DEAA0EFA90>, bitsMode=UNKNOWN, blendMode='avg', bpc=(8, 8, 8), color=array([0, 0, 0]), colorSpace='rgb', depthBits=8, fullscr=False, gamma=None, gammaErrorPolicy='raise', infoMsg=UNKNOWN, lms=UNKNOWN, monitor=<psychopy.monitors.calibTools.Monitor object at 0x000001DEAA1BD030>, multiSample=False, name='window1', numSamples=2, pos=[560.0, 240.0], screen=0, size=array([800, 600]), stencilBits=0, stereo=False, title='PsychoPy', units='height', useFBO=True, useRetina=False, viewOri=0.0, viewPos=None, viewScale=None, waitBlanking=True, winType='pyglet')
61.6742 	EXP 	window1: backgroundImage = ''
61.6743 	EXP 	window1: backgroundFit = 'none'
61.8657 	DEBUG 	TextBox2 loaded 1 chars with 0 blanks and 1 valid
61.8666 	DEBUG 	TextBox2 loaded 1 chars with 0 blanks and 1 valid
61.8681 	DEBUG 	TextBox2 loaded 1 chars with 0 blanks and 1 valid
61.8692 	DEBUG 	TextBox2 loaded 1 chars with 0 blanks and 1 valid
61.8702 	DEBUG 	TextBox2 loaded 1 chars with 0 blanks and 1 valid
61.8707 	DEBUG 	TextBox2 loaded 1 chars with 0 blanks and 1 valid
61.8715 	DEBUG 	TextBox2 loaded 1 chars with 0 blanks and 1 valid
61.8726 	DEBUG 	TextBox2 loaded 1 chars with 0 blanks and 1 valid
61.8730 	DEBUG 	TextBox2 loaded 1 chars with 0 blanks and 1 valid
61.8734 	DEBUG 	TextBox2 loaded 1 chars with 0 blanks and 1 valid
61.8742 	DEBUG 	TextBox2 loaded 1 chars with 0 blanks and 1 valid
61.8750 	DEBUG 	TextBox2 loaded 1 chars with 0 blanks and 1 valid
61.8757 	DEBUG 	TextBox2 loaded 1 chars with 0 blanks and 1 valid
61.8765 	DEBUG 	TextBox2 loaded 1 chars with 0 blanks and 1 valid
61.8772 	DEBUG 	TextBox2 loaded 1 chars with 0 blanks and 1 valid
61.8781 	DEBUG 	TextBox2 loaded 1 chars with 0 blanks and 1 valid
61.8789 	DEBUG 	TextBox2 loaded 1 chars with 0 blanks and 1 valid
61.8795 	DEBUG 	TextBox2 loaded 1 chars with 0 blanks and 1 valid
61.8802 	DEBUG 	TextBox2 loaded 1 chars with 0 blanks and 1 valid
61.8813 	DEBUG 	TextBox2 loaded 1 chars with 0 blanks and 1 valid
61.8818 	DEBUG 	TextBox2 loaded 1 chars with 0 blanks and 1 valid
61.8952 	DEBUG 	Uploading Texture Font fontname to graphics card
61.9130 	DEBUG 	Upload of Texture Font fontname complete
61.9297 	DEBUG 	TextBox2 loaded 1 chars with 0 blanks and 1 valid
61.9308 	DEBUG 	TextBox2 loaded 1 chars with 0 blanks and 1 valid
61.9317 	DEBUG 	TextBox2 loaded 1 chars with 0 blanks and 1 valid
61.9320 	DEBUG 	Uploading Texture Font fontname to graphics card
61.9479 	DEBUG 	Upload of Texture Font fontname complete
61.9499 	EXP 	window1: Attempting to measure frame rate of screen (0) ...
61.9499 	EXP 	window1: recordFrameIntervals = False
62.1311 	EXP 	window1: recordFrameIntervals = True
62.4174 	WARNING 	t of last frame was 20.04ms (=1/49)
62.5845 	WARNING 	t of last frame was 20.29ms (=1/49)
62.7641 	EXP 	Screen (0) actual frame rate measured at 60.25Hz
62.7641 	EXP 	window1: recordFrameIntervals = False
62.7793 	DEBUG 	TextBox2 loaded 1 chars with 0 blanks and 1 valid
62.7800 	DEBUG 	TextBox2 loaded 1 chars with 0 blanks and 1 valid
62.7810 	DEBUG 	TextBox2 loaded 1 chars with 0 blanks and 1 valid
62.7821 	DEBUG 	TextBox2 loaded 1 chars with 0 blanks and 1 valid
62.7832 	DEBUG 	TextBox2 loaded 1 chars with 0 blanks and 1 valid
62.7842 	DEBUG 	TextBox2 loaded 1 chars with 0 blanks and 1 valid
62.7848 	DEBUG 	TextBox2 loaded 1 chars with 0 blanks and 1 valid
62.7858 	DEBUG 	TextBox2 loaded 1 chars with 0 blanks and 1 valid
62.7868 	DEBUG 	TextBox2 loaded 1 chars with 0 blanks and 1 valid
62.7878 	DEBUG 	TextBox2 loaded 1 chars with 0 blanks and 1 valid
62.7882 	DEBUG 	Uploading Texture Font fontname to graphics card
62.7888 	DEBUG 	Upload of Texture Font fontname complete
62.9407 	WARNING 	launchHubServer: If using the iohub mouse or eyetracker devices, fullScr should be True.
77.1229 	INFO 	keyboard.Keyboard is using iohub backend.
77.1230 	INFO 	keyboard.Keyboard is using iohub backend.
77.1231 	INFO 	keyboard.Keyboard is using iohub backend.
77.1232 	EXP 	prelearned_chunks: status = STARTED
77.7628 	EXP 	Created textWelcome = TextStim(__class__=<class 'psychopy.visual.text.TextStim'>, alignHoriz=method-wrapper(...), alignText='center', alignVert=method-wrapper(...), anchorHoriz='center', anchorVert='center', antialias=True, autoDraw=False, autoLog=True, bold=False, color=array([1., 1., 1.]), colorSpace='rgb', contrast=1.0, depth=0.0, draggable=False, flipHoriz=False, flipVert=False, font='Arial', fontFiles=[], height=0.05, italic=False, languageStyle='LTR', name='textWelcome', opacity=1, ori=0.0, pos=array([0., 0.]), rgb=UNKNOWN, text='Welcome!\nPress space plis.', units='height', win=Window(...), wrapWidth=1)
77.7674 	EXP 	Created textGame = TextStim(__class__=<class 'psychopy.visual.text.TextStim'>, alignHoriz=method-wrapper(...), alignText='center', alignVert=method-wrapper(...), anchorHoriz='center', anchorVert='center', antialias=True, autoDraw=False, autoLog=True, bold=False, color=array([1., 1., 1.]), colorSpace='rgb', contrast=1.0, depth=0.0, draggable=False, flipHoriz=False, flipVert=False, font='Arial', fontFiles=[], height=0.05, italic=False, languageStyle='LTR', name='textGame', opacity=1, ori=0.0, pos=array([0., 0.]), rgb=UNKNOWN, text='Game', units='height', win=Window(...), wrapWidth=1)
77.7752 	EXP 	Created text = TextStim(__class__=<class 'psychopy.visual.text.TextStim'>, alignHoriz=method-wrapper(...), alignText='center', alignVert=method-wrapper(...), anchorHoriz='center', anchorVert='center', antialias=True, autoDraw=False, autoLog=True, bold=False, color=array([1., 1., 1.]), colorSpace='rgb', contrast=1.0, depth=0.0, draggable=False, flipHoriz=False, flipVert=False, font='Arial', fontFiles=[], height=0.05, italic=False, languageStyle='LTR', name='text', opacity=1, ori=0.0, pos=array([0., 0.]), rgb=UNKNOWN, text='Thanks!\nPress space plis.', units='height', win=Window(...), wrapWidth=1)
0.0065 	DATA 	Mouse: Left button down, pos=(479,179)
0.0070 	DATA 	Mouse:  Left button up, pos=(479,179)
0.0079 	DATA 	Mouse: Left button down, pos=(559,261)
0.0082 	DATA 	Mouse:  Left button up, pos=(559,261)
0.0383 	INFO 	Keyboard events cleared
0.0380 	EXP 	textWelcome: autoDraw = True
2.8708 	DEBUG 	Read excel file with openpyxl: config/config.xlsx
2.9268 	EXP 	Imported config/config.xlsx as conditions, 160 conditions, 26 params
2.9601 	EXP 	New trial (rep=0, index=0): <Trial 0 (0 in rep 0) data={'trialType': 'random', 'letter1': 'W', 'type_letter1': 'bold', 'letter2': 'S', 'type_letter2': 'bold', 'letter3': 'U', 'type_letter3': 'bold', 'letter4': 'T', 'type_letter4': 'italic', 'letter5': 'M', 'type_letter5': 'bold', 'letter6': 'A', 'type_letter6': 'bold', 'letter7': 'I', 'type_letter7': 'italic', 'letter8': 'O', 'type_letter8': 'italic', 'starPosition': 3.0, 'letterTarget': 'U', 'TypeTarget': 'bold', 'letterFoil1': 'U', 'typeFoil1': 'italic', 'letterFoil2': 'E', 'typeFoil2': 'bold', 'letterFoil3': 'E', 'typeFoil3': 'italic', 'thisN': 0, 'thisTrialN': 0, 'thisRepN': 0}>
2.9622 	DATA 	Keypress: space
2.9703 	EXP 	textWelcome: autoDraw = False
2.9703 	EXP 	textGame: autoDraw = True
5.4236 	DATA 	Keypress: space
6.7066 	DATA 	Keypress: space
7.8230 	DATA 	Keypress: space
8.6395 	DATA 	Keypress: space
9.3727 	DATA 	Keypress: space
19.3718 	DATA 	Mouse: Left button down, pos=(670,375)
19.5886 	DATA 	Mouse:  Left button up, pos=(670,375)
21.7050 	DATA 	Keypress: escape
21.9042 	EXP 	prelearned_chunks: status = STOPPED
21.9185 	EXP 	textGame: autoDraw = False
21.9212 	EXP 	prelearned_chunks: status = STOPPED
21.9246 	INFO 	saved data to 'D:\\repositorio\\psychopy\\data/612381_prelearned_chunks_2025-08-14_19h44.43.617.csv'
22.0214 	INFO 	saved data to D:\repositorio\psychopy\data/612381_prelearned_chunks_2025-08-14_19h44.43.617.psydat
23.5520 	DEBUG 	Saving data for prelearned_chunks ExperimentHandler
