4.7528 	DEBUG 	Fullscreen settings ignored as running in pilot mode.
4.7547 	INFO 	Loaded monitor calibration from ['2025_08_10 19:43']
4.9951 	EXP 	Created window1 = Window(allowGUI=False, allowStencil=False, autoLog=True, backendConf=UNKNOWN, backgroundFit=<method-wrapper '__getattribute__' of attributeSetter object at 0x000001F0C8E54FA0>, backgroundImage=<method-wrapper '__getattribute__' of attributeSetter object at 0x000001F0C8E54F40>, bitsMode=UNKNOWN, blendMode='avg', bpc=(8, 8, 8), color=array([0, 0, 0]), colorSpace='rgb', depthBits=8, fullscr=False, gamma=None, gammaErrorPolicy='raise', infoMsg=UNKNOWN, lms=UNKNOWN, monitor=<psychopy.monitors.calibTools.Monitor object at 0x000001F0D1081630>, multiSample=False, name='window1', numSamples=2, pos=[560.0, 240.0], screen=0, size=array([800, 600]), stencilBits=0, stereo=False, title='PsychoPy', units='height', useFBO=True, useRetina=False, viewOri=0.0, viewPos=None, viewScale=None, waitBlanking=True, winType='pyglet')
4.9952 	EXP 	window1: backgroundImage = ''
4.9952 	EXP 	window1: backgroundFit = 'none'
5.0032 	DEBUG 	TextBox2 loaded 1 chars with 0 blanks and 1 valid
5.0039 	DEBUG 	TextBox2 loaded 1 chars with 0 blanks and 1 valid
5.0047 	DEBUG 	TextBox2 loaded 1 chars with 0 blanks and 1 valid
5.0059 	DEBUG 	TextBox2 loaded 1 chars with 0 blanks and 1 valid
5.0068 	DEBUG 	TextBox2 loaded 1 chars with 0 blanks and 1 valid
5.0073 	DEBUG 	TextBox2 loaded 1 chars with 0 blanks and 1 valid
5.0080 	DEBUG 	TextBox2 loaded 1 chars with 0 blanks and 1 valid
5.0091 	DEBUG 	TextBox2 loaded 1 chars with 0 blanks and 1 valid
5.0094 	DEBUG 	TextBox2 loaded 1 chars with 0 blanks and 1 valid
5.0099 	DEBUG 	TextBox2 loaded 1 chars with 0 blanks and 1 valid
5.0106 	DEBUG 	TextBox2 loaded 1 chars with 0 blanks and 1 valid
5.0116 	DEBUG 	TextBox2 loaded 1 chars with 0 blanks and 1 valid
5.0124 	DEBUG 	TextBox2 loaded 1 chars with 0 blanks and 1 valid
5.0132 	DEBUG 	TextBox2 loaded 1 chars with 0 blanks and 1 valid
5.0140 	DEBUG 	TextBox2 loaded 1 chars with 0 blanks and 1 valid
5.0148 	DEBUG 	TextBox2 loaded 1 chars with 0 blanks and 1 valid
5.0156 	DEBUG 	TextBox2 loaded 1 chars with 0 blanks and 1 valid
5.0160 	DEBUG 	TextBox2 loaded 1 chars with 0 blanks and 1 valid
5.0165 	DEBUG 	TextBox2 loaded 1 chars with 0 blanks and 1 valid
5.0174 	DEBUG 	TextBox2 loaded 1 chars with 0 blanks and 1 valid
5.0187 	DEBUG 	TextBox2 loaded 1 chars with 0 blanks and 1 valid
5.0196 	DEBUG 	Uploading Texture Font fontname to graphics card
5.0250 	DEBUG 	Upload of Texture Font fontname complete
5.0324 	DEBUG 	TextBox2 loaded 1 chars with 0 blanks and 1 valid
5.0333 	DEBUG 	TextBox2 loaded 1 chars with 0 blanks and 1 valid
5.0342 	DEBUG 	TextBox2 loaded 1 chars with 0 blanks and 1 valid
5.0345 	DEBUG 	Uploading Texture Font fontname to graphics card
5.0397 	DEBUG 	Upload of Texture Font fontname complete
5.0418 	EXP 	window1: Attempting to measure frame rate of screen (0) ...
5.0418 	EXP 	window1: recordFrameIntervals = False
5.2149 	EXP 	window1: recordFrameIntervals = True
5.6146 	EXP 	Screen (0) actual frame rate measured at 59.73Hz
5.6147 	EXP 	window1: recordFrameIntervals = False
5.6248 	DEBUG 	TextBox2 loaded 1 chars with 0 blanks and 1 valid
5.6259 	DEBUG 	TextBox2 loaded 1 chars with 0 blanks and 1 valid
5.6277 	DEBUG 	TextBox2 loaded 1 chars with 0 blanks and 1 valid
5.6298 	DEBUG 	TextBox2 loaded 1 chars with 0 blanks and 1 valid
5.6317 	DEBUG 	TextBox2 loaded 1 chars with 0 blanks and 1 valid
5.6335 	DEBUG 	TextBox2 loaded 1 chars with 0 blanks and 1 valid
5.6346 	DEBUG 	TextBox2 loaded 1 chars with 0 blanks and 1 valid
5.6361 	DEBUG 	TextBox2 loaded 1 chars with 0 blanks and 1 valid
5.6379 	DEBUG 	TextBox2 loaded 1 chars with 0 blanks and 1 valid
5.6395 	DEBUG 	TextBox2 loaded 1 chars with 0 blanks and 1 valid
5.6401 	DEBUG 	Uploading Texture Font fontname to graphics card
5.6411 	DEBUG 	Upload of Texture Font fontname complete
5.6600 	WARNING 	launchHubServer: If using the iohub mouse or eyetracker devices, fullScr should be True.
8.1633 	INFO 	keyboard.Keyboard is using iohub backend.
8.1634 	INFO 	keyboard.Keyboard is using iohub backend.
8.1634 	INFO 	keyboard.Keyboard is using iohub backend.
8.1634 	INFO 	keyboard.Keyboard is using iohub backend.
8.1634 	INFO 	keyboard.Keyboard is using iohub backend.
8.1635 	EXP 	prelearned_chunks: status = STARTED
8.2442 	EXP 	Created textWelcome = TextStim(__class__=<class 'psychopy.visual.text.TextStim'>, alignHoriz=method-wrapper(...), alignText='center', alignVert=method-wrapper(...), anchorHoriz='center', anchorVert='center', antialias=True, autoDraw=False, autoLog=True, bold=False, color=array([1., 1., 1.]), colorSpace='rgb', contrast=1.0, depth=0.0, draggable=False, flipHoriz=False, flipVert=False, font='Arial', fontFiles=[], height=0.05, italic=False, languageStyle='LTR', name='textWelcome', opacity=1, ori=0.0, pos=array([0., 0.]), rgb=UNKNOWN, text='Welcome!\nPress space plis.', units='height', win=Window(...), wrapWidth=1)
8.2471 	EXP 	Created textCrossLetras = TextStim(__class__=<class 'psychopy.visual.text.TextStim'>, alignHoriz=method-wrapper(...), alignText='center', alignVert=method-wrapper(...), anchorHoriz='center', anchorVert='center', antialias=True, autoDraw=False, autoLog=True, bold=False, color=array([1., 1., 1.]), colorSpace='rgb', contrast=1.0, depth=-2.0, draggable=False, flipHoriz=False, flipVert=False, font='Arial', fontFiles=[], height=0.05, italic=False, languageStyle='LTR', name='textCrossLetras', opacity=1, ori=0.0, pos=array([0., 0.]), rgb=UNKNOWN, text='+', units='height', win=Window(...), wrapWidth=1)
8.2490 	EXP 	Created textCrossBlanco = TextStim(__class__=<class 'psychopy.visual.text.TextStim'>, alignHoriz=method-wrapper(...), alignText='center', alignVert=method-wrapper(...), anchorHoriz='center', anchorVert='center', antialias=True, autoDraw=False, autoLog=True, bold=False, color=array([1., 1., 1.]), colorSpace='rgb', contrast=1.0, depth=0.0, draggable=False, flipHoriz=False, flipVert=False, font='Arial', fontFiles=[], height=0.05, italic=False, languageStyle='LTR', name='textCrossBlanco', opacity=1, ori=0.0, pos=array([0., 0.]), rgb=UNKNOWN, text='+', units='height', win=Window(...), wrapWidth=1)
8.2506 	EXP 	Created textCrossRespuesta = TextStim(__class__=<class 'psychopy.visual.text.TextStim'>, alignHoriz=method-wrapper(...), alignText='center', alignVert=method-wrapper(...), anchorHoriz='center', anchorVert='center', antialias=True, autoDraw=False, autoLog=True, bold=False, color=array([1., 1., 1.]), colorSpace='rgb', contrast=1.0, depth=-2.0, draggable=False, flipHoriz=False, flipVert=False, font='Arial', fontFiles=[], height=0.05, italic=False, languageStyle='LTR', name='textCrossRespuesta', opacity=1, ori=0.0, pos=array([0., 0.]), rgb=UNKNOWN, text='+', units='height', win=Window(...), wrapWidth=1)
8.2549 	EXP 	Created textThanks = TextStim(__class__=<class 'psychopy.visual.text.TextStim'>, alignHoriz=method-wrapper(...), alignText='center', alignVert=method-wrapper(...), anchorHoriz='center', anchorVert='center', antialias=True, autoDraw=False, autoLog=True, bold=False, color=array([1., 1., 1.]), colorSpace='rgb', contrast=1.0, depth=0.0, draggable=False, flipHoriz=False, flipVert=False, font='Arial', fontFiles=[], height=0.05, italic=False, languageStyle='LTR', name='textThanks', opacity=1, ori=0.0, pos=array([0., 0.]), rgb=UNKNOWN, text='Thanks!\nPress space plis.', units='height', win=Window(...), wrapWidth=1)
0.0402 	INFO 	Keyboard events cleared
0.0396 	EXP 	textWelcome: autoDraw = True
1.0675 	DEBUG 	Read excel file with openpyxl: config/config.xlsx
1.1141 	EXP 	Imported config/config.xlsx as conditions, 160 conditions, 26 params
1.1159 	EXP 	New trial (rep=0, index=0): <Trial 0 (0 in rep 0) data={'trialType': 'chunk', 'letter1': 'I', 'type_letter1': 'italic', 'letter2': 'F', 'type_letter2': 'bold', 'letter3': 'A', 'type_letter3': 'bold', 'letter4': 'S', 'type_letter4': 'bold', 'letter5': 'W', 'type_letter5': 'bold', 'letter6': 'E', 'type_letter6': 'bold', 'letter7': 'U', 'type_letter7': 'bold', 'letter8': 'P', 'type_letter8': 'italic', 'starPosition': 2.0, 'letterTarget': 'F', 'TypeTarget': 'bold', 'letterFoil1': 'F', 'typeFoil1': 'italic', 'letterFoil2': 'T', 'typeFoil2': 'bold', 'letterFoil3': 'T', 'typeFoil3': 'italic', 'thisN': 0, 'thisTrialN': 0, 'thisRepN': 0}>
1.1203 	EXP 	Created unnamed TextStim = TextStim(__class__=<class 'psychopy.visual.text.TextStim'>, alignHoriz=method-wrapper(...), alignText='center', alignVert=method-wrapper(...), anchorHoriz='center', anchorVert='center', antialias=True, autoDraw=False, autoLog=True, bold=False, color=array([1., 1., 1.]), colorSpace='rgb', contrast=1.0, depth=0, draggable=False, flipHoriz=False, flipVert=False, font='', fontFiles=[], height=0.1, italic=True, languageStyle='LTR', name='unnamed TextStim', opacity=1.0, ori=0.0, pos=array([0. , 0.3]), rgb=UNKNOWN, text='I', units='height', win=Window(...), wrapWidth=1)
1.1238 	EXP 	Created unnamed TextStim = TextStim(__class__=<class 'psychopy.visual.text.TextStim'>, alignHoriz=method-wrapper(...), alignText='center', alignVert=method-wrapper(...), anchorHoriz='center', anchorVert='center', antialias=True, autoDraw=False, autoLog=True, bold=True, color=array([1., 1., 1.]), colorSpace='rgb', contrast=1.0, depth=0, draggable=False, flipHoriz=False, flipVert=False, font='', fontFiles=[], height=0.1, italic=False, languageStyle='LTR', name='unnamed TextStim', opacity=1.0, ori=0.0, pos=array([0.1, 0.3]), rgb=UNKNOWN, text='F', units='height', win=Window(...), wrapWidth=1)
1.1262 	EXP 	Created unnamed TextStim = TextStim(__class__=<class 'psychopy.visual.text.TextStim'>, alignHoriz=method-wrapper(...), alignText='center', alignVert=method-wrapper(...), anchorHoriz='center', anchorVert='center', antialias=True, autoDraw=False, autoLog=True, bold=True, color=array([1., 1., 1.]), colorSpace='rgb', contrast=1.0, depth=0, draggable=False, flipHoriz=False, flipVert=False, font='', fontFiles=[], height=0.1, italic=False, languageStyle='LTR', name='unnamed TextStim', opacity=1.0, ori=0.0, pos=array([0.3, 0. ]), rgb=UNKNOWN, text='A', units='height', win=Window(...), wrapWidth=1)
1.1284 	EXP 	Created unnamed TextStim = TextStim(__class__=<class 'psychopy.visual.text.TextStim'>, alignHoriz=method-wrapper(...), alignText='center', alignVert=method-wrapper(...), anchorHoriz='center', anchorVert='center', antialias=True, autoDraw=False, autoLog=True, bold=True, color=array([1., 1., 1.]), colorSpace='rgb', contrast=1.0, depth=0, draggable=False, flipHoriz=False, flipVert=False, font='', fontFiles=[], height=0.1, italic=False, languageStyle='LTR', name='unnamed TextStim', opacity=1.0, ori=0.0, pos=array([0.4, 0. ]), rgb=UNKNOWN, text='S', units='height', win=Window(...), wrapWidth=1)
1.1307 	EXP 	Created unnamed TextStim = TextStim(__class__=<class 'psychopy.visual.text.TextStim'>, alignHoriz=method-wrapper(...), alignText='center', alignVert=method-wrapper(...), anchorHoriz='center', anchorVert='center', antialias=True, autoDraw=False, autoLog=True, bold=True, color=array([1., 1., 1.]), colorSpace='rgb', contrast=1.0, depth=0, draggable=False, flipHoriz=False, flipVert=False, font='', fontFiles=[], height=0.1, italic=False, languageStyle='LTR', name='unnamed TextStim', opacity=1.0, ori=0.0, pos=array([ 0. , -0.3]), rgb=UNKNOWN, text='W', units='height', win=Window(...), wrapWidth=1)
1.1329 	EXP 	Created unnamed TextStim = TextStim(__class__=<class 'psychopy.visual.text.TextStim'>, alignHoriz=method-wrapper(...), alignText='center', alignVert=method-wrapper(...), anchorHoriz='center', anchorVert='center', antialias=True, autoDraw=False, autoLog=True, bold=True, color=array([1., 1., 1.]), colorSpace='rgb', contrast=1.0, depth=0, draggable=False, flipHoriz=False, flipVert=False, font='', fontFiles=[], height=0.1, italic=False, languageStyle='LTR', name='unnamed TextStim', opacity=1.0, ori=0.0, pos=array([ 0.1, -0.3]), rgb=UNKNOWN, text='E', units='height', win=Window(...), wrapWidth=1)
1.1354 	EXP 	Created unnamed TextStim = TextStim(__class__=<class 'psychopy.visual.text.TextStim'>, alignHoriz=method-wrapper(...), alignText='center', alignVert=method-wrapper(...), anchorHoriz='center', anchorVert='center', antialias=True, autoDraw=False, autoLog=True, bold=True, color=array([1., 1., 1.]), colorSpace='rgb', contrast=1.0, depth=0, draggable=False, flipHoriz=False, flipVert=False, font='', fontFiles=[], height=0.1, italic=False, languageStyle='LTR', name='unnamed TextStim', opacity=1.0, ori=0.0, pos=array([-0.3,  0. ]), rgb=UNKNOWN, text='U', units='height', win=Window(...), wrapWidth=1)
1.1380 	EXP 	Created unnamed TextStim = TextStim(__class__=<class 'psychopy.visual.text.TextStim'>, alignHoriz=method-wrapper(...), alignText='center', alignVert=method-wrapper(...), anchorHoriz='center', anchorVert='center', antialias=True, autoDraw=False, autoLog=True, bold=False, color=array([1., 1., 1.]), colorSpace='rgb', contrast=1.0, depth=0, draggable=False, flipHoriz=False, flipVert=False, font='', fontFiles=[], height=0.1, italic=True, languageStyle='LTR', name='unnamed TextStim', opacity=1.0, ori=0.0, pos=array([-0.2,  0. ]), rgb=UNKNOWN, text='P', units='height', win=Window(...), wrapWidth=1)
1.1430 	DATA 	Keypress: space
1.1521 	INFO 	Keyboard events cleared
1.1517 	EXP 	textWelcome: autoDraw = False
1.1517 	EXP 	textCrossLetras: autoDraw = True
3.0364 	EXP 	textCrossLetras: autoDraw = False
3.0364 	EXP 	textCrossBlanco: autoDraw = True
4.0301 	EXP 	Created unnamed TextStim = TextStim(__class__=<class 'psychopy.visual.text.TextStim'>, alignHoriz=method-wrapper(...), alignText='center', alignVert=method-wrapper(...), anchorHoriz='center', anchorVert='center', antialias=True, autoDraw=False, autoLog=True, bold=False, color=array([1., 1., 1.]), colorSpace='rgb', contrast=1.0, depth=0, draggable=False, flipHoriz=False, flipVert=False, font='', fontFiles=[], height=0.1, italic=False, languageStyle='LTR', name='unnamed TextStim', opacity=1.0, ori=0.0, pos=array([0.1, 0.3]), rgb=UNKNOWN, text='*', units='height', win=Window(...), wrapWidth=1)
4.0690 	DEBUG 	Saving data for prelearned_chunks ExperimentHandler
4.0721 	INFO 	saved data to C:\Users\italo\OneDrive\Documents\PUCP\Seminario\proyecto\psychopy\data/796730_prelearned_chunks_2025-08-15_17h52.49.597.psydat
4.0732 	INFO 	saved data to 'C:\\Users\\italo\\OneDrive\\Documents\\PUCP\\Seminario\\proyecto\\psychopy\\data/796730_prelearned_chunks_2025-08-15_17h52.49.597.csv'
