7.8179 	DEBUG 	Fullscreen settings ignored as running in pilot mode.
7.8194 	INFO 	Loaded monitor calibration from ['2025_08_10 19:43']
8.0945 	EXP 	Created window1 = Window(allowGUI=False, allowStencil=False, autoLog=True, backendConf=UNKNOWN, backgroundFit=<method-wrapper '__getattribute__' of attributeSetter object at 0x000002EC98692230>, backgroundImage=<method-wrapper '__getattribute__' of attributeSetter object at 0x000002EC98692290>, bitsMode=UNKNOWN, blendMode='avg', bpc=(8, 8, 8), color=array([0, 0, 0]), colorSpace='rgb', depthBits=8, fullscr=False, gamma=None, gammaErrorPolicy='raise', infoMsg=UNKNOWN, lms=UNKNOWN, monitor=<psychopy.monitors.calibTools.Monitor object at 0x000002EC99638400>, multiSample=False, name='window1', numSamples=2, pos=[560.0, 240.0], screen=0, size=array([800, 600]), stencilBits=0, stereo=False, title='PsychoPy', units='height', useFBO=True, useRetina=False, viewOri=0.0, viewPos=None, viewScale=None, waitBlanking=True, winType='pyglet')
8.0945 	EXP 	window1: backgroundImage = ''
8.0945 	EXP 	window1: backgroundFit = 'none'
8.1019 	DEBUG 	TextBox2 loaded 1 chars with 0 blanks and 1 valid
8.1026 	DEBUG 	TextBox2 loaded 1 chars with 0 blanks and 1 valid
8.1034 	DEBUG 	TextBox2 loaded 1 chars with 0 blanks and 1 valid
8.1043 	DEBUG 	TextBox2 loaded 1 chars with 0 blanks and 1 valid
8.1051 	DEBUG 	TextBox2 loaded 1 chars with 0 blanks and 1 valid
8.1056 	DEBUG 	TextBox2 loaded 1 chars with 0 blanks and 1 valid
8.1063 	DEBUG 	TextBox2 loaded 1 chars with 0 blanks and 1 valid
8.1071 	DEBUG 	TextBox2 loaded 1 chars with 0 blanks and 1 valid
8.1074 	DEBUG 	TextBox2 loaded 1 chars with 0 blanks and 1 valid
8.1078 	DEBUG 	TextBox2 loaded 1 chars with 0 blanks and 1 valid
8.1085 	DEBUG 	TextBox2 loaded 1 chars with 0 blanks and 1 valid
8.1092 	DEBUG 	TextBox2 loaded 1 chars with 0 blanks and 1 valid
8.1101 	DEBUG 	TextBox2 loaded 1 chars with 0 blanks and 1 valid
8.1112 	DEBUG 	TextBox2 loaded 1 chars with 0 blanks and 1 valid
8.1119 	DEBUG 	TextBox2 loaded 1 chars with 0 blanks and 1 valid
8.1130 	DEBUG 	TextBox2 loaded 1 chars with 0 blanks and 1 valid
8.1141 	DEBUG 	TextBox2 loaded 1 chars with 0 blanks and 1 valid
8.1146 	DEBUG 	TextBox2 loaded 1 chars with 0 blanks and 1 valid
8.1151 	DEBUG 	TextBox2 loaded 1 chars with 0 blanks and 1 valid
8.1161 	DEBUG 	TextBox2 loaded 1 chars with 0 blanks and 1 valid
8.1166 	DEBUG 	TextBox2 loaded 1 chars with 0 blanks and 1 valid
8.1170 	DEBUG 	Uploading Texture Font fontname to graphics card
8.1218 	DEBUG 	Upload of Texture Font fontname complete
8.1278 	DEBUG 	TextBox2 loaded 1 chars with 0 blanks and 1 valid
8.1287 	DEBUG 	TextBox2 loaded 1 chars with 0 blanks and 1 valid
8.1297 	DEBUG 	TextBox2 loaded 1 chars with 0 blanks and 1 valid
8.1300 	DEBUG 	Uploading Texture Font fontname to graphics card
8.1330 	DEBUG 	Upload of Texture Font fontname complete
8.1348 	EXP 	window1: Attempting to measure frame rate of screen (0) ...
8.1348 	EXP 	window1: recordFrameIntervals = False
8.3018 	EXP 	window1: recordFrameIntervals = True
8.5501 	EXP 	Screen (0) actual frame rate measured at 59.89Hz
8.5502 	EXP 	window1: recordFrameIntervals = False
8.5567 	DEBUG 	TextBox2 loaded 1 chars with 0 blanks and 1 valid
8.5572 	DEBUG 	TextBox2 loaded 1 chars with 0 blanks and 1 valid
8.5580 	DEBUG 	TextBox2 loaded 1 chars with 0 blanks and 1 valid
8.5591 	DEBUG 	TextBox2 loaded 1 chars with 0 blanks and 1 valid
8.5601 	DEBUG 	TextBox2 loaded 1 chars with 0 blanks and 1 valid
8.5614 	DEBUG 	TextBox2 loaded 1 chars with 0 blanks and 1 valid
8.5619 	DEBUG 	TextBox2 loaded 1 chars with 0 blanks and 1 valid
8.5648 	DEBUG 	TextBox2 loaded 1 chars with 0 blanks and 1 valid
8.5667 	DEBUG 	TextBox2 loaded 1 chars with 0 blanks and 1 valid
8.5678 	DEBUG 	TextBox2 loaded 1 chars with 0 blanks and 1 valid
8.5682 	DEBUG 	Uploading Texture Font fontname to graphics card
8.5688 	DEBUG 	Upload of Texture Font fontname complete
8.5835 	WARNING 	launchHubServer: If using the iohub mouse or eyetracker devices, fullScr should be True.
11.1005 	INFO 	keyboard.Keyboard is using iohub backend.
11.1006 	INFO 	keyboard.Keyboard is using iohub backend.
11.1006 	INFO 	keyboard.Keyboard is using iohub backend.
11.1007 	INFO 	keyboard.Keyboard is using iohub backend.
11.1007 	EXP 	prelearned_chunks: status = STARTED
11.1850 	EXP 	Created textWelcome = TextStim(__class__=<class 'psychopy.visual.text.TextStim'>, alignHoriz=method-wrapper(...), alignText='center', alignVert=method-wrapper(...), anchorHoriz='center', anchorVert='center', antialias=True, autoDraw=False, autoLog=True, bold=False, color=array([1., 1., 1.]), colorSpace='rgb', contrast=1.0, depth=0.0, draggable=False, flipHoriz=False, flipVert=False, font='Arial', fontFiles=[], height=0.05, italic=False, languageStyle='LTR', name='textWelcome', opacity=1, ori=0.0, pos=array([0., 0.]), rgb=UNKNOWN, text='Welcome!\nPress space plis.', units='height', win=Window(...), wrapWidth=1)
11.1882 	EXP 	Created textCrossLetras = TextStim(__class__=<class 'psychopy.visual.text.TextStim'>, alignHoriz=method-wrapper(...), alignText='center', alignVert=method-wrapper(...), anchorHoriz='center', anchorVert='center', antialias=True, autoDraw=False, autoLog=True, bold=False, color=array([1., 1., 1.]), colorSpace='rgb', contrast=1.0, depth=-2.0, draggable=False, flipHoriz=False, flipVert=False, font='Arial', fontFiles=[], height=0.05, italic=False, languageStyle='LTR', name='textCrossLetras', opacity=1, ori=0.0, pos=array([0., 0.]), rgb=UNKNOWN, text='+', units='height', win=Window(...), wrapWidth=1)
11.1927 	EXP 	Created textThanks = TextStim(__class__=<class 'psychopy.visual.text.TextStim'>, alignHoriz=method-wrapper(...), alignText='center', alignVert=method-wrapper(...), anchorHoriz='center', anchorVert='center', antialias=True, autoDraw=False, autoLog=True, bold=False, color=array([1., 1., 1.]), colorSpace='rgb', contrast=1.0, depth=0.0, draggable=False, flipHoriz=False, flipVert=False, font='Arial', fontFiles=[], height=0.05, italic=False, languageStyle='LTR', name='textThanks', opacity=1, ori=0.0, pos=array([0., 0.]), rgb=UNKNOWN, text='Thanks!\nPress space plis.', units='height', win=Window(...), wrapWidth=1)
0.0383 	INFO 	Keyboard events cleared
0.0377 	EXP 	textWelcome: autoDraw = True
1.2001 	DEBUG 	Read excel file with openpyxl: config/config.xlsx
1.2483 	EXP 	Imported config/config.xlsx as conditions, 160 conditions, 26 params
1.2503 	EXP 	New trial (rep=0, index=0): <Trial 0 (0 in rep 0) data={'trialType': 'random', 'letter1': 'A', 'type_letter1': 'bold', 'letter2': 'O', 'type_letter2': 'bold', 'letter3': 'U', 'type_letter3': 'italic', 'letter4': 'T', 'type_letter4': 'italic', 'letter5': 'E', 'type_letter5': 'bold', 'letter6': 'M', 'type_letter6': 'bold', 'letter7': 'W', 'type_letter7': 'italic', 'letter8': 'P', 'type_letter8': 'italic', 'starPosition': 2.0, 'letterTarget': 'O', 'TypeTarget': 'bold', 'letterFoil1': 'O', 'typeFoil1': 'italic', 'letterFoil2': 'I', 'typeFoil2': 'bold', 'letterFoil3': 'I', 'typeFoil3': 'italic', 'thisN': 0, 'thisTrialN': 0, 'thisRepN': 0}>
1.2546 	EXP 	Created unnamed TextStim = TextStim(__class__=<class 'psychopy.visual.text.TextStim'>, alignHoriz=method-wrapper(...), alignText='center', alignVert=method-wrapper(...), anchorHoriz='center', anchorVert='center', antialias=True, autoDraw=False, autoLog=True, bold=True, color=array([1., 1., 1.]), colorSpace='rgb', contrast=1.0, depth=0, draggable=False, flipHoriz=False, flipVert=False, font='', fontFiles=[], height=0.1, italic=False, languageStyle='LTR', name='unnamed TextStim', opacity=1.0, ori=0.0, pos=array([0. , 0.3]), rgb=UNKNOWN, text='A', units='height', win=Window(...), wrapWidth=1)
1.2573 	EXP 	Created unnamed TextStim = TextStim(__class__=<class 'psychopy.visual.text.TextStim'>, alignHoriz=method-wrapper(...), alignText='center', alignVert=method-wrapper(...), anchorHoriz='center', anchorVert='center', antialias=True, autoDraw=False, autoLog=True, bold=True, color=array([1., 1., 1.]), colorSpace='rgb', contrast=1.0, depth=0, draggable=False, flipHoriz=False, flipVert=False, font='', fontFiles=[], height=0.1, italic=False, languageStyle='LTR', name='unnamed TextStim', opacity=1.0, ori=0.0, pos=array([0.1, 0.3]), rgb=UNKNOWN, text='O', units='height', win=Window(...), wrapWidth=1)
1.2612 	EXP 	Created unnamed TextStim = TextStim(__class__=<class 'psychopy.visual.text.TextStim'>, alignHoriz=method-wrapper(...), alignText='center', alignVert=method-wrapper(...), anchorHoriz='center', anchorVert='center', antialias=True, autoDraw=False, autoLog=True, bold=False, color=array([1., 1., 1.]), colorSpace='rgb', contrast=1.0, depth=0, draggable=False, flipHoriz=False, flipVert=False, font='', fontFiles=[], height=0.1, italic=True, languageStyle='LTR', name='unnamed TextStim', opacity=1.0, ori=0.0, pos=array([0.3, 0. ]), rgb=UNKNOWN, text='U', units='height', win=Window(...), wrapWidth=1)
1.2637 	EXP 	Created unnamed TextStim = TextStim(__class__=<class 'psychopy.visual.text.TextStim'>, alignHoriz=method-wrapper(...), alignText='center', alignVert=method-wrapper(...), anchorHoriz='center', anchorVert='center', antialias=True, autoDraw=False, autoLog=True, bold=False, color=array([1., 1., 1.]), colorSpace='rgb', contrast=1.0, depth=0, draggable=False, flipHoriz=False, flipVert=False, font='', fontFiles=[], height=0.1, italic=True, languageStyle='LTR', name='unnamed TextStim', opacity=1.0, ori=0.0, pos=array([0.4, 0. ]), rgb=UNKNOWN, text='T', units='height', win=Window(...), wrapWidth=1)
1.2664 	EXP 	Created unnamed TextStim = TextStim(__class__=<class 'psychopy.visual.text.TextStim'>, alignHoriz=method-wrapper(...), alignText='center', alignVert=method-wrapper(...), anchorHoriz='center', anchorVert='center', antialias=True, autoDraw=False, autoLog=True, bold=True, color=array([1., 1., 1.]), colorSpace='rgb', contrast=1.0, depth=0, draggable=False, flipHoriz=False, flipVert=False, font='', fontFiles=[], height=0.1, italic=False, languageStyle='LTR', name='unnamed TextStim', opacity=1.0, ori=0.0, pos=array([ 0. , -0.3]), rgb=UNKNOWN, text='E', units='height', win=Window(...), wrapWidth=1)
1.2688 	EXP 	Created unnamed TextStim = TextStim(__class__=<class 'psychopy.visual.text.TextStim'>, alignHoriz=method-wrapper(...), alignText='center', alignVert=method-wrapper(...), anchorHoriz='center', anchorVert='center', antialias=True, autoDraw=False, autoLog=True, bold=True, color=array([1., 1., 1.]), colorSpace='rgb', contrast=1.0, depth=0, draggable=False, flipHoriz=False, flipVert=False, font='', fontFiles=[], height=0.1, italic=False, languageStyle='LTR', name='unnamed TextStim', opacity=1.0, ori=0.0, pos=array([ 0.1, -0.3]), rgb=UNKNOWN, text='M', units='height', win=Window(...), wrapWidth=1)
1.2716 	EXP 	Created unnamed TextStim = TextStim(__class__=<class 'psychopy.visual.text.TextStim'>, alignHoriz=method-wrapper(...), alignText='center', alignVert=method-wrapper(...), anchorHoriz='center', anchorVert='center', antialias=True, autoDraw=False, autoLog=True, bold=False, color=array([1., 1., 1.]), colorSpace='rgb', contrast=1.0, depth=0, draggable=False, flipHoriz=False, flipVert=False, font='', fontFiles=[], height=0.1, italic=True, languageStyle='LTR', name='unnamed TextStim', opacity=1.0, ori=0.0, pos=array([-0.3,  0. ]), rgb=UNKNOWN, text='W', units='height', win=Window(...), wrapWidth=1)
1.2738 	EXP 	Created unnamed TextStim = TextStim(__class__=<class 'psychopy.visual.text.TextStim'>, alignHoriz=method-wrapper(...), alignText='center', alignVert=method-wrapper(...), anchorHoriz='center', anchorVert='center', antialias=True, autoDraw=False, autoLog=True, bold=False, color=array([1., 1., 1.]), colorSpace='rgb', contrast=1.0, depth=0, draggable=False, flipHoriz=False, flipVert=False, font='', fontFiles=[], height=0.1, italic=True, languageStyle='LTR', name='unnamed TextStim', opacity=1.0, ori=0.0, pos=array([-0.2,  0. ]), rgb=UNKNOWN, text='P', units='height', win=Window(...), wrapWidth=1)
1.2778 	DATA 	Keypress: space
1.2849 	INFO 	Keyboard events cleared
1.2847 	EXP 	textWelcome: autoDraw = False
1.2847 	EXP 	textCrossLetras: autoDraw = True
2.2854 	EXP 	textCrossLetras: autoDraw = False
3.4093 	EXP 	New trial (rep=0, index=1): <Trial 1 (1 in rep 0) data={'trialType': 'chunk', 'letter1': 'M', 'type_letter1': 'bold', 'letter2': 'Y', 'type_letter2': 'bold', 'letter3': 'U', 'type_letter3': 'italic', 'letter4': 'P', 'type_letter4': 'bold', 'letter5': 'T', 'type_letter5': 'italic', 'letter6': 'O', 'type_letter6': 'bold', 'letter7': 'I', 'type_letter7': 'bold', 'letter8': 'F', 'type_letter8': 'italic', 'starPosition': 7.0, 'letterTarget': 'I', 'TypeTarget': 'bold', 'letterFoil1': 'I', 'typeFoil1': 'italic', 'letterFoil2': 'T', 'typeFoil2': 'bold', 'letterFoil3': 'T', 'typeFoil3': 'italic', 'thisN': 1, 'thisTrialN': 1, 'thisRepN': 0}>
3.4160 	EXP 	Created unnamed TextStim = TextStim(__class__=<class 'psychopy.visual.text.TextStim'>, alignHoriz=method-wrapper(...), alignText='center', alignVert=method-wrapper(...), anchorHoriz='center', anchorVert='center', antialias=True, autoDraw=False, autoLog=True, bold=True, color=array([1., 1., 1.]), colorSpace='rgb', contrast=1.0, depth=0, draggable=False, flipHoriz=False, flipVert=False, font='', fontFiles=[], height=0.1, italic=False, languageStyle='LTR', name='unnamed TextStim', opacity=1.0, ori=0.0, pos=array([0. , 0.3]), rgb=UNKNOWN, text='M', units='height', win=Window(...), wrapWidth=1)
3.4224 	EXP 	Created unnamed TextStim = TextStim(__class__=<class 'psychopy.visual.text.TextStim'>, alignHoriz=method-wrapper(...), alignText='center', alignVert=method-wrapper(...), anchorHoriz='center', anchorVert='center', antialias=True, autoDraw=False, autoLog=True, bold=True, color=array([1., 1., 1.]), colorSpace='rgb', contrast=1.0, depth=0, draggable=False, flipHoriz=False, flipVert=False, font='', fontFiles=[], height=0.1, italic=False, languageStyle='LTR', name='unnamed TextStim', opacity=1.0, ori=0.0, pos=array([0.1, 0.3]), rgb=UNKNOWN, text='Y', units='height', win=Window(...), wrapWidth=1)
3.4257 	EXP 	Created unnamed TextStim = TextStim(__class__=<class 'psychopy.visual.text.TextStim'>, alignHoriz=method-wrapper(...), alignText='center', alignVert=method-wrapper(...), anchorHoriz='center', anchorVert='center', antialias=True, autoDraw=False, autoLog=True, bold=False, color=array([1., 1., 1.]), colorSpace='rgb', contrast=1.0, depth=0, draggable=False, flipHoriz=False, flipVert=False, font='', fontFiles=[], height=0.1, italic=True, languageStyle='LTR', name='unnamed TextStim', opacity=1.0, ori=0.0, pos=array([0.3, 0. ]), rgb=UNKNOWN, text='U', units='height', win=Window(...), wrapWidth=1)
3.4305 	EXP 	Created unnamed TextStim = TextStim(__class__=<class 'psychopy.visual.text.TextStim'>, alignHoriz=method-wrapper(...), alignText='center', alignVert=method-wrapper(...), anchorHoriz='center', anchorVert='center', antialias=True, autoDraw=False, autoLog=True, bold=True, color=array([1., 1., 1.]), colorSpace='rgb', contrast=1.0, depth=0, draggable=False, flipHoriz=False, flipVert=False, font='', fontFiles=[], height=0.1, italic=False, languageStyle='LTR', name='unnamed TextStim', opacity=1.0, ori=0.0, pos=array([0.4, 0. ]), rgb=UNKNOWN, text='P', units='height', win=Window(...), wrapWidth=1)
3.4331 	EXP 	Created unnamed TextStim = TextStim(__class__=<class 'psychopy.visual.text.TextStim'>, alignHoriz=method-wrapper(...), alignText='center', alignVert=method-wrapper(...), anchorHoriz='center', anchorVert='center', antialias=True, autoDraw=False, autoLog=True, bold=False, color=array([1., 1., 1.]), colorSpace='rgb', contrast=1.0, depth=0, draggable=False, flipHoriz=False, flipVert=False, font='', fontFiles=[], height=0.1, italic=True, languageStyle='LTR', name='unnamed TextStim', opacity=1.0, ori=0.0, pos=array([ 0. , -0.3]), rgb=UNKNOWN, text='T', units='height', win=Window(...), wrapWidth=1)
3.4358 	EXP 	Created unnamed TextStim = TextStim(__class__=<class 'psychopy.visual.text.TextStim'>, alignHoriz=method-wrapper(...), alignText='center', alignVert=method-wrapper(...), anchorHoriz='center', anchorVert='center', antialias=True, autoDraw=False, autoLog=True, bold=True, color=array([1., 1., 1.]), colorSpace='rgb', contrast=1.0, depth=0, draggable=False, flipHoriz=False, flipVert=False, font='', fontFiles=[], height=0.1, italic=False, languageStyle='LTR', name='unnamed TextStim', opacity=1.0, ori=0.0, pos=array([ 0.1, -0.3]), rgb=UNKNOWN, text='O', units='height', win=Window(...), wrapWidth=1)
3.4381 	EXP 	Created unnamed TextStim = TextStim(__class__=<class 'psychopy.visual.text.TextStim'>, alignHoriz=method-wrapper(...), alignText='center', alignVert=method-wrapper(...), anchorHoriz='center', anchorVert='center', antialias=True, autoDraw=False, autoLog=True, bold=True, color=array([1., 1., 1.]), colorSpace='rgb', contrast=1.0, depth=0, draggable=False, flipHoriz=False, flipVert=False, font='', fontFiles=[], height=0.1, italic=False, languageStyle='LTR', name='unnamed TextStim', opacity=1.0, ori=0.0, pos=array([-0.3,  0. ]), rgb=UNKNOWN, text='I', units='height', win=Window(...), wrapWidth=1)
3.4404 	EXP 	Created unnamed TextStim = TextStim(__class__=<class 'psychopy.visual.text.TextStim'>, alignHoriz=method-wrapper(...), alignText='center', alignVert=method-wrapper(...), anchorHoriz='center', anchorVert='center', antialias=True, autoDraw=False, autoLog=True, bold=False, color=array([1., 1., 1.]), colorSpace='rgb', contrast=1.0, depth=0, draggable=False, flipHoriz=False, flipVert=False, font='', fontFiles=[], height=0.1, italic=True, languageStyle='LTR', name='unnamed TextStim', opacity=1.0, ori=0.0, pos=array([-0.2,  0. ]), rgb=UNKNOWN, text='F', units='height', win=Window(...), wrapWidth=1)
3.4441 	DATA 	Keypress: space
3.4507 	INFO 	Keyboard events cleared
3.4498 	EXP 	textCrossLetras: autoDraw = False
3.4498 	EXP 	textCrossLetras: autoDraw = True
4.4512 	EXP 	textCrossLetras: autoDraw = False
4.7419 	EXP 	New trial (rep=0, index=2): <Trial 2 (2 in rep 0) data={'trialType': 'random', 'letter1': 'T', 'type_letter1': 'italic', 'letter2': 'P', 'type_letter2': 'bold', 'letter3': 'S', 'type_letter3': 'italic', 'letter4': 'F', 'type_letter4': 'italic', 'letter5': 'A', 'type_letter5': 'italic', 'letter6': 'E', 'type_letter6': 'italic', 'letter7': 'I', 'type_letter7': 'bold', 'letter8': 'M', 'type_letter8': 'bold', 'starPosition': 2.0, 'letterTarget': 'P', 'TypeTarget': 'bold', 'letterFoil1': 'P', 'typeFoil1': 'italic', 'letterFoil2': 'T', 'typeFoil2': 'bold', 'letterFoil3': 'T', 'typeFoil3': 'italic', 'thisN': 2, 'thisTrialN': 2, 'thisRepN': 0}>
4.7457 	EXP 	Created unnamed TextStim = TextStim(__class__=<class 'psychopy.visual.text.TextStim'>, alignHoriz=method-wrapper(...), alignText='center', alignVert=method-wrapper(...), anchorHoriz='center', anchorVert='center', antialias=True, autoDraw=False, autoLog=True, bold=False, color=array([1., 1., 1.]), colorSpace='rgb', contrast=1.0, depth=0, draggable=False, flipHoriz=False, flipVert=False, font='', fontFiles=[], height=0.1, italic=True, languageStyle='LTR', name='unnamed TextStim', opacity=1.0, ori=0.0, pos=array([0. , 0.3]), rgb=UNKNOWN, text='T', units='height', win=Window(...), wrapWidth=1)
4.7492 	EXP 	Created unnamed TextStim = TextStim(__class__=<class 'psychopy.visual.text.TextStim'>, alignHoriz=method-wrapper(...), alignText='center', alignVert=method-wrapper(...), anchorHoriz='center', anchorVert='center', antialias=True, autoDraw=False, autoLog=True, bold=True, color=array([1., 1., 1.]), colorSpace='rgb', contrast=1.0, depth=0, draggable=False, flipHoriz=False, flipVert=False, font='', fontFiles=[], height=0.1, italic=False, languageStyle='LTR', name='unnamed TextStim', opacity=1.0, ori=0.0, pos=array([0.1, 0.3]), rgb=UNKNOWN, text='P', units='height', win=Window(...), wrapWidth=1)
4.7537 	EXP 	Created unnamed TextStim = TextStim(__class__=<class 'psychopy.visual.text.TextStim'>, alignHoriz=method-wrapper(...), alignText='center', alignVert=method-wrapper(...), anchorHoriz='center', anchorVert='center', antialias=True, autoDraw=False, autoLog=True, bold=False, color=array([1., 1., 1.]), colorSpace='rgb', contrast=1.0, depth=0, draggable=False, flipHoriz=False, flipVert=False, font='', fontFiles=[], height=0.1, italic=True, languageStyle='LTR', name='unnamed TextStim', opacity=1.0, ori=0.0, pos=array([0.3, 0. ]), rgb=UNKNOWN, text='S', units='height', win=Window(...), wrapWidth=1)
4.7564 	EXP 	Created unnamed TextStim = TextStim(__class__=<class 'psychopy.visual.text.TextStim'>, alignHoriz=method-wrapper(...), alignText='center', alignVert=method-wrapper(...), anchorHoriz='center', anchorVert='center', antialias=True, autoDraw=False, autoLog=True, bold=False, color=array([1., 1., 1.]), colorSpace='rgb', contrast=1.0, depth=0, draggable=False, flipHoriz=False, flipVert=False, font='', fontFiles=[], height=0.1, italic=True, languageStyle='LTR', name='unnamed TextStim', opacity=1.0, ori=0.0, pos=array([0.4, 0. ]), rgb=UNKNOWN, text='F', units='height', win=Window(...), wrapWidth=1)
4.7605 	EXP 	Created unnamed TextStim = TextStim(__class__=<class 'psychopy.visual.text.TextStim'>, alignHoriz=method-wrapper(...), alignText='center', alignVert=method-wrapper(...), anchorHoriz='center', anchorVert='center', antialias=True, autoDraw=False, autoLog=True, bold=False, color=array([1., 1., 1.]), colorSpace='rgb', contrast=1.0, depth=0, draggable=False, flipHoriz=False, flipVert=False, font='', fontFiles=[], height=0.1, italic=True, languageStyle='LTR', name='unnamed TextStim', opacity=1.0, ori=0.0, pos=array([ 0. , -0.3]), rgb=UNKNOWN, text='A', units='height', win=Window(...), wrapWidth=1)
4.7640 	EXP 	Created unnamed TextStim = TextStim(__class__=<class 'psychopy.visual.text.TextStim'>, alignHoriz=method-wrapper(...), alignText='center', alignVert=method-wrapper(...), anchorHoriz='center', anchorVert='center', antialias=True, autoDraw=False, autoLog=True, bold=False, color=array([1., 1., 1.]), colorSpace='rgb', contrast=1.0, depth=0, draggable=False, flipHoriz=False, flipVert=False, font='', fontFiles=[], height=0.1, italic=True, languageStyle='LTR', name='unnamed TextStim', opacity=1.0, ori=0.0, pos=array([ 0.1, -0.3]), rgb=UNKNOWN, text='E', units='height', win=Window(...), wrapWidth=1)
4.7663 	EXP 	Created unnamed TextStim = TextStim(__class__=<class 'psychopy.visual.text.TextStim'>, alignHoriz=method-wrapper(...), alignText='center', alignVert=method-wrapper(...), anchorHoriz='center', anchorVert='center', antialias=True, autoDraw=False, autoLog=True, bold=True, color=array([1., 1., 1.]), colorSpace='rgb', contrast=1.0, depth=0, draggable=False, flipHoriz=False, flipVert=False, font='', fontFiles=[], height=0.1, italic=False, languageStyle='LTR', name='unnamed TextStim', opacity=1.0, ori=0.0, pos=array([-0.3,  0. ]), rgb=UNKNOWN, text='I', units='height', win=Window(...), wrapWidth=1)
4.7684 	EXP 	Created unnamed TextStim = TextStim(__class__=<class 'psychopy.visual.text.TextStim'>, alignHoriz=method-wrapper(...), alignText='center', alignVert=method-wrapper(...), anchorHoriz='center', anchorVert='center', antialias=True, autoDraw=False, autoLog=True, bold=True, color=array([1., 1., 1.]), colorSpace='rgb', contrast=1.0, depth=0, draggable=False, flipHoriz=False, flipVert=False, font='', fontFiles=[], height=0.1, italic=False, languageStyle='LTR', name='unnamed TextStim', opacity=1.0, ori=0.0, pos=array([-0.2,  0. ]), rgb=UNKNOWN, text='M', units='height', win=Window(...), wrapWidth=1)
4.7732 	DATA 	Keypress: space
4.7830 	INFO 	Keyboard events cleared
4.7823 	EXP 	textCrossLetras: autoDraw = False
4.7823 	EXP 	textCrossLetras: autoDraw = True
5.4589 	DATA 	Keypress: space
5.4734 	EXP 	New trial (rep=0, index=3): <Trial 3 (3 in rep 0) data={'trialType': 'chunk', 'letter1': 'T', 'type_letter1': 'bold', 'letter2': 'O', 'type_letter2': 'bold', 'letter3': 'W', 'type_letter3': 'italic', 'letter4': 'E', 'type_letter4': 'italic', 'letter5': 'M', 'type_letter5': 'bold', 'letter6': 'Y', 'type_letter6': 'italic', 'letter7': 'I', 'type_letter7': 'italic', 'letter8': 'F', 'type_letter8': 'italic', 'starPosition': 7.0, 'letterTarget': 'I', 'TypeTarget': 'italic', 'letterFoil1': 'I', 'typeFoil1': 'bold', 'letterFoil2': 'S', 'typeFoil2': 'italic', 'letterFoil3': 'S', 'typeFoil3': 'bold', 'thisN': 3, 'thisTrialN': 3, 'thisRepN': 0}>
5.4775 	EXP 	Created unnamed TextStim = TextStim(__class__=<class 'psychopy.visual.text.TextStim'>, alignHoriz=method-wrapper(...), alignText='center', alignVert=method-wrapper(...), anchorHoriz='center', anchorVert='center', antialias=True, autoDraw=False, autoLog=True, bold=True, color=array([1., 1., 1.]), colorSpace='rgb', contrast=1.0, depth=0, draggable=False, flipHoriz=False, flipVert=False, font='', fontFiles=[], height=0.1, italic=False, languageStyle='LTR', name='unnamed TextStim', opacity=1.0, ori=0.0, pos=array([0. , 0.3]), rgb=UNKNOWN, text='T', units='height', win=Window(...), wrapWidth=1)
5.4798 	EXP 	Created unnamed TextStim = TextStim(__class__=<class 'psychopy.visual.text.TextStim'>, alignHoriz=method-wrapper(...), alignText='center', alignVert=method-wrapper(...), anchorHoriz='center', anchorVert='center', antialias=True, autoDraw=False, autoLog=True, bold=True, color=array([1., 1., 1.]), colorSpace='rgb', contrast=1.0, depth=0, draggable=False, flipHoriz=False, flipVert=False, font='', fontFiles=[], height=0.1, italic=False, languageStyle='LTR', name='unnamed TextStim', opacity=1.0, ori=0.0, pos=array([0.1, 0.3]), rgb=UNKNOWN, text='O', units='height', win=Window(...), wrapWidth=1)
5.4848 	EXP 	Created unnamed TextStim = TextStim(__class__=<class 'psychopy.visual.text.TextStim'>, alignHoriz=method-wrapper(...), alignText='center', alignVert=method-wrapper(...), anchorHoriz='center', anchorVert='center', antialias=True, autoDraw=False, autoLog=True, bold=False, color=array([1., 1., 1.]), colorSpace='rgb', contrast=1.0, depth=0, draggable=False, flipHoriz=False, flipVert=False, font='', fontFiles=[], height=0.1, italic=True, languageStyle='LTR', name='unnamed TextStim', opacity=1.0, ori=0.0, pos=array([0.3, 0. ]), rgb=UNKNOWN, text='W', units='height', win=Window(...), wrapWidth=1)
5.4885 	EXP 	Created unnamed TextStim = TextStim(__class__=<class 'psychopy.visual.text.TextStim'>, alignHoriz=method-wrapper(...), alignText='center', alignVert=method-wrapper(...), anchorHoriz='center', anchorVert='center', antialias=True, autoDraw=False, autoLog=True, bold=False, color=array([1., 1., 1.]), colorSpace='rgb', contrast=1.0, depth=0, draggable=False, flipHoriz=False, flipVert=False, font='', fontFiles=[], height=0.1, italic=True, languageStyle='LTR', name='unnamed TextStim', opacity=1.0, ori=0.0, pos=array([0.4, 0. ]), rgb=UNKNOWN, text='E', units='height', win=Window(...), wrapWidth=1)
5.4914 	EXP 	Created unnamed TextStim = TextStim(__class__=<class 'psychopy.visual.text.TextStim'>, alignHoriz=method-wrapper(...), alignText='center', alignVert=method-wrapper(...), anchorHoriz='center', anchorVert='center', antialias=True, autoDraw=False, autoLog=True, bold=True, color=array([1., 1., 1.]), colorSpace='rgb', contrast=1.0, depth=0, draggable=False, flipHoriz=False, flipVert=False, font='', fontFiles=[], height=0.1, italic=False, languageStyle='LTR', name='unnamed TextStim', opacity=1.0, ori=0.0, pos=array([ 0. , -0.3]), rgb=UNKNOWN, text='M', units='height', win=Window(...), wrapWidth=1)
5.4939 	EXP 	Created unnamed TextStim = TextStim(__class__=<class 'psychopy.visual.text.TextStim'>, alignHoriz=method-wrapper(...), alignText='center', alignVert=method-wrapper(...), anchorHoriz='center', anchorVert='center', antialias=True, autoDraw=False, autoLog=True, bold=False, color=array([1., 1., 1.]), colorSpace='rgb', contrast=1.0, depth=0, draggable=False, flipHoriz=False, flipVert=False, font='', fontFiles=[], height=0.1, italic=True, languageStyle='LTR', name='unnamed TextStim', opacity=1.0, ori=0.0, pos=array([ 0.1, -0.3]), rgb=UNKNOWN, text='Y', units='height', win=Window(...), wrapWidth=1)
5.4965 	EXP 	Created unnamed TextStim = TextStim(__class__=<class 'psychopy.visual.text.TextStim'>, alignHoriz=method-wrapper(...), alignText='center', alignVert=method-wrapper(...), anchorHoriz='center', anchorVert='center', antialias=True, autoDraw=False, autoLog=True, bold=False, color=array([1., 1., 1.]), colorSpace='rgb', contrast=1.0, depth=0, draggable=False, flipHoriz=False, flipVert=False, font='', fontFiles=[], height=0.1, italic=True, languageStyle='LTR', name='unnamed TextStim', opacity=1.0, ori=0.0, pos=array([-0.3,  0. ]), rgb=UNKNOWN, text='I', units='height', win=Window(...), wrapWidth=1)
5.4988 	EXP 	Created unnamed TextStim = TextStim(__class__=<class 'psychopy.visual.text.TextStim'>, alignHoriz=method-wrapper(...), alignText='center', alignVert=method-wrapper(...), anchorHoriz='center', anchorVert='center', antialias=True, autoDraw=False, autoLog=True, bold=False, color=array([1., 1., 1.]), colorSpace='rgb', contrast=1.0, depth=0, draggable=False, flipHoriz=False, flipVert=False, font='', fontFiles=[], height=0.1, italic=True, languageStyle='LTR', name='unnamed TextStim', opacity=1.0, ori=0.0, pos=array([-0.2,  0. ]), rgb=UNKNOWN, text='F', units='height', win=Window(...), wrapWidth=1)
5.5151 	INFO 	Keyboard events cleared
5.5147 	EXP 	textCrossLetras: autoDraw = False
5.5147 	EXP 	textCrossLetras: autoDraw = True
6.3737 	DATA 	Keypress: escape
6.4900 	EXP 	prelearned_chunks: status = STOPPED
6.4994 	EXP 	textCrossLetras: autoDraw = False
6.5031 	EXP 	prelearned_chunks: status = STOPPED
6.5121 	INFO 	saved data to 'C:\\Users\\italo\\OneDrive\\Documents\\PUCP\\Seminario\\proyecto\\psychopy\\data/879790_prelearned_chunks_2025-08-15_17h39.32.385.csv'
6.5151 	INFO 	saved data to C:\Users\italo\OneDrive\Documents\PUCP\Seminario\proyecto\psychopy\data/879790_prelearned_chunks_2025-08-15_17h39.32.385.psydat
6.9176 	DEBUG 	Saving data for prelearned_chunks ExperimentHandler
