4.7083 	DEBUG 	Fullscreen settings ignored as running in pilot mode.
4.7104 	INFO 	Loaded monitor calibration from ['2025_08_10 19:43']
4.9518 	EXP 	Created window1 = Window(allowGUI=False, allowStencil=False, autoLog=True, backendConf=UNKNOWN, backgroundFit=<method-wrapper '__getattribute__' of attributeSetter object at 0x000001C0580F8FA0>, backgroundImage=<method-wrapper '__getattribute__' of attributeSetter object at 0x000001C0580F8F40>, bitsMode=UNKNOWN, blendMode='avg', bpc=(8, 8, 8), color=array([0, 0, 0]), colorSpace='rgb', depthBits=8, fullscr=False, gamma=None, gammaErrorPolicy='raise', infoMsg=UNKNOWN, lms=UNKNOWN, monitor=<psychopy.monitors.calibTools.Monitor object at 0x000001C060351600>, multiSample=False, name='window1', numSamples=2, pos=[560.0, 240.0], screen=0, size=array([800, 600]), stencilBits=0, stereo=False, title='PsychoPy', units='height', useFBO=True, useRetina=False, viewOri=0.0, viewPos=None, viewScale=None, waitBlanking=True, winType='pyglet')
4.9518 	EXP 	window1: backgroundImage = ''
4.9518 	EXP 	window1: backgroundFit = 'none'
4.9588 	DEBUG 	TextBox2 loaded 1 chars with 0 blanks and 1 valid
4.9596 	DEBUG 	TextBox2 loaded 1 chars with 0 blanks and 1 valid
4.9604 	DEBUG 	TextBox2 loaded 1 chars with 0 blanks and 1 valid
4.9615 	DEBUG 	TextBox2 loaded 1 chars with 0 blanks and 1 valid
4.9627 	DEBUG 	TextBox2 loaded 1 chars with 0 blanks and 1 valid
4.9633 	DEBUG 	TextBox2 loaded 1 chars with 0 blanks and 1 valid
4.9642 	DEBUG 	TextBox2 loaded 1 chars with 0 blanks and 1 valid
4.9651 	DEBUG 	TextBox2 loaded 1 chars with 0 blanks and 1 valid
4.9654 	DEBUG 	TextBox2 loaded 1 chars with 0 blanks and 1 valid
4.9658 	DEBUG 	TextBox2 loaded 1 chars with 0 blanks and 1 valid
4.9665 	DEBUG 	TextBox2 loaded 1 chars with 0 blanks and 1 valid
4.9672 	DEBUG 	TextBox2 loaded 1 chars with 0 blanks and 1 valid
4.9679 	DEBUG 	TextBox2 loaded 1 chars with 0 blanks and 1 valid
4.9686 	DEBUG 	TextBox2 loaded 1 chars with 0 blanks and 1 valid
4.9693 	DEBUG 	TextBox2 loaded 1 chars with 0 blanks and 1 valid
4.9699 	DEBUG 	TextBox2 loaded 1 chars with 0 blanks and 1 valid
4.9707 	DEBUG 	TextBox2 loaded 1 chars with 0 blanks and 1 valid
4.9712 	DEBUG 	TextBox2 loaded 1 chars with 0 blanks and 1 valid
4.9716 	DEBUG 	TextBox2 loaded 1 chars with 0 blanks and 1 valid
4.9726 	DEBUG 	TextBox2 loaded 1 chars with 0 blanks and 1 valid
4.9732 	DEBUG 	TextBox2 loaded 1 chars with 0 blanks and 1 valid
4.9735 	DEBUG 	Uploading Texture Font fontname to graphics card
4.9782 	DEBUG 	Upload of Texture Font fontname complete
4.9842 	DEBUG 	TextBox2 loaded 1 chars with 0 blanks and 1 valid
4.9851 	DEBUG 	TextBox2 loaded 1 chars with 0 blanks and 1 valid
4.9860 	DEBUG 	TextBox2 loaded 1 chars with 0 blanks and 1 valid
4.9863 	DEBUG 	Uploading Texture Font fontname to graphics card
4.9900 	DEBUG 	Upload of Texture Font fontname complete
4.9918 	EXP 	window1: Attempting to measure frame rate of screen (0) ...
4.9918 	EXP 	window1: recordFrameIntervals = False
5.1664 	EXP 	window1: recordFrameIntervals = True
5.4478 	EXP 	Screen (0) actual frame rate measured at 60.59Hz
5.4478 	EXP 	window1: recordFrameIntervals = False
5.4577 	DEBUG 	TextBox2 loaded 1 chars with 0 blanks and 1 valid
5.4586 	DEBUG 	TextBox2 loaded 1 chars with 0 blanks and 1 valid
5.4601 	DEBUG 	TextBox2 loaded 1 chars with 0 blanks and 1 valid
5.4619 	DEBUG 	TextBox2 loaded 1 chars with 0 blanks and 1 valid
5.4633 	DEBUG 	TextBox2 loaded 1 chars with 0 blanks and 1 valid
5.4647 	DEBUG 	TextBox2 loaded 1 chars with 0 blanks and 1 valid
5.4654 	DEBUG 	TextBox2 loaded 1 chars with 0 blanks and 1 valid
5.4665 	DEBUG 	TextBox2 loaded 1 chars with 0 blanks and 1 valid
5.4676 	DEBUG 	TextBox2 loaded 1 chars with 0 blanks and 1 valid
5.4685 	DEBUG 	TextBox2 loaded 1 chars with 0 blanks and 1 valid
5.4688 	DEBUG 	Uploading Texture Font fontname to graphics card
5.4701 	DEBUG 	Upload of Texture Font fontname complete
5.4813 	WARNING 	launchHubServer: If using the iohub mouse or eyetracker devices, fullScr should be True.
7.8854 	INFO 	keyboard.Keyboard is using iohub backend.
7.8855 	INFO 	keyboard.Keyboard is using iohub backend.
7.8855 	INFO 	keyboard.Keyboard is using iohub backend.
7.8856 	INFO 	keyboard.Keyboard is using iohub backend.
7.8856 	INFO 	keyboard.Keyboard is using iohub backend.
7.8856 	EXP 	prelearned_chunks: status = STARTED
7.9632 	EXP 	Created textWelcome = TextStim(__class__=<class 'psychopy.visual.text.TextStim'>, alignHoriz=method-wrapper(...), alignText='center', alignVert=method-wrapper(...), anchorHoriz='center', anchorVert='center', antialias=True, autoDraw=False, autoLog=True, bold=False, color=array([1., 1., 1.]), colorSpace='rgb', contrast=1.0, depth=0.0, draggable=False, flipHoriz=False, flipVert=False, font='Arial', fontFiles=[], height=0.05, italic=False, languageStyle='LTR', name='textWelcome', opacity=1, ori=0.0, pos=array([0., 0.]), rgb=UNKNOWN, text='Welcome!\nPress space plis.', units='height', win=Window(...), wrapWidth=1)
7.9661 	EXP 	Created textCrossLetras = TextStim(__class__=<class 'psychopy.visual.text.TextStim'>, alignHoriz=method-wrapper(...), alignText='center', alignVert=method-wrapper(...), anchorHoriz='center', anchorVert='center', antialias=True, autoDraw=False, autoLog=True, bold=False, color=array([1., 1., 1.]), colorSpace='rgb', contrast=1.0, depth=-2.0, draggable=False, flipHoriz=False, flipVert=False, font='Arial', fontFiles=[], height=0.05, italic=False, languageStyle='LTR', name='textCrossLetras', opacity=1, ori=0.0, pos=array([0., 0.]), rgb=UNKNOWN, text='+', units='height', win=Window(...), wrapWidth=1)
7.9677 	EXP 	Created textCrossBlanco = TextStim(__class__=<class 'psychopy.visual.text.TextStim'>, alignHoriz=method-wrapper(...), alignText='center', alignVert=method-wrapper(...), anchorHoriz='center', anchorVert='center', antialias=True, autoDraw=False, autoLog=True, bold=False, color=array([1., 1., 1.]), colorSpace='rgb', contrast=1.0, depth=0.0, draggable=False, flipHoriz=False, flipVert=False, font='Arial', fontFiles=[], height=0.05, italic=False, languageStyle='LTR', name='textCrossBlanco', opacity=1, ori=0.0, pos=array([0., 0.]), rgb=UNKNOWN, text='+', units='height', win=Window(...), wrapWidth=1)
7.9693 	EXP 	Created textCrossRespuesta = TextStim(__class__=<class 'psychopy.visual.text.TextStim'>, alignHoriz=method-wrapper(...), alignText='center', alignVert=method-wrapper(...), anchorHoriz='center', anchorVert='center', antialias=True, autoDraw=False, autoLog=True, bold=False, color=array([1., 1., 1.]), colorSpace='rgb', contrast=1.0, depth=-2.0, draggable=False, flipHoriz=False, flipVert=False, font='Arial', fontFiles=[], height=0.05, italic=False, languageStyle='LTR', name='textCrossRespuesta', opacity=1, ori=0.0, pos=array([0., 0.]), rgb=UNKNOWN, text='+', units='height', win=Window(...), wrapWidth=1)
7.9741 	EXP 	Created textThanks = TextStim(__class__=<class 'psychopy.visual.text.TextStim'>, alignHoriz=method-wrapper(...), alignText='center', alignVert=method-wrapper(...), anchorHoriz='center', anchorVert='center', antialias=True, autoDraw=False, autoLog=True, bold=False, color=array([1., 1., 1.]), colorSpace='rgb', contrast=1.0, depth=0.0, draggable=False, flipHoriz=False, flipVert=False, font='Arial', fontFiles=[], height=0.05, italic=False, languageStyle='LTR', name='textThanks', opacity=1, ori=0.0, pos=array([0., 0.]), rgb=UNKNOWN, text='Thanks!\nPress space plis.', units='height', win=Window(...), wrapWidth=1)
0.0208 	INFO 	Keyboard events cleared
0.0203 	EXP 	textWelcome: autoDraw = True
0.7117 	DEBUG 	Read excel file with openpyxl: config/config.xlsx
0.7640 	EXP 	Imported config/config.xlsx as conditions, 160 conditions, 26 params
0.7660 	EXP 	New trial (rep=0, index=0): <Trial 0 (0 in rep 0) data={'trialType': 'random', 'letter1': 'A', 'type_letter1': 'italic', 'letter2': 'F', 'type_letter2': 'italic', 'letter3': 'U', 'type_letter3': 'bold', 'letter4': 'T', 'type_letter4': 'italic', 'letter5': 'E', 'type_letter5': 'bold', 'letter6': 'M', 'type_letter6': 'italic', 'letter7': 'P', 'type_letter7': 'italic', 'letter8': 'S', 'type_letter8': 'bold', 'starPosition': 1.0, 'letterTarget': 'A', 'TypeTarget': 'italic', 'letterFoil1': 'A', 'typeFoil1': 'bold', 'letterFoil2': 'O', 'typeFoil2': 'italic', 'letterFoil3': 'O', 'typeFoil3': 'bold', 'thisN': 0, 'thisTrialN': 0, 'thisRepN': 0}>
0.7709 	EXP 	Created unnamed TextStim = TextStim(__class__=<class 'psychopy.visual.text.TextStim'>, alignHoriz=method-wrapper(...), alignText='center', alignVert=method-wrapper(...), anchorHoriz='center', anchorVert='center', antialias=True, autoDraw=False, autoLog=True, bold=False, color=array([1., 1., 1.]), colorSpace='rgb', contrast=1.0, depth=0, draggable=False, flipHoriz=False, flipVert=False, font='', fontFiles=[], height=0.1, italic=True, languageStyle='LTR', name='unnamed TextStim', opacity=1.0, ori=0.0, pos=array([0. , 0.3]), rgb=UNKNOWN, text='A', units='height', win=Window(...), wrapWidth=1)
0.7732 	EXP 	Created unnamed TextStim = TextStim(__class__=<class 'psychopy.visual.text.TextStim'>, alignHoriz=method-wrapper(...), alignText='center', alignVert=method-wrapper(...), anchorHoriz='center', anchorVert='center', antialias=True, autoDraw=False, autoLog=True, bold=False, color=array([1., 1., 1.]), colorSpace='rgb', contrast=1.0, depth=0, draggable=False, flipHoriz=False, flipVert=False, font='', fontFiles=[], height=0.1, italic=True, languageStyle='LTR', name='unnamed TextStim', opacity=1.0, ori=0.0, pos=array([0.1, 0.3]), rgb=UNKNOWN, text='F', units='height', win=Window(...), wrapWidth=1)
0.7771 	EXP 	Created unnamed TextStim = TextStim(__class__=<class 'psychopy.visual.text.TextStim'>, alignHoriz=method-wrapper(...), alignText='center', alignVert=method-wrapper(...), anchorHoriz='center', anchorVert='center', antialias=True, autoDraw=False, autoLog=True, bold=True, color=array([1., 1., 1.]), colorSpace='rgb', contrast=1.0, depth=0, draggable=False, flipHoriz=False, flipVert=False, font='', fontFiles=[], height=0.1, italic=False, languageStyle='LTR', name='unnamed TextStim', opacity=1.0, ori=0.0, pos=array([0.3, 0. ]), rgb=UNKNOWN, text='U', units='height', win=Window(...), wrapWidth=1)
0.7797 	EXP 	Created unnamed TextStim = TextStim(__class__=<class 'psychopy.visual.text.TextStim'>, alignHoriz=method-wrapper(...), alignText='center', alignVert=method-wrapper(...), anchorHoriz='center', anchorVert='center', antialias=True, autoDraw=False, autoLog=True, bold=False, color=array([1., 1., 1.]), colorSpace='rgb', contrast=1.0, depth=0, draggable=False, flipHoriz=False, flipVert=False, font='', fontFiles=[], height=0.1, italic=True, languageStyle='LTR', name='unnamed TextStim', opacity=1.0, ori=0.0, pos=array([0.4, 0. ]), rgb=UNKNOWN, text='T', units='height', win=Window(...), wrapWidth=1)
0.7822 	EXP 	Created unnamed TextStim = TextStim(__class__=<class 'psychopy.visual.text.TextStim'>, alignHoriz=method-wrapper(...), alignText='center', alignVert=method-wrapper(...), anchorHoriz='center', anchorVert='center', antialias=True, autoDraw=False, autoLog=True, bold=True, color=array([1., 1., 1.]), colorSpace='rgb', contrast=1.0, depth=0, draggable=False, flipHoriz=False, flipVert=False, font='', fontFiles=[], height=0.1, italic=False, languageStyle='LTR', name='unnamed TextStim', opacity=1.0, ori=0.0, pos=array([ 0. , -0.3]), rgb=UNKNOWN, text='E', units='height', win=Window(...), wrapWidth=1)
0.7849 	EXP 	Created unnamed TextStim = TextStim(__class__=<class 'psychopy.visual.text.TextStim'>, alignHoriz=method-wrapper(...), alignText='center', alignVert=method-wrapper(...), anchorHoriz='center', anchorVert='center', antialias=True, autoDraw=False, autoLog=True, bold=False, color=array([1., 1., 1.]), colorSpace='rgb', contrast=1.0, depth=0, draggable=False, flipHoriz=False, flipVert=False, font='', fontFiles=[], height=0.1, italic=True, languageStyle='LTR', name='unnamed TextStim', opacity=1.0, ori=0.0, pos=array([ 0.1, -0.3]), rgb=UNKNOWN, text='M', units='height', win=Window(...), wrapWidth=1)
0.7872 	EXP 	Created unnamed TextStim = TextStim(__class__=<class 'psychopy.visual.text.TextStim'>, alignHoriz=method-wrapper(...), alignText='center', alignVert=method-wrapper(...), anchorHoriz='center', anchorVert='center', antialias=True, autoDraw=False, autoLog=True, bold=False, color=array([1., 1., 1.]), colorSpace='rgb', contrast=1.0, depth=0, draggable=False, flipHoriz=False, flipVert=False, font='', fontFiles=[], height=0.1, italic=True, languageStyle='LTR', name='unnamed TextStim', opacity=1.0, ori=0.0, pos=array([-0.3,  0. ]), rgb=UNKNOWN, text='P', units='height', win=Window(...), wrapWidth=1)
0.7895 	EXP 	Created unnamed TextStim = TextStim(__class__=<class 'psychopy.visual.text.TextStim'>, alignHoriz=method-wrapper(...), alignText='center', alignVert=method-wrapper(...), anchorHoriz='center', anchorVert='center', antialias=True, autoDraw=False, autoLog=True, bold=True, color=array([1., 1., 1.]), colorSpace='rgb', contrast=1.0, depth=0, draggable=False, flipHoriz=False, flipVert=False, font='', fontFiles=[], height=0.1, italic=False, languageStyle='LTR', name='unnamed TextStim', opacity=1.0, ori=0.0, pos=array([-0.2,  0. ]), rgb=UNKNOWN, text='S', units='height', win=Window(...), wrapWidth=1)
0.7938 	DATA 	Keypress: space
0.8026 	INFO 	Keyboard events cleared
0.8021 	EXP 	textWelcome: autoDraw = False
0.8021 	EXP 	textCrossLetras: autoDraw = True
2.6857 	EXP 	textCrossLetras: autoDraw = False
2.6857 	EXP 	textCrossBlanco: autoDraw = True
3.6788 	EXP 	Created unnamed TextStim = TextStim(__class__=<class 'psychopy.visual.text.TextStim'>, alignHoriz=method-wrapper(...), alignText='center', alignVert=method-wrapper(...), anchorHoriz='center', anchorVert='center', antialias=True, autoDraw=False, autoLog=True, bold=False, color=array([1., 1., 1.]), colorSpace='rgb', contrast=1.0, depth=0, draggable=False, flipHoriz=False, flipVert=False, font='', fontFiles=[], height=0.1, italic=False, languageStyle='LTR', name='unnamed TextStim', opacity=1.0, ori=0.0, pos=array([0. , 0.3]), rgb=UNKNOWN, text='*', units='height', win=Window(...), wrapWidth=1)
3.7170 	DEBUG 	Saving data for prelearned_chunks ExperimentHandler
3.7202 	INFO 	saved data to C:\Users\italo\OneDrive\Documents\PUCP\Seminario\proyecto\psychopy\data/883682_prelearned_chunks_2025-08-15_17h54.53.156.psydat
3.7218 	INFO 	saved data to 'C:\\Users\\italo\\OneDrive\\Documents\\PUCP\\Seminario\\proyecto\\psychopy\\data/883682_prelearned_chunks_2025-08-15_17h54.53.156.csv'
